INFO: [VRFC 10-2263] Analyzing Verilog file "C:/Users/kawada/log-mel-spectrogram/log-mel-spectrogram.srcs/sources_1/imports/verilog/fft/Butterfly.v" into library xil_defaultlib
INFO: [VRFC 10-311] analyzing module Butterfly
INFO: [VRFC 10-2263] Analyzing Verilog file "C:/Users/kawada/log-mel-spectrogram/log-mel-spectrogram.srcs/sources_1/imports/verilog/fft/DelayBuffer.v" into library xil_defaultlib
INFO: [VRFC 10-311] analyzing module DelayBuffer
INFO: [VRFC 10-2263] Analyzing Verilog file "C:/Users/kawada/log-mel-spectrogram/log-mel-spectrogram.srcs/sources_1/imports/verilog/fft/FFT.v" into library xil_defaultlib
INFO: [VRFC 10-311] analyzing module FFT
INFO: [VRFC 10-2263] Analyzing Verilog file "C:/Users/kawada/log-mel-spectrogram/log-mel-spectrogram.srcs/sources_1/imports/verilog/fft/Multiply.v" into library xil_defaultlib
INFO: [VRFC 10-311] analyzing module Multiply
INFO: [VRFC 10-2263] Analyzing Verilog file "C:/Users/kawada/log-mel-spectrogram/log-mel-spectrogram.srcs/sources_1/imports/verilog/fft/SdfUnit.v" into library xil_defaultlib
INFO: [VRFC 10-311] analyzing module SdfUnit
INFO: [VRFC 10-2263] Analyzing Verilog file "C:/Users/kawada/log-mel-spectrogram/log-mel-spectrogram.srcs/sources_1/imports/verilog/fft/Twiddle.v" into library xil_defaultlib
INFO: [VRFC 10-311] analyzing module Twiddle
INFO: [VRFC 10-2263] Analyzing Verilog file "C:/Users/kawada/log-mel-spectrogram/log-mel-spectrogram.srcs/sources_1/imports/verilog/bit_reversal_count/bit_reversal_count.v" into library xil_defaultlib
INFO: [VRFC 10-311] analyzing module bit_reversal_count
INFO: [VRFC 10-2263] Analyzing Verilog file "C:/Users/kawada/log-mel-spectrogram/log-mel-spectrogram.srcs/sources_1/imports/verilog/count/count.v" into library xil_defaultlib
INFO: [VRFC 10-311] analyzing module counter
INFO: [VRFC 10-2263] Analyzing Verilog file "C:/Users/kawada/log-mel-spectrogram/log-mel-spectrogram.srcs/sources_1/imports/verilog/framing/framimg.v" into library xil_defaultlib
INFO: [VRFC 10-311] analyzing module framing
INFO: [VRFC 10-2263] Analyzing Verilog file "C:/Users/kawada/log-mel-spectrogram/log-mel-spectrogram.srcs/sources_1/imports/verilog/hann_window/hann_window.v" into library xil_defaultlib
INFO: [VRFC 10-311] analyzing module hann_window
INFO: [VRFC 10-2263] Analyzing Verilog file "C:/Users/kawada/log-mel-spectrogram/log-mel-spectrogram.srcs/sources_1/imports/verilog/hann_window/hann_window_rom.v" into library xil_defaultlib
INFO: [VRFC 10-311] analyzing module hann_window_rom
INFO: [VRFC 10-2263] Analyzing Verilog file "C:/Users/kawada/log-mel-spectrogram/log-mel-spectrogram.srcs/sources_1/imports/verilog/input_counter/input_counter.v" into library xil_defaultlib
INFO: [VRFC 10-311] analyzing module input_counter
INFO: [VRFC 10-2263] Analyzing Verilog file "C:/Users/kawada/log-mel-spectrogram/log-mel-spectrogram.srcs/sources_1/imports/verilog/log_mel.v" into library xil_defaultlib
INFO: [VRFC 10-311] analyzing module log_mel_spectrogram
INFO: [VRFC 10-2263] Analyzing Verilog file "C:/Users/kawada/log-mel-spectrogram/log-mel-spectrogram.srcs/sources_1/imports/verilog/mel_filter/mel_filter.v" into library xil_defaultlib
INFO: [VRFC 10-311] analyzing module mel_filter
INFO: [VRFC 10-2263] Analyzing Verilog file "C:/Users/kawada/log-mel-spectrogram/log-mel-spectrogram.srcs/sources_1/imports/verilog/mel_filter/mel_filter_coef.v" into library xil_defaultlib
INFO: [VRFC 10-311] analyzing module mel_filter_coef
INFO: [VRFC 10-2263] Analyzing Verilog file "C:/Users/kawada/log-mel-spectrogram/log-mel-spectrogram.srcs/sources_1/imports/verilog/select_buffer/select_buffer.v" into library xil_defaultlib
INFO: [VRFC 10-311] analyzing module select_buffer
INFO: [VRFC 10-2263] Analyzing Verilog file "C:/Users/kawada/log-mel-spectrogram/log-mel-spectrogram.srcs/sources_1/imports/verilog/squared/squared.v" into library xil_defaultlib
INFO: [VRFC 10-311] analyzing module squared
INFO: [VRFC 10-2263] Analyzing Verilog file "C:/Users/kawada/log-mel-spectrogram/log-mel-spectrogram.srcs/sim_1/imports/verilog/tb_logmel.v" into library xil_defaultlib
INFO: [VRFC 10-311] analyzing module TB
