Vivado Simulator v2022.2
Copyright 1986-1999, 2001-2022 Xilinx, Inc. All Rights Reserved.
Running: /HLS/Xilinx/Vivado/2022.2/bin/unwrapped/lnx64.o/xelab --incr --debug typical --relax --mt 8 -L xil_defaultlib -L unisims_ver -L unimacro_ver -L secureip --snapshot TB_behav xil_defaultlib.TB xil_defaultlib.glbl -log elaborate.log 
Using 8 slave threads.
Starting static elaboration
Pass Through NonSizing Optimizer
Completed static elaboration
Starting simulation data flow analysis
Completed simulation data flow analysis
Time Resolution for simulation is 1ps
Compiling module xil_defaultlib.input_counter
Compiling module xil_defaultlib.framing_default
Compiling module xil_defaultlib.hann_window_rom
Compiling module xil_defaultlib.hann_window
Compiling module xil_defaultlib.Butterfly
Compiling module xil_defaultlib.DelayBuffer(DEPTH=512)
Compiling module xil_defaultlib.DelayBuffer(DEPTH=256)
Compiling module xil_defaultlib.Twiddle
Compiling module xil_defaultlib.Multiply
Compiling module xil_defaultlib.SdfUnit_default
Compiling module xil_defaultlib.DelayBuffer(DEPTH=128)
Compiling module xil_defaultlib.DelayBuffer(DEPTH=64)
Compiling module xil_defaultlib.SdfUnit(M=256)
Compiling module xil_defaultlib.DelayBuffer
Compiling module xil_defaultlib.DelayBuffer(DEPTH=16)
Compiling module xil_defaultlib.SdfUnit(M=64)
Compiling module xil_defaultlib.DelayBuffer(DEPTH=8)
Compiling module xil_defaultlib.DelayBuffer(DEPTH=4)
Compiling module xil_defaultlib.SdfUnit(M=16)
Compiling module xil_defaultlib.DelayBuffer(DEPTH=2)
Compiling module xil_defaultlib.DelayBuffer(DEPTH=1)
Compiling module xil_defaultlib.SdfUnit(M=4)
Compiling module xil_defaultlib.FFT
Compiling module xil_defaultlib.counter
Compiling module xil_defaultlib.bit_reversal_count
Compiling module xil_defaultlib.select_buffer
Compiling module xil_defaultlib.squared
Compiling module xil_defaultlib.mel_filter_coef
Compiling module xil_defaultlib.mel_filter
Compiling module xil_defaultlib.log
Compiling module xil_defaultlib.log_mel_spectrogram
Compiling module xil_defaultlib.TB
Compiling module xil_defaultlib.glbl
Built simulation snapshot TB_behav
