Time resolution is 1 ps
WARNING: Too many words specified in data file input.txt
k=          1
k=          2
n=          0, data_o_partial    10
n=          0, data_o_partial -8187
n=          0, data_o_partial  4098
n=          0, data_o_partial  2049
n=          0, data_o_partial -7168
n=          0, data_o_partial  4608
n=          0, data_o_partial  2304
n=          0, data_o_partial  1152
n=          0, data_o_partial   576
n=          0, data_o_partial   288
n=          0, data_o_partial   144
n=          0, data_o_partial    72
n=          0, data_o_partial    36
n=          0, data_o_partial    18
n=          0, data_o_partial     9
n=          0, data_o_partial -8188
n=          0, data_o_partial -4094
n=          0, data_o_partial -2047
n=          0, data_o_partial  7168
n=          0, data_o_partial  3584
n=          0, data_o_partial  1792
n=          0, data_o_partial   896
n=          0, data_o_partial   448
n=          0, data_o_partial   224
n=          0, data_o_partial   112
n=          0, data_o_partial    56
n=          0, data_o_partial    28
n=          0, data_o_partial    14
n=          0, data_o_partial     7
n=          0, data_o_partial -8189
n=          0, data_o_partial -4095
n=          0, data_o_partial -2048
n=          0, data_o_partial  7168
n=          0, data_o_partial  3584
n=          0, data_o_partial  1792
n=          0, data_o_partial   896
n=          0, data_o_partial   448
n=          0, data_o_partial   224
n=          0, data_o_partial   112
n=          0, data_o_partial    56
n=          0, data_o_partial    28
n=          0, data_o_partial    14
n=          0, data_o_partial     7
n=          0, data_o_partial -8189
n=          0, data_o_partial -4095
n=          0, data_o_partial -2048
n=          0, data_o_partial  7168
n=          0, data_o_partial  3584
n=          0, data_o_partial  1792
n=          0, data_o_partial   896
n=          0, data_o_partial   448
n=          0, data_o_partial   224
n=          0, data_o_partial   112
n=          0, data_o_partial    56
n=          0, data_o_partial    28
n=          0, data_o_partial    14
n=          0, data_o_partial     7
n=          0, data_o_partial -8189
n=          0, data_o_partial -4095
n=          0, data_o_partial -2048
n=          0, data_o_partial  7168
n=          0, data_o_partial  3584
n=          0, data_o_partial  1792
n=          0, data_o_partial   896
-----
k=          3
n=          1, data_o_partial   704
n=          1, data_o_partial   352
n=          1, data_o_partial   176
n=          1, data_o_partial    88
n=          1, data_o_partial    44
n=          1, data_o_partial    22
n=          1, data_o_partial    11
n=          1, data_o_partial     5
n=          1, data_o_partial -8190
n=          1, data_o_partial  4097
n=          1, data_o_partial -6144
n=          1, data_o_partial  5120
n=          1, data_o_partial  2560
n=          1, data_o_partial  1280
n=          1, data_o_partial   640
n=          1, data_o_partial   320
n=          1, data_o_partial   160
n=          1, data_o_partial    80
n=          1, data_o_partial    40
n=          1, data_o_partial    20
n=          1, data_o_partial    10
n=          1, data_o_partial     5
n=          1, data_o_partial -8190
n=          1, data_o_partial  4097
n=          1, data_o_partial -6144
n=          1, data_o_partial  5120
n=          1, data_o_partial  2560
n=          1, data_o_partial  1280
n=          1, data_o_partial   640
n=          1, data_o_partial   320
n=          1, data_o_partial   160
n=          1, data_o_partial    80
n=          1, data_o_partial    40
n=          1, data_o_partial    20
n=          1, data_o_partial    10
n=          1, data_o_partial     5
n=          1, data_o_partial -8190
n=          1, data_o_partial  4097
n=          1, data_o_partial -6144
n=          1, data_o_partial  5120
n=          1, data_o_partial  2560
n=          1, data_o_partial  1280
n=          1, data_o_partial   640
n=          1, data_o_partial   320
n=          1, data_o_partial   160
n=          1, data_o_partial    80
n=          1, data_o_partial    40
n=          1, data_o_partial    20
n=          1, data_o_partial    10
n=          1, data_o_partial     5
n=          1, data_o_partial -8190
n=          1, data_o_partial  4097
n=          1, data_o_partial -6144
n=          1, data_o_partial  5120
n=          1, data_o_partial  2560
n=          1, data_o_partial  1280
n=          1, data_o_partial   640
n=          1, data_o_partial   320
n=          1, data_o_partial   160
n=          1, data_o_partial    80
n=          1, data_o_partial    40
n=          1, data_o_partial    20
n=          1, data_o_partial    10
n=          1, data_o_partial -8187
-----
k=          4
n=          2, data_o_partial -4094
n=          2, data_o_partial -2047
n=          2, data_o_partial  7168
n=          2, data_o_partial  3584
n=          2, data_o_partial  1792
n=          2, data_o_partial   896
n=          2, data_o_partial   448
n=          2, data_o_partial   224
n=          2, data_o_partial   112
n=          2, data_o_partial    56
n=          2, data_o_partial    28
n=          2, data_o_partial    14
n=          2, data_o_partial     7
n=          2, data_o_partial -8189
n=          2, data_o_partial  4097
n=          2, data_o_partial  2048
n=          2, data_o_partial -7168
n=          2, data_o_partial  4608
n=          2, data_o_partial  2304
n=          2, data_o_partial  1152
n=          2, data_o_partial   576
n=          2, data_o_partial   288
n=          2, data_o_partial   144
n=          2, data_o_partial    72
n=          2, data_o_partial    36
n=          2, data_o_partial    18
n=          2, data_o_partial     9
n=          2, data_o_partial -8188
n=          2, data_o_partial -4094
n=          2, data_o_partial -2047
n=          2, data_o_partial  7168
n=          2, data_o_partial  3584
n=          2, data_o_partial  1792
n=          2, data_o_partial   896
n=          2, data_o_partial   448
n=          2, data_o_partial   224
n=          2, data_o_partial   112
n=          2, data_o_partial    56
n=          2, data_o_partial    28
n=          2, data_o_partial    14
n=          2, data_o_partial     7
n=          2, data_o_partial -8189
n=          2, data_o_partial -4095
n=          2, data_o_partial -2048
n=          2, data_o_partial -1024
n=          2, data_o_partial  7680
n=          2, data_o_partial  3840
n=          2, data_o_partial  1920
n=          2, data_o_partial   960
n=          2, data_o_partial   480
n=          2, data_o_partial   240
n=          2, data_o_partial   120
n=          2, data_o_partial    60
n=          2, data_o_partial    30
n=          2, data_o_partial    15
n=          2, data_o_partial -8185
n=          2, data_o_partial -4093
n=          2, data_o_partial -2047
n=          2, data_o_partial -1024
n=          2, data_o_partial  7680
n=          2, data_o_partial  3840
n=          2, data_o_partial  1920
n=          2, data_o_partial   960
n=          2, data_o_partial   480
-----
k=          5
n=          3, data_o_partial   208
n=          3, data_o_partial   104
n=          3, data_o_partial    52
n=          3, data_o_partial    26
n=          3, data_o_partial    13
n=          3, data_o_partial     6
n=          3, data_o_partial     3
n=          3, data_o_partial     1
n=          3, data_o_partial -8192
n=          3, data_o_partial  4096
n=          3, data_o_partial  2048
n=          3, data_o_partial  1024
n=          3, data_o_partial   512
n=          3, data_o_partial   256
n=          3, data_o_partial   128
n=          3, data_o_partial    64
n=          3, data_o_partial    32
n=          3, data_o_partial    16
n=          3, data_o_partial     8
n=          3, data_o_partial -8188
n=          3, data_o_partial -4094
n=          3, data_o_partial -2047
n=          3, data_o_partial  7168
n=          3, data_o_partial  3584
n=          3, data_o_partial  1792
n=          3, data_o_partial   896
n=          3, data_o_partial   448
n=          3, data_o_partial   224
n=          3, data_o_partial   112
n=          3, data_o_partial    56
n=          3, data_o_partial    28
n=          3, data_o_partial    14
n=          3, data_o_partial     7
n=          3, data_o_partial -8189
n=          3, data_o_partial -4095
n=          3, data_o_partial -2048
n=          3, data_o_partial  7168
n=          3, data_o_partial  3584
n=          3, data_o_partial  1792
n=          3, data_o_partial   896
n=          3, data_o_partial   448
n=          3, data_o_partial   224
n=          3, data_o_partial   112
n=          3, data_o_partial    56
n=          3, data_o_partial    28
n=          3, data_o_partial    14
n=          3, data_o_partial     7
n=          3, data_o_partial     3
n=          3, data_o_partial     1
n=          3, data_o_partial     0
n=          3, data_o_partial -8192
n=          3, data_o_partial  4096
n=          3, data_o_partial  2048
n=          3, data_o_partial  1024
n=          3, data_o_partial   512
n=          3, data_o_partial   256
n=          3, data_o_partial   128
n=          3, data_o_partial    64
n=          3, data_o_partial    32
n=          3, data_o_partial    16
n=          3, data_o_partial     8
n=          3, data_o_partial -8188
n=          3, data_o_partial  4098
n=          3, data_o_partial  2049
-----
k=          6
n=          4, data_o_partial  7168
n=          4, data_o_partial  3584
n=          4, data_o_partial  1792
n=          4, data_o_partial   896
n=          4, data_o_partial   448
n=          4, data_o_partial   224
n=          4, data_o_partial   112
n=          4, data_o_partial    56
n=          4, data_o_partial    28
n=          4, data_o_partial    14
n=          4, data_o_partial     7
n=          4, data_o_partial -8189
n=          4, data_o_partial -4095
n=          4, data_o_partial -2048
n=          4, data_o_partial  7168
n=          4, data_o_partial  3584
n=          4, data_o_partial  1792
n=          4, data_o_partial   896
n=          4, data_o_partial   448
n=          4, data_o_partial   224
n=          4, data_o_partial   112
n=          4, data_o_partial    56
n=          4, data_o_partial    28
n=          4, data_o_partial    14
n=          4, data_o_partial     7
n=          4, data_o_partial -8189
n=          4, data_o_partial -4095
n=          4, data_o_partial -2048
n=          4, data_o_partial  7168
n=          4, data_o_partial  3584
n=          4, data_o_partial  1792
n=          4, data_o_partial   896
n=          4, data_o_partial   448
n=          4, data_o_partial   224
n=          4, data_o_partial   112
n=          4, data_o_partial    56
n=          4, data_o_partial    28
n=          4, data_o_partial    14
n=          4, data_o_partial     7
n=          4, data_o_partial -8189
n=          4, data_o_partial -4095
n=          4, data_o_partial -2048
n=          4, data_o_partial  7168
n=          4, data_o_partial  3584
n=          4, data_o_partial  1792
n=          4, data_o_partial   896
n=          4, data_o_partial   448
n=          4, data_o_partial   224
n=          4, data_o_partial   112
n=          4, data_o_partial    56
n=          4, data_o_partial    28
n=          4, data_o_partial    14
n=          4, data_o_partial     7
n=          4, data_o_partial -8189
n=          4, data_o_partial -4095
n=          4, data_o_partial -2048
n=          4, data_o_partial  7168
n=          4, data_o_partial  3584
n=          4, data_o_partial  1792
n=          4, data_o_partial   896
n=          4, data_o_partial   448
n=          4, data_o_partial   224
n=          4, data_o_partial   112
n=          4, data_o_partial    56
-----
k=          7
n=          5, data_o_partial    36
n=          5, data_o_partial    18
n=          5, data_o_partial     9
n=          5, data_o_partial     4
n=          5, data_o_partial     2
n=          5, data_o_partial     1
n=          5, data_o_partial -8192
n=          5, data_o_partial  4096
n=          5, data_o_partial  2048
n=          5, data_o_partial  1024
n=          5, data_o_partial   512
n=          5, data_o_partial   256
n=          5, data_o_partial   128
n=          5, data_o_partial    64
n=          5, data_o_partial    32
n=          5, data_o_partial    16
n=          5, data_o_partial     8
n=          5, data_o_partial     4
n=          5, data_o_partial     2
n=          5, data_o_partial     1
n=          5, data_o_partial -8192
n=          5, data_o_partial  4096
n=          5, data_o_partial  2048
n=          5, data_o_partial  1024
n=          5, data_o_partial   512
n=          5, data_o_partial   256
n=          5, data_o_partial   128
n=          5, data_o_partial    64
n=          5, data_o_partial    32
n=          5, data_o_partial    16
n=          5, data_o_partial     8
n=          5, data_o_partial -8188
n=          5, data_o_partial  4098
n=          5, data_o_partial  2049
n=          5, data_o_partial -7168
n=          5, data_o_partial  4608
n=          5, data_o_partial  2304
n=          5, data_o_partial  1152
n=          5, data_o_partial   576
n=          5, data_o_partial   288
n=          5, data_o_partial   144
n=          5, data_o_partial    72
n=          5, data_o_partial    36
n=          5, data_o_partial    18
n=          5, data_o_partial     9
n=          5, data_o_partial -8188
n=          5, data_o_partial  4098
n=          5, data_o_partial  2049
n=          5, data_o_partial -7168
n=          5, data_o_partial  4608
n=          5, data_o_partial  2304
n=          5, data_o_partial  1152
n=          5, data_o_partial   576
n=          5, data_o_partial   288
n=          5, data_o_partial   144
n=          5, data_o_partial    72
n=          5, data_o_partial    36
n=          5, data_o_partial    18
n=          5, data_o_partial     9
n=          5, data_o_partial     4
n=          5, data_o_partial     2
n=          5, data_o_partial     1
n=          5, data_o_partial -8192
n=          5, data_o_partial  4096
-----
k=          8
n=          6, data_o_partial  3584
n=          6, data_o_partial  1792
n=          6, data_o_partial   896
n=          6, data_o_partial   448
n=          6, data_o_partial   224
n=          6, data_o_partial   112
n=          6, data_o_partial    56
n=          6, data_o_partial    28
n=          6, data_o_partial    14
n=          6, data_o_partial     7
n=          6, data_o_partial     3
n=          6, data_o_partial -8191
n=          6, data_o_partial -4096
n=          6, data_o_partial  6144
n=          6, data_o_partial  3072
n=          6, data_o_partial  1536
n=          6, data_o_partial   768
n=          6, data_o_partial   384
n=          6, data_o_partial   192
n=          6, data_o_partial    96
n=          6, data_o_partial    48
n=          6, data_o_partial    24
n=          6, data_o_partial    12
n=          6, data_o_partial     6
n=          6, data_o_partial     3
n=          6, data_o_partial     1
n=          6, data_o_partial -8192
n=          6, data_o_partial  4096
n=          6, data_o_partial  2048
n=          6, data_o_partial  1024
n=          6, data_o_partial   512
n=          6, data_o_partial   256
n=          6, data_o_partial   128
n=          6, data_o_partial    64
n=          6, data_o_partial    32
n=          6, data_o_partial    16
n=          6, data_o_partial     8
n=          6, data_o_partial -8188
n=          6, data_o_partial  4098
n=          6, data_o_partial  2049
n=          6, data_o_partial -7168
n=          6, data_o_partial  4608
n=          6, data_o_partial  2304
n=          6, data_o_partial  1152
n=          6, data_o_partial   576
n=          6, data_o_partial   288
n=          6, data_o_partial   144
n=          6, data_o_partial    72
n=          6, data_o_partial    36
n=          6, data_o_partial    18
n=          6, data_o_partial     9
n=          6, data_o_partial -8188
n=          6, data_o_partial -4094
n=          6, data_o_partial -2047
n=          6, data_o_partial  7168
n=          6, data_o_partial  3584
n=          6, data_o_partial  1792
n=          6, data_o_partial   896
n=          6, data_o_partial   448
n=          6, data_o_partial   224
n=          6, data_o_partial   112
n=          6, data_o_partial    56
n=          6, data_o_partial    28
n=          6, data_o_partial    14
-----
k=          9
n=          7, data_o_partial     8
n=          7, data_o_partial     4
n=          7, data_o_partial -8190
n=          7, data_o_partial  4097
n=          7, data_o_partial -6144
n=          7, data_o_partial  5120
n=          7, data_o_partial  2560
n=          7, data_o_partial  1280
n=          7, data_o_partial   640
n=          7, data_o_partial   320
n=          7, data_o_partial   160
n=          7, data_o_partial    80
n=          7, data_o_partial    40
n=          7, data_o_partial    20
n=          7, data_o_partial    10
n=          7, data_o_partial     5
n=          7, data_o_partial -8190
n=          7, data_o_partial  4097
n=          7, data_o_partial -6144
n=          7, data_o_partial  5120
n=          7, data_o_partial  2560
n=          7, data_o_partial  1280
n=          7, data_o_partial   640
n=          7, data_o_partial   320
n=          7, data_o_partial   160
n=          7, data_o_partial    80
n=          7, data_o_partial    40
n=          7, data_o_partial    20
n=          7, data_o_partial    10
n=          7, data_o_partial     5
n=          7, data_o_partial -8190
n=          7, data_o_partial  4097
n=          7, data_o_partial -6144
n=          7, data_o_partial  5120
n=          7, data_o_partial  2560
n=          7, data_o_partial  1280
n=          7, data_o_partial   640
n=          7, data_o_partial   320
n=          7, data_o_partial   160
n=          7, data_o_partial    80
n=          7, data_o_partial    40
n=          7, data_o_partial    20
n=          7, data_o_partial    10
n=          7, data_o_partial     5
n=          7, data_o_partial     2
n=          7, data_o_partial     1
n=          7, data_o_partial -8192
n=          7, data_o_partial  4096
n=          7, data_o_partial  2048
n=          7, data_o_partial  1024
n=          7, data_o_partial   512
n=          7, data_o_partial   256
n=          7, data_o_partial   128
n=          7, data_o_partial    64
n=          7, data_o_partial    32
n=          7, data_o_partial    16
n=          7, data_o_partial     8
n=          7, data_o_partial -8188
n=          7, data_o_partial -4094
n=          7, data_o_partial -2047
n=          7, data_o_partial  7168
n=          7, data_o_partial  3584
n=          7, data_o_partial  1792
n=          7, data_o_partial   896
-----
k=         10
n=          8, data_o_partial   448
n=          8, data_o_partial   224
n=          8, data_o_partial   112
n=          8, data_o_partial    56
n=          8, data_o_partial    28
n=          8, data_o_partial    14
n=          8, data_o_partial     7
n=          8, data_o_partial -8189
n=          8, data_o_partial -4095
n=          8, data_o_partial -2048
n=          8, data_o_partial  7168
n=          8, data_o_partial  3584
n=          8, data_o_partial  1792
n=          8, data_o_partial   896
n=          8, data_o_partial   448
n=          8, data_o_partial   224
n=          8, data_o_partial   112
n=          8, data_o_partial    56
n=          8, data_o_partial    28
n=          8, data_o_partial    14
n=          8, data_o_partial     7
n=          8, data_o_partial -8189
n=          8, data_o_partial -4095
n=          8, data_o_partial -2048
n=          8, data_o_partial  7168
n=          8, data_o_partial  3584
n=          8, data_o_partial  1792
n=          8, data_o_partial   896
n=          8, data_o_partial   448
n=          8, data_o_partial   224
n=          8, data_o_partial   112
n=          8, data_o_partial    56
n=          8, data_o_partial    28
n=          8, data_o_partial    14
n=          8, data_o_partial     7
n=          8, data_o_partial -8189
n=          8, data_o_partial -4095
n=          8, data_o_partial -2048
n=          8, data_o_partial  7168
n=          8, data_o_partial  3584
n=          8, data_o_partial  1792
n=          8, data_o_partial   896
n=          8, data_o_partial   448
n=          8, data_o_partial   224
n=          8, data_o_partial   112
n=          8, data_o_partial    56
n=          8, data_o_partial    28
n=          8, data_o_partial    14
n=          8, data_o_partial     7
n=          8, data_o_partial -8189
n=          8, data_o_partial -4095
n=          8, data_o_partial -2048
n=          8, data_o_partial  7168
n=          8, data_o_partial  3584
n=          8, data_o_partial  1792
n=          8, data_o_partial   896
n=          8, data_o_partial   448
n=          8, data_o_partial   224
n=          8, data_o_partial   112
n=          8, data_o_partial    56
n=          8, data_o_partial    28
n=          8, data_o_partial    14
n=          8, data_o_partial     7
n=          8, data_o_partial -8189
-----
k=         11
n=          9, data_o_partial -4095
n=          9, data_o_partial -2048
n=          9, data_o_partial  7168
n=          9, data_o_partial  3584
n=          9, data_o_partial  1792
n=          9, data_o_partial   896
n=          9, data_o_partial   448
n=          9, data_o_partial   224
n=          9, data_o_partial   112
n=          9, data_o_partial    56
n=          9, data_o_partial    28
n=          9, data_o_partial    14
n=          9, data_o_partial     7
n=          9, data_o_partial     3
n=          9, data_o_partial -8191
n=          9, data_o_partial  4096
n=          9, data_o_partial -6144
n=          9, data_o_partial  5120
n=          9, data_o_partial  2560
n=          9, data_o_partial  1280
n=          9, data_o_partial   640
n=          9, data_o_partial   320
n=          9, data_o_partial   160
n=          9, data_o_partial    80
n=          9, data_o_partial    40
n=          9, data_o_partial    20
n=          9, data_o_partial    10
n=          9, data_o_partial -8187
n=          9, data_o_partial  4098
n=          9, data_o_partial  2049
n=          9, data_o_partial -7168
n=          9, data_o_partial  4608
n=          9, data_o_partial  2304
n=          9, data_o_partial  1152
n=          9, data_o_partial   576
n=          9, data_o_partial   288
n=          9, data_o_partial   144
n=          9, data_o_partial    72
n=          9, data_o_partial    36
n=          9, data_o_partial    18
n=          9, data_o_partial     9
n=          9, data_o_partial -8188
n=          9, data_o_partial -4094
n=          9, data_o_partial -2047
n=          9, data_o_partial  7168
n=          9, data_o_partial  3584
n=          9, data_o_partial  1792
n=          9, data_o_partial   896
n=          9, data_o_partial   448
n=          9, data_o_partial   224
n=          9, data_o_partial   112
n=          9, data_o_partial    56
n=          9, data_o_partial    28
n=          9, data_o_partial    14
n=          9, data_o_partial     7
n=          9, data_o_partial -8189
n=          9, data_o_partial -4095
n=          9, data_o_partial -2048
n=          9, data_o_partial  7168
n=          9, data_o_partial  3584
n=          9, data_o_partial  1792
n=          9, data_o_partial   896
n=          9, data_o_partial   448
n=          9, data_o_partial   224
-----
k=         12
n=         10, data_o_partial   112
n=         10, data_o_partial    56
n=         10, data_o_partial    28
n=         10, data_o_partial    14
n=         10, data_o_partial     7
n=         10, data_o_partial -8189
n=         10, data_o_partial -4095
n=         10, data_o_partial -2048
n=         10, data_o_partial  7168
n=         10, data_o_partial  3584
n=         10, data_o_partial  1792
n=         10, data_o_partial   896
n=         10, data_o_partial   448
n=         10, data_o_partial   224
n=         10, data_o_partial   112
n=         10, data_o_partial    56
n=         10, data_o_partial    28
n=         10, data_o_partial    14
n=         10, data_o_partial     7
n=         10, data_o_partial -8189
n=         10, data_o_partial -4095
n=         10, data_o_partial -2048
n=         10, data_o_partial  7168
n=         10, data_o_partial  3584
n=         10, data_o_partial  1792
n=         10, data_o_partial   896
n=         10, data_o_partial   448
n=         10, data_o_partial   224
n=         10, data_o_partial   112
n=         10, data_o_partial    56
n=         10, data_o_partial    28
n=         10, data_o_partial    14
n=         10, data_o_partial     7
n=         10, data_o_partial     3
n=         10, data_o_partial     1
n=         10, data_o_partial     0
n=         10, data_o_partial -8192
n=         10, data_o_partial  4096
n=         10, data_o_partial  2048
n=         10, data_o_partial  1024
n=         10, data_o_partial   512
n=         10, data_o_partial   256
n=         10, data_o_partial   128
n=         10, data_o_partial    64
n=         10, data_o_partial    32
n=         10, data_o_partial    16
n=         10, data_o_partial     8
n=         10, data_o_partial -8188
n=         10, data_o_partial -4094
n=         10, data_o_partial -2047
n=         10, data_o_partial  7168
n=         10, data_o_partial  3584
n=         10, data_o_partial  1792
n=         10, data_o_partial   896
n=         10, data_o_partial   448
n=         10, data_o_partial   224
n=         10, data_o_partial   112
n=         10, data_o_partial    56
n=         10, data_o_partial    28
n=         10, data_o_partial    14
n=         10, data_o_partial     7
n=         10, data_o_partial -8189
n=         10, data_o_partial -4095
n=         10, data_o_partial -2048
-----
k=         13
n=         11, data_o_partial  7168
n=         11, data_o_partial  3584
n=         11, data_o_partial  1792
n=         11, data_o_partial   896
n=         11, data_o_partial   448
n=         11, data_o_partial   224
n=         11, data_o_partial   112
n=         11, data_o_partial    56
n=         11, data_o_partial    28
n=         11, data_o_partial    14
n=         11, data_o_partial     7
n=         11, data_o_partial -8189
n=         11, data_o_partial -4095
n=         11, data_o_partial -2048
n=         11, data_o_partial  7168
n=         11, data_o_partial  3584
n=         11, data_o_partial  1792
n=         11, data_o_partial   896
n=         11, data_o_partial   448
n=         11, data_o_partial   224
n=         11, data_o_partial   112
n=         11, data_o_partial    56
n=         11, data_o_partial    28
n=         11, data_o_partial    14
n=         11, data_o_partial     7
n=         11, data_o_partial -8189
n=         11, data_o_partial -4095
n=         11, data_o_partial -2048
n=         11, data_o_partial  7168
n=         11, data_o_partial  3584
n=         11, data_o_partial  1792
n=         11, data_o_partial   896
n=         11, data_o_partial   448
n=         11, data_o_partial   224
n=         11, data_o_partial   112
n=         11, data_o_partial    56
n=         11, data_o_partial    28
n=         11, data_o_partial    14
n=         11, data_o_partial     7
n=         11, data_o_partial -8189
n=         11, data_o_partial -4095
n=         11, data_o_partial -2048
n=         11, data_o_partial  7168
n=         11, data_o_partial  3584
n=         11, data_o_partial  1792
n=         11, data_o_partial   896
n=         11, data_o_partial   448
n=         11, data_o_partial   224
n=         11, data_o_partial   112
n=         11, data_o_partial    56
n=         11, data_o_partial    28
n=         11, data_o_partial    14
n=         11, data_o_partial     7
n=         11, data_o_partial -8189
n=         11, data_o_partial -4095
n=         11, data_o_partial -2048
n=         11, data_o_partial  7168
n=         11, data_o_partial  3584
n=         11, data_o_partial  1792
n=         11, data_o_partial   896
n=         11, data_o_partial   448
n=         11, data_o_partial   224
n=         11, data_o_partial   112
n=         11, data_o_partial    56
-----
k=         14
n=         12, data_o_partial    40
n=         12, data_o_partial    20
n=         12, data_o_partial    10
n=         12, data_o_partial -8187
n=         12, data_o_partial -4094
n=         12, data_o_partial -2047
n=         12, data_o_partial  7168
n=         12, data_o_partial  3584
n=         12, data_o_partial  1792
n=         12, data_o_partial   896
n=         12, data_o_partial   448
n=         12, data_o_partial   224
n=         12, data_o_partial   112
n=         12, data_o_partial    56
n=         12, data_o_partial    28
n=         12, data_o_partial    14
n=         12, data_o_partial     7
n=         12, data_o_partial -8189
n=         12, data_o_partial -4095
n=         12, data_o_partial -2048
n=         12, data_o_partial  7168
n=         12, data_o_partial  3584
n=         12, data_o_partial  1792
n=         12, data_o_partial   896
n=         12, data_o_partial   448
n=         12, data_o_partial   224
n=         12, data_o_partial   112
n=         12, data_o_partial    56
n=         12, data_o_partial    28
n=         12, data_o_partial    14
n=         12, data_o_partial     7
n=         12, data_o_partial -8189
n=         12, data_o_partial -4095
n=         12, data_o_partial -2048
n=         12, data_o_partial  7168
n=         12, data_o_partial  3584
n=         12, data_o_partial  1792
n=         12, data_o_partial   896
n=         12, data_o_partial   448
n=         12, data_o_partial   224
n=         12, data_o_partial   112
n=         12, data_o_partial    56
n=         12, data_o_partial    28
n=         12, data_o_partial    14
n=         12, data_o_partial     7
n=         12, data_o_partial -8189
n=         12, data_o_partial -4095
n=         12, data_o_partial -2048
n=         12, data_o_partial  7168
n=         12, data_o_partial  3584
n=         12, data_o_partial  1792
n=         12, data_o_partial   896
n=         12, data_o_partial   448
n=         12, data_o_partial   224
n=         12, data_o_partial   112
n=         12, data_o_partial    56
n=         12, data_o_partial    28
n=         12, data_o_partial    14
n=         12, data_o_partial     7
n=         12, data_o_partial -8189
n=         12, data_o_partial -4095
n=         12, data_o_partial -2048
n=         12, data_o_partial  7168
n=         12, data_o_partial  3584
-----
k=         15
n=         13, data_o_partial  1792
n=         13, data_o_partial   896
n=         13, data_o_partial   448
n=         13, data_o_partial   224
n=         13, data_o_partial   112
n=         13, data_o_partial    56
n=         13, data_o_partial    28
n=         13, data_o_partial    14
n=         13, data_o_partial     7
n=         13, data_o_partial -8189
n=         13, data_o_partial -4095
n=         13, data_o_partial -2048
n=         13, data_o_partial  7168
n=         13, data_o_partial  3584
n=         13, data_o_partial  1792
n=         13, data_o_partial   896
n=         13, data_o_partial   448
n=         13, data_o_partial   224
n=         13, data_o_partial   112
n=         13, data_o_partial    56
n=         13, data_o_partial    28
n=         13, data_o_partial    14
n=         13, data_o_partial     7
n=         13, data_o_partial -8189
n=         13, data_o_partial -4095
n=         13, data_o_partial -2048
n=         13, data_o_partial  7168
n=         13, data_o_partial  3584
n=         13, data_o_partial  1792
n=         13, data_o_partial   896
n=         13, data_o_partial   448
n=         13, data_o_partial   224
n=         13, data_o_partial   112
n=         13, data_o_partial    56
n=         13, data_o_partial    28
n=         13, data_o_partial    14
n=         13, data_o_partial     7
n=         13, data_o_partial     3
n=         13, data_o_partial     1
n=         13, data_o_partial     0
n=         13, data_o_partial -8192
n=         13, data_o_partial  4096
n=         13, data_o_partial  2048
n=         13, data_o_partial  1024
n=         13, data_o_partial   512
n=         13, data_o_partial   256
n=         13, data_o_partial   128
n=         13, data_o_partial    64
n=         13, data_o_partial    32
n=         13, data_o_partial    16
n=         13, data_o_partial     8
n=         13, data_o_partial     X
n=         13, data_o_partial     X
n=         13, data_o_partial     X
n=         13, data_o_partial     X
n=         13, data_o_partial     X
n=         13, data_o_partial     X
n=         13, data_o_partial     X
n=         13, data_o_partial     X
n=         13, data_o_partial     X
n=         13, data_o_partial     X
n=         13, data_o_partial     X
n=         13, data_o_partial     X
n=         13, data_o_partial     X
-----
k=         16
n=         14, data_o_partial     x
n=         14, data_o_partial     x
n=         14, data_o_partial     x
n=         14, data_o_partial     x
n=         14, data_o_partial     x
n=         14, data_o_partial     x
n=         14, data_o_partial     x
n=         14, data_o_partial     x
n=         14, data_o_partial     x
n=         14, data_o_partial     x
n=         14, data_o_partial     x
n=         14, data_o_partial     x
n=         14, data_o_partial     x
n=         14, data_o_partial     x
n=         14, data_o_partial     x
n=         14, data_o_partial     x
n=         14, data_o_partial     x
n=         14, data_o_partial     x
n=         14, data_o_partial     x
n=         14, data_o_partial     x
n=         14, data_o_partial     x
n=         14, data_o_partial     x
n=         14, data_o_partial     x
n=         14, data_o_partial     x
n=         14, data_o_partial     x
n=         14, data_o_partial     x
n=         14, data_o_partial     x
n=         14, data_o_partial     x
n=         14, data_o_partial     x
n=         14, data_o_partial     x
n=         14, data_o_partial     x
n=         14, data_o_partial     x
n=         14, data_o_partial     x
n=         14, data_o_partial     x
n=         14, data_o_partial     x
n=         14, data_o_partial     x
n=         14, data_o_partial     x
n=         14, data_o_partial     x
n=         14, data_o_partial     x
n=         14, data_o_partial     x
n=         14, data_o_partial     x
n=         14, data_o_partial     x
n=         14, data_o_partial     x
n=         14, data_o_partial     x
n=         14, data_o_partial     x
n=         14, data_o_partial     x
n=         14, data_o_partial     x
n=         14, data_o_partial     x
n=         14, data_o_partial     x
n=         14, data_o_partial     x
n=         14, data_o_partial     x
n=         14, data_o_partial     x
n=         14, data_o_partial     x
n=         14, data_o_partial     x
n=         14, data_o_partial     x
n=         14, data_o_partial     x
n=         14, data_o_partial     x
n=         14, data_o_partial     x
n=         14, data_o_partial     x
n=         14, data_o_partial     x
n=         14, data_o_partial     x
n=         14, data_o_partial     x
n=         14, data_o_partial     x
n=         14, data_o_partial     x
-----
k=         17
n=         15, data_o_partial     x
n=         15, data_o_partial     x
n=         15, data_o_partial     x
n=         15, data_o_partial     x
n=         15, data_o_partial     x
n=         15, data_o_partial     x
n=         15, data_o_partial     x
n=         15, data_o_partial     x
n=         15, data_o_partial     x
n=         15, data_o_partial     x
n=         15, data_o_partial     x
n=         15, data_o_partial     x
n=         15, data_o_partial     x
n=         15, data_o_partial     x
n=         15, data_o_partial     x
n=         15, data_o_partial     x
n=         15, data_o_partial     x
n=         15, data_o_partial     x
n=         15, data_o_partial     x
n=         15, data_o_partial     x
n=         15, data_o_partial     x
n=         15, data_o_partial     x
n=         15, data_o_partial     x
n=         15, data_o_partial     x
n=         15, data_o_partial     x
n=         15, data_o_partial     x
n=         15, data_o_partial     x
n=         15, data_o_partial     x
n=         15, data_o_partial     x
n=         15, data_o_partial     x
n=         15, data_o_partial     x
n=         15, data_o_partial     x
n=         15, data_o_partial     x
n=         15, data_o_partial     x
n=         15, data_o_partial     x
n=         15, data_o_partial     x
n=         15, data_o_partial     x
n=         15, data_o_partial     x
n=         15, data_o_partial     x
n=         15, data_o_partial     x
n=         15, data_o_partial     x
n=         15, data_o_partial     x
n=         15, data_o_partial     x
n=         15, data_o_partial     x
n=         15, data_o_partial     x
n=         15, data_o_partial     x
n=         15, data_o_partial     x
n=         15, data_o_partial     x
n=         15, data_o_partial     x
n=         15, data_o_partial     x
n=         15, data_o_partial     x
n=         15, data_o_partial     x
n=         15, data_o_partial     x
n=         15, data_o_partial     x
n=         15, data_o_partial     x
n=         15, data_o_partial     x
n=         15, data_o_partial     x
n=         15, data_o_partial     x
n=         15, data_o_partial     x
n=         15, data_o_partial     x
n=         15, data_o_partial     x
n=         15, data_o_partial     x
n=         15, data_o_partial     x
n=         15, data_o_partial     x
-----
k=         18
n=         16, data_o_partial     x
n=         16, data_o_partial     x
n=         16, data_o_partial     x
n=         16, data_o_partial     x
n=         16, data_o_partial     x
n=         16, data_o_partial     x
n=         16, data_o_partial     x
n=         16, data_o_partial     x
n=         16, data_o_partial     x
n=         16, data_o_partial     x
n=         16, data_o_partial     x
n=         16, data_o_partial     x
n=         16, data_o_partial     x
n=         16, data_o_partial     x
n=         16, data_o_partial     x
n=         16, data_o_partial     x
n=         16, data_o_partial     x
n=         16, data_o_partial     x
n=         16, data_o_partial     x
n=         16, data_o_partial     x
n=         16, data_o_partial     x
n=         16, data_o_partial     x
n=         16, data_o_partial     x
n=         16, data_o_partial     x
n=         16, data_o_partial     x
n=         16, data_o_partial     x
n=         16, data_o_partial     x
n=         16, data_o_partial     x
n=         16, data_o_partial     x
n=         16, data_o_partial     x
n=         16, data_o_partial     x
n=         16, data_o_partial     x
n=         16, data_o_partial     x
n=         16, data_o_partial     x
n=         16, data_o_partial     x
n=         16, data_o_partial     x
n=         16, data_o_partial     x
n=         16, data_o_partial     x
n=         16, data_o_partial     x
n=         16, data_o_partial     x
n=         16, data_o_partial     x
n=         16, data_o_partial     x
n=         16, data_o_partial     x
n=         16, data_o_partial     x
n=         16, data_o_partial     x
n=         16, data_o_partial     x
n=         16, data_o_partial     x
n=         16, data_o_partial     x
n=         16, data_o_partial     x
n=         16, data_o_partial     x
n=         16, data_o_partial     x
n=         16, data_o_partial     x
n=         16, data_o_partial     x
n=         16, data_o_partial     x
n=         16, data_o_partial     x
n=         16, data_o_partial     x
n=         16, data_o_partial     x
n=         16, data_o_partial     x
n=         16, data_o_partial     x
n=         16, data_o_partial     x
n=         16, data_o_partial     x
n=         16, data_o_partial     x
n=         16, data_o_partial     x
n=         16, data_o_partial     x
-----
k=         19
n=         17, data_o_partial     x
n=         17, data_o_partial     x
n=         17, data_o_partial     x
n=         17, data_o_partial     x
n=         17, data_o_partial     x
n=         17, data_o_partial     x
n=         17, data_o_partial     x
n=         17, data_o_partial     x
n=         17, data_o_partial     x
n=         17, data_o_partial     x
n=         17, data_o_partial     x
n=         17, data_o_partial     x
n=         17, data_o_partial     x
n=         17, data_o_partial     x
n=         17, data_o_partial     x
n=         17, data_o_partial     x
n=         17, data_o_partial     x
n=         17, data_o_partial     x
n=         17, data_o_partial     x
n=         17, data_o_partial     x
n=         17, data_o_partial     x
n=         17, data_o_partial     x
n=         17, data_o_partial     x
n=         17, data_o_partial     x
n=         17, data_o_partial     x
n=         17, data_o_partial     x
n=         17, data_o_partial     x
n=         17, data_o_partial     x
n=         17, data_o_partial     x
n=         17, data_o_partial     x
n=         17, data_o_partial     x
n=         17, data_o_partial     x
n=         17, data_o_partial     x
n=         17, data_o_partial     x
n=         17, data_o_partial     x
n=         17, data_o_partial     x
n=         17, data_o_partial     x
n=         17, data_o_partial     x
n=         17, data_o_partial     x
n=         17, data_o_partial     x
n=         17, data_o_partial     x
n=         17, data_o_partial     x
n=         17, data_o_partial     x
n=         17, data_o_partial     x
n=         17, data_o_partial     x
n=         17, data_o_partial     x
n=         17, data_o_partial     x
n=         17, data_o_partial     x
n=         17, data_o_partial     x
n=         17, data_o_partial     x
n=         17, data_o_partial     x
n=         17, data_o_partial     x
n=         17, data_o_partial     x
n=         17, data_o_partial     x
n=         17, data_o_partial     x
n=         17, data_o_partial     x
n=         17, data_o_partial     x
n=         17, data_o_partial     x
n=         17, data_o_partial     x
n=         17, data_o_partial     x
n=         17, data_o_partial     x
n=         17, data_o_partial     x
n=         17, data_o_partial     x
n=         17, data_o_partial     x
-----
k=         20
n=         18, data_o_partial     x
n=         18, data_o_partial     x
n=         18, data_o_partial     x
n=         18, data_o_partial     x
n=         18, data_o_partial     x
n=         18, data_o_partial     x
n=         18, data_o_partial     x
n=         18, data_o_partial     x
n=         18, data_o_partial     x
n=         18, data_o_partial     x
n=         18, data_o_partial     x
n=         18, data_o_partial     x
n=         18, data_o_partial     x
n=         18, data_o_partial     x
n=         18, data_o_partial     x
n=         18, data_o_partial     x
n=         18, data_o_partial     x
n=         18, data_o_partial     x
n=         18, data_o_partial     x
n=         18, data_o_partial     x
n=         18, data_o_partial     x
n=         18, data_o_partial     x
n=         18, data_o_partial     x
n=         18, data_o_partial     x
n=         18, data_o_partial     x
n=         18, data_o_partial     x
n=         18, data_o_partial     x
n=         18, data_o_partial     x
n=         18, data_o_partial     x
n=         18, data_o_partial     x
n=         18, data_o_partial     x
n=         18, data_o_partial     x
n=         18, data_o_partial     x
n=         18, data_o_partial     x
n=         18, data_o_partial     x
n=         18, data_o_partial     x
n=         18, data_o_partial     x
n=         18, data_o_partial     x
n=         18, data_o_partial     x
n=         18, data_o_partial     x
n=         18, data_o_partial     x
n=         18, data_o_partial     x
n=         18, data_o_partial     x
n=         18, data_o_partial     x
n=         18, data_o_partial     x
n=         18, data_o_partial     x
n=         18, data_o_partial     x
n=         18, data_o_partial     x
n=         18, data_o_partial     x
n=         18, data_o_partial     x
n=         18, data_o_partial     x
n=         18, data_o_partial     x
n=         18, data_o_partial     x
n=         18, data_o_partial     x
n=         18, data_o_partial     x
n=         18, data_o_partial     x
n=         18, data_o_partial     x
n=         18, data_o_partial     x
n=         18, data_o_partial     x
n=         18, data_o_partial     x
n=         18, data_o_partial     x
n=         18, data_o_partial     x
n=         18, data_o_partial     x
n=         18, data_o_partial     x
-----
k=         21
n=         19, data_o_partial     x
n=         19, data_o_partial     x
n=         19, data_o_partial     x
n=         19, data_o_partial     x
n=         19, data_o_partial     x
n=         19, data_o_partial     x
n=         19, data_o_partial     x
n=         19, data_o_partial     x
n=         19, data_o_partial     x
n=         19, data_o_partial     x
n=         19, data_o_partial     x
n=         19, data_o_partial     x
n=         19, data_o_partial     x
n=         19, data_o_partial     x
n=         19, data_o_partial     x
n=         19, data_o_partial     x
n=         19, data_o_partial     x
n=         19, data_o_partial     x
n=         19, data_o_partial     x
n=         19, data_o_partial     x
n=         19, data_o_partial     x
n=         19, data_o_partial     x
n=         19, data_o_partial     x
n=         19, data_o_partial     x
n=         19, data_o_partial     x
n=         19, data_o_partial     x
n=         19, data_o_partial     x
n=         19, data_o_partial     x
n=         19, data_o_partial     x
n=         19, data_o_partial     x
n=         19, data_o_partial     x
n=         19, data_o_partial     x
n=         19, data_o_partial     x
n=         19, data_o_partial     x
n=         19, data_o_partial     x
n=         19, data_o_partial     x
n=         19, data_o_partial     x
n=         19, data_o_partial     x
n=         19, data_o_partial     x
n=         19, data_o_partial     x
n=         19, data_o_partial     x
n=         19, data_o_partial     x
n=         19, data_o_partial     x
n=         19, data_o_partial     x
n=         19, data_o_partial     x
n=         19, data_o_partial     x
n=         19, data_o_partial     x
n=         19, data_o_partial     x
n=         19, data_o_partial     x
n=         19, data_o_partial     x
n=         19, data_o_partial     x
n=         19, data_o_partial     x
n=         19, data_o_partial     x
n=         19, data_o_partial     x
n=         19, data_o_partial     x
n=         19, data_o_partial     x
n=         19, data_o_partial     x
n=         19, data_o_partial     x
n=         19, data_o_partial     x
n=         19, data_o_partial     x
n=         19, data_o_partial     x
n=         19, data_o_partial     x
n=         19, data_o_partial     x
n=         19, data_o_partial     x
-----
k=         22
n=         20, data_o_partial     x
n=         20, data_o_partial     x
n=         20, data_o_partial     x
n=         20, data_o_partial     x
n=         20, data_o_partial     x
n=         20, data_o_partial     x
n=         20, data_o_partial     x
n=         20, data_o_partial     x
n=         20, data_o_partial     x
n=         20, data_o_partial     x
n=         20, data_o_partial     x
n=         20, data_o_partial     x
n=         20, data_o_partial     x
n=         20, data_o_partial     x
n=         20, data_o_partial     x
n=         20, data_o_partial     x
n=         20, data_o_partial     x
n=         20, data_o_partial     x
n=         20, data_o_partial     x
n=         20, data_o_partial     x
n=         20, data_o_partial     x
n=         20, data_o_partial     x
n=         20, data_o_partial     x
n=         20, data_o_partial     x
n=         20, data_o_partial     x
n=         20, data_o_partial     x
n=         20, data_o_partial     x
n=         20, data_o_partial     x
n=         20, data_o_partial     x
n=         20, data_o_partial     x
n=         20, data_o_partial     x
n=         20, data_o_partial     x
n=         20, data_o_partial     x
n=         20, data_o_partial     x
n=         20, data_o_partial     x
n=         20, data_o_partial     x
n=         20, data_o_partial     x
n=         20, data_o_partial     x
n=         20, data_o_partial     x
n=         20, data_o_partial     x
n=         20, data_o_partial     x
n=         20, data_o_partial     x
n=         20, data_o_partial     x
n=         20, data_o_partial     x
n=         20, data_o_partial     x
n=         20, data_o_partial     x
n=         20, data_o_partial     x
n=         20, data_o_partial     x
n=         20, data_o_partial     x
n=         20, data_o_partial     x
n=         20, data_o_partial     x
n=         20, data_o_partial     x
n=         20, data_o_partial     x
n=         20, data_o_partial     x
n=         20, data_o_partial     x
n=         20, data_o_partial     x
n=         20, data_o_partial     x
n=         20, data_o_partial     x
n=         20, data_o_partial     x
n=         20, data_o_partial     x
n=         20, data_o_partial     x
n=         20, data_o_partial     x
n=         20, data_o_partial     x
n=         20, data_o_partial     x
-----
k=         23
n=         21, data_o_partial     x
n=         21, data_o_partial     x
n=         21, data_o_partial     x
n=         21, data_o_partial     x
n=         21, data_o_partial     x
n=         21, data_o_partial     x
n=         21, data_o_partial     x
n=         21, data_o_partial     x
n=         21, data_o_partial     x
n=         21, data_o_partial     x
n=         21, data_o_partial     x
n=         21, data_o_partial     x
n=         21, data_o_partial     x
n=         21, data_o_partial     x
n=         21, data_o_partial     x
n=         21, data_o_partial     x
n=         21, data_o_partial     x
n=         21, data_o_partial     x
n=         21, data_o_partial     x
n=         21, data_o_partial     x
n=         21, data_o_partial     x
n=         21, data_o_partial     x
n=         21, data_o_partial     x
n=         21, data_o_partial     x
n=         21, data_o_partial     x
n=         21, data_o_partial     x
n=         21, data_o_partial     x
n=         21, data_o_partial     x
n=         21, data_o_partial     x
n=         21, data_o_partial     x
n=         21, data_o_partial     x
n=         21, data_o_partial     x
n=         21, data_o_partial     x
n=         21, data_o_partial     x
n=         21, data_o_partial     x
n=         21, data_o_partial     x
n=         21, data_o_partial     x
n=         21, data_o_partial     x
n=         21, data_o_partial     x
n=         21, data_o_partial     x
n=         21, data_o_partial     x
n=         21, data_o_partial     x
n=         21, data_o_partial     x
n=         21, data_o_partial     x
n=         21, data_o_partial     x
n=         21, data_o_partial     x
n=         21, data_o_partial     x
n=         21, data_o_partial     x
n=         21, data_o_partial     x
n=         21, data_o_partial     x
n=         21, data_o_partial     x
n=         21, data_o_partial     x
n=         21, data_o_partial     x
n=         21, data_o_partial     x
n=         21, data_o_partial     x
n=         21, data_o_partial     x
n=         21, data_o_partial     x
n=         21, data_o_partial     x
n=         21, data_o_partial     x
n=         21, data_o_partial     x
n=         21, data_o_partial     x
n=         21, data_o_partial     x
n=         21, data_o_partial     x
n=         21, data_o_partial     x
-----
k=         24
n=         22, data_o_partial     x
n=         22, data_o_partial     x
n=         22, data_o_partial     x
n=         22, data_o_partial     x
n=         22, data_o_partial     x
n=         22, data_o_partial     x
n=         22, data_o_partial     x
n=         22, data_o_partial     x
n=         22, data_o_partial     x
n=         22, data_o_partial     x
n=         22, data_o_partial     x
n=         22, data_o_partial     x
n=         22, data_o_partial     x
n=         22, data_o_partial     x
n=         22, data_o_partial     x
n=         22, data_o_partial     x
n=         22, data_o_partial     x
n=         22, data_o_partial     x
n=         22, data_o_partial     x
n=         22, data_o_partial     x
n=         22, data_o_partial     x
n=         22, data_o_partial     x
n=         22, data_o_partial     x
n=         22, data_o_partial     x
n=         22, data_o_partial     x
n=         22, data_o_partial     x
n=         22, data_o_partial     x
n=         22, data_o_partial     x
n=         22, data_o_partial     x
n=         22, data_o_partial     x
n=         22, data_o_partial     x
n=         22, data_o_partial     x
n=         22, data_o_partial     x
n=         22, data_o_partial     x
n=         22, data_o_partial     x
n=         22, data_o_partial     x
n=         22, data_o_partial     x
n=         22, data_o_partial     x
n=         22, data_o_partial     x
n=         22, data_o_partial     x
n=         22, data_o_partial     x
n=         22, data_o_partial     x
n=         22, data_o_partial     x
n=         22, data_o_partial     x
n=         22, data_o_partial     x
n=         22, data_o_partial     x
n=         22, data_o_partial     x
n=         22, data_o_partial     x
n=         22, data_o_partial     x
n=         22, data_o_partial     x
n=         22, data_o_partial     x
n=         22, data_o_partial     x
n=         22, data_o_partial     x
n=         22, data_o_partial     x
n=         22, data_o_partial     x
n=         22, data_o_partial     x
n=         22, data_o_partial     x
n=         22, data_o_partial     x
n=         22, data_o_partial     x
n=         22, data_o_partial     x
n=         22, data_o_partial     x
n=         22, data_o_partial     x
n=         22, data_o_partial     x
n=         22, data_o_partial     x
-----
k=         25
n=         23, data_o_partial     x
n=         23, data_o_partial     x
n=         23, data_o_partial     x
n=         23, data_o_partial     x
n=         23, data_o_partial     x
n=         23, data_o_partial     x
n=         23, data_o_partial     x
n=         23, data_o_partial     x
n=         23, data_o_partial     x
n=         23, data_o_partial     x
n=         23, data_o_partial     x
n=         23, data_o_partial     x
n=         23, data_o_partial     x
n=         23, data_o_partial     x
n=         23, data_o_partial     x
n=         23, data_o_partial     x
n=         23, data_o_partial     x
n=         23, data_o_partial     x
n=         23, data_o_partial     x
n=         23, data_o_partial     x
n=         23, data_o_partial     x
n=         23, data_o_partial     x
n=         23, data_o_partial     x
n=         23, data_o_partial     x
n=         23, data_o_partial     x
n=         23, data_o_partial     x
n=         23, data_o_partial     x
n=         23, data_o_partial     x
n=         23, data_o_partial     x
n=         23, data_o_partial     x
n=         23, data_o_partial     x
n=         23, data_o_partial     x
n=         23, data_o_partial     x
n=         23, data_o_partial     x
n=         23, data_o_partial     x
n=         23, data_o_partial     x
n=         23, data_o_partial     x
n=         23, data_o_partial     x
n=         23, data_o_partial     x
n=         23, data_o_partial     x
n=         23, data_o_partial     x
n=         23, data_o_partial     x
n=         23, data_o_partial     x
n=         23, data_o_partial     x
n=         23, data_o_partial     x
n=         23, data_o_partial     x
n=         23, data_o_partial     x
n=         23, data_o_partial     x
n=         23, data_o_partial     x
n=         23, data_o_partial     x
n=         23, data_o_partial     x
n=         23, data_o_partial     x
n=         23, data_o_partial     x
n=         23, data_o_partial     x
n=         23, data_o_partial     x
n=         23, data_o_partial     x
n=         23, data_o_partial     x
n=         23, data_o_partial     x
n=         23, data_o_partial     x
n=         23, data_o_partial     x
n=         23, data_o_partial     x
n=         23, data_o_partial     x
n=         23, data_o_partial     x
n=         23, data_o_partial     x
-----
k=         26
n=         24, data_o_partial     x
n=         24, data_o_partial     x
n=         24, data_o_partial     x
n=         24, data_o_partial     x
n=         24, data_o_partial     x
n=         24, data_o_partial     x
n=         24, data_o_partial     x
n=         24, data_o_partial     x
n=         24, data_o_partial     x
n=         24, data_o_partial     x
n=         24, data_o_partial     x
n=         24, data_o_partial     x
n=         24, data_o_partial     x
n=         24, data_o_partial     x
n=         24, data_o_partial     x
n=         24, data_o_partial     x
n=         24, data_o_partial     x
n=         24, data_o_partial     x
n=         24, data_o_partial     x
n=         24, data_o_partial     x
n=         24, data_o_partial     x
n=         24, data_o_partial     x
n=         24, data_o_partial     x
n=         24, data_o_partial     x
n=         24, data_o_partial     x
n=         24, data_o_partial     x
n=         24, data_o_partial     x
n=         24, data_o_partial     x
n=         24, data_o_partial     x
n=         24, data_o_partial     x
n=         24, data_o_partial     x
n=         24, data_o_partial     x
n=         24, data_o_partial     x
n=         24, data_o_partial     x
n=         24, data_o_partial     x
n=         24, data_o_partial     x
n=         24, data_o_partial     x
n=         24, data_o_partial     x
n=         24, data_o_partial     x
n=         24, data_o_partial     x
n=         24, data_o_partial     x
n=         24, data_o_partial     x
n=         24, data_o_partial     x
n=         24, data_o_partial     x
n=         24, data_o_partial     x
n=         24, data_o_partial     x
n=         24, data_o_partial     x
n=         24, data_o_partial     x
n=         24, data_o_partial     x
n=         24, data_o_partial     x
n=         24, data_o_partial     x
n=         24, data_o_partial     x
n=         24, data_o_partial     x
n=         24, data_o_partial     x
n=         24, data_o_partial     x
n=         24, data_o_partial     x
n=         24, data_o_partial     x
n=         24, data_o_partial     x
n=         24, data_o_partial     x
n=         24, data_o_partial     x
n=         24, data_o_partial     x
n=         24, data_o_partial     x
n=         24, data_o_partial     x
n=         24, data_o_partial     x
-----
k=         27
n=         25, data_o_partial     x
n=         25, data_o_partial     x
n=         25, data_o_partial     x
n=         25, data_o_partial     x
n=         25, data_o_partial     x
n=         25, data_o_partial     x
n=         25, data_o_partial     x
n=         25, data_o_partial     x
n=         25, data_o_partial     x
n=         25, data_o_partial     x
n=         25, data_o_partial     x
n=         25, data_o_partial     x
n=         25, data_o_partial     x
n=         25, data_o_partial     x
n=         25, data_o_partial     x
n=         25, data_o_partial     x
n=         25, data_o_partial     x
n=         25, data_o_partial     x
n=         25, data_o_partial     x
n=         25, data_o_partial     x
n=         25, data_o_partial     x
n=         25, data_o_partial     x
n=         25, data_o_partial     x
n=         25, data_o_partial     x
n=         25, data_o_partial     x
n=         25, data_o_partial     x
n=         25, data_o_partial     x
n=         25, data_o_partial     x
n=         25, data_o_partial     x
n=         25, data_o_partial     x
n=         25, data_o_partial     x
n=         25, data_o_partial     x
n=         25, data_o_partial     x
n=         25, data_o_partial     x
n=         25, data_o_partial     x
n=         25, data_o_partial     x
n=         25, data_o_partial     x
n=         25, data_o_partial     x
n=         25, data_o_partial     x
n=         25, data_o_partial     x
n=         25, data_o_partial     x
n=         25, data_o_partial     x
n=         25, data_o_partial     x
n=         25, data_o_partial     x
n=         25, data_o_partial     x
n=         25, data_o_partial     x
n=         25, data_o_partial     x
n=         25, data_o_partial     x
n=         25, data_o_partial     x
n=         25, data_o_partial     x
n=         25, data_o_partial     x
n=         25, data_o_partial     x
n=         25, data_o_partial     x
n=         25, data_o_partial     x
n=         25, data_o_partial     x
n=         25, data_o_partial     x
n=         25, data_o_partial     x
n=         25, data_o_partial     x
n=         25, data_o_partial     x
n=         25, data_o_partial     x
n=         25, data_o_partial     x
n=         25, data_o_partial     x
n=         25, data_o_partial     x
n=         25, data_o_partial     x
-----
k=         28
n=         26, data_o_partial     x
n=         26, data_o_partial     x
n=         26, data_o_partial     x
n=         26, data_o_partial     x
n=         26, data_o_partial     x
n=         26, data_o_partial     x
n=         26, data_o_partial     x
n=         26, data_o_partial     x
n=         26, data_o_partial     x
n=         26, data_o_partial     x
n=         26, data_o_partial     x
n=         26, data_o_partial     x
n=         26, data_o_partial     x
n=         26, data_o_partial     x
n=         26, data_o_partial     x
n=         26, data_o_partial     x
n=         26, data_o_partial     x
n=         26, data_o_partial     x
n=         26, data_o_partial     x
n=         26, data_o_partial     x
n=         26, data_o_partial     x
n=         26, data_o_partial     x
n=         26, data_o_partial     x
n=         26, data_o_partial     x
n=         26, data_o_partial     x
n=         26, data_o_partial     x
n=         26, data_o_partial     x
n=         26, data_o_partial     x
n=         26, data_o_partial     x
n=         26, data_o_partial     x
n=         26, data_o_partial     x
n=         26, data_o_partial     x
n=         26, data_o_partial     x
n=         26, data_o_partial     x
n=         26, data_o_partial     x
n=         26, data_o_partial     x
n=         26, data_o_partial     x
n=         26, data_o_partial     x
n=         26, data_o_partial     x
n=         26, data_o_partial     x
n=         26, data_o_partial     x
n=         26, data_o_partial     x
n=         26, data_o_partial     x
n=         26, data_o_partial     x
n=         26, data_o_partial     x
n=         26, data_o_partial     x
n=         26, data_o_partial     x
n=         26, data_o_partial     x
n=         26, data_o_partial     x
n=         26, data_o_partial     x
n=         26, data_o_partial     x
n=         26, data_o_partial     x
n=         26, data_o_partial     x
n=         26, data_o_partial     x
n=         26, data_o_partial     x
n=         26, data_o_partial     x
n=         26, data_o_partial     x
n=         26, data_o_partial     x
n=         26, data_o_partial     x
n=         26, data_o_partial     x
n=         26, data_o_partial     x
n=         26, data_o_partial     x
n=         26, data_o_partial     x
n=         26, data_o_partial     x
-----
k=         29
n=         27, data_o_partial     x
n=         27, data_o_partial     x
n=         27, data_o_partial     x
n=         27, data_o_partial     x
n=         27, data_o_partial     x
n=         27, data_o_partial     x
n=         27, data_o_partial     x
n=         27, data_o_partial     x
n=         27, data_o_partial     x
n=         27, data_o_partial     x
n=         27, data_o_partial     x
n=         27, data_o_partial     x
n=         27, data_o_partial     x
n=         27, data_o_partial     x
n=         27, data_o_partial     x
n=         27, data_o_partial     x
n=         27, data_o_partial     x
n=         27, data_o_partial     x
n=         27, data_o_partial     x
n=         27, data_o_partial     x
n=         27, data_o_partial     x
n=         27, data_o_partial     x
n=         27, data_o_partial     x
n=         27, data_o_partial     x
n=         27, data_o_partial     x
n=         27, data_o_partial     x
n=         27, data_o_partial     x
n=         27, data_o_partial     x
n=         27, data_o_partial     x
n=         27, data_o_partial     x
n=         27, data_o_partial     x
n=         27, data_o_partial     x
n=         27, data_o_partial     x
n=         27, data_o_partial     x
n=         27, data_o_partial     x
n=         27, data_o_partial     x
n=         27, data_o_partial     x
n=         27, data_o_partial     x
n=         27, data_o_partial     x
n=         27, data_o_partial     x
n=         27, data_o_partial     x
n=         27, data_o_partial     x
n=         27, data_o_partial     x
n=         27, data_o_partial     x
n=         27, data_o_partial     x
n=         27, data_o_partial     x
n=         27, data_o_partial     x
n=         27, data_o_partial     x
n=         27, data_o_partial     x
n=         27, data_o_partial     x
n=         27, data_o_partial     x
n=         27, data_o_partial     x
n=         27, data_o_partial     x
n=         27, data_o_partial     x
n=         27, data_o_partial     x
n=         27, data_o_partial     x
n=         27, data_o_partial     x
n=         27, data_o_partial     x
n=         27, data_o_partial     x
n=         27, data_o_partial     x
n=         27, data_o_partial     x
n=         27, data_o_partial     x
n=         27, data_o_partial     x
n=         27, data_o_partial     x
-----
k=         30
n=         28, data_o_partial     x
n=         28, data_o_partial     x
n=         28, data_o_partial     x
n=         28, data_o_partial     x
n=         28, data_o_partial     x
n=         28, data_o_partial     x
n=         28, data_o_partial     x
n=         28, data_o_partial     x
n=         28, data_o_partial     x
n=         28, data_o_partial     x
n=         28, data_o_partial     x
n=         28, data_o_partial     x
n=         28, data_o_partial     x
n=         28, data_o_partial     x
n=         28, data_o_partial     x
n=         28, data_o_partial     x
n=         28, data_o_partial     x
n=         28, data_o_partial     x
n=         28, data_o_partial     x
n=         28, data_o_partial     x
n=         28, data_o_partial     x
n=         28, data_o_partial     x
n=         28, data_o_partial     x
n=         28, data_o_partial     x
n=         28, data_o_partial     x
n=         28, data_o_partial     x
n=         28, data_o_partial     x
n=         28, data_o_partial     x
n=         28, data_o_partial     x
n=         28, data_o_partial     x
n=         28, data_o_partial     x
n=         28, data_o_partial     x
n=         28, data_o_partial     x
n=         28, data_o_partial     x
n=         28, data_o_partial     x
n=         28, data_o_partial     x
n=         28, data_o_partial     x
n=         28, data_o_partial     x
n=         28, data_o_partial     x
n=         28, data_o_partial     x
n=         28, data_o_partial     x
n=         28, data_o_partial     x
n=         28, data_o_partial     x
n=         28, data_o_partial     x
n=         28, data_o_partial     x
n=         28, data_o_partial     x
n=         28, data_o_partial     x
n=         28, data_o_partial     x
n=         28, data_o_partial     x
n=         28, data_o_partial     x
n=         28, data_o_partial     x
n=         28, data_o_partial     x
n=         28, data_o_partial     x
n=         28, data_o_partial     x
n=         28, data_o_partial     x
n=         28, data_o_partial     x
n=         28, data_o_partial     x
n=         28, data_o_partial     x
n=         28, data_o_partial     x
n=         28, data_o_partial     x
n=         28, data_o_partial     x
n=         28, data_o_partial     x
n=         28, data_o_partial     x
n=         28, data_o_partial     x
-----
k=         31
n=         29, data_o_partial     x
n=         29, data_o_partial     x
n=         29, data_o_partial     x
n=         29, data_o_partial     x
n=         29, data_o_partial     x
n=         29, data_o_partial     x
n=         29, data_o_partial     x
n=         29, data_o_partial     x
n=         29, data_o_partial     x
n=         29, data_o_partial     x
n=         29, data_o_partial     x
n=         29, data_o_partial     x
n=         29, data_o_partial     x
n=         29, data_o_partial     x
n=         29, data_o_partial     x
n=         29, data_o_partial     x
n=         29, data_o_partial     x
n=         29, data_o_partial     x
n=         29, data_o_partial     x
n=         29, data_o_partial     x
n=         29, data_o_partial     x
n=         29, data_o_partial     x
n=         29, data_o_partial     x
n=         29, data_o_partial     x
n=         29, data_o_partial     x
n=         29, data_o_partial     x
n=         29, data_o_partial     x
n=         29, data_o_partial     x
n=         29, data_o_partial     x
n=         29, data_o_partial     x
n=         29, data_o_partial     x
n=         29, data_o_partial     x
n=         29, data_o_partial     x
n=         29, data_o_partial     x
n=         29, data_o_partial     x
n=         29, data_o_partial     x
n=         29, data_o_partial     x
n=         29, data_o_partial     x
n=         29, data_o_partial     x
n=         29, data_o_partial     x
n=         29, data_o_partial     x
n=         29, data_o_partial     x
n=         29, data_o_partial     x
n=         29, data_o_partial     x
n=         29, data_o_partial     x
n=         29, data_o_partial     x
n=         29, data_o_partial     x
n=         29, data_o_partial     x
n=         29, data_o_partial     x
n=         29, data_o_partial     x
n=         29, data_o_partial     x
n=         29, data_o_partial     x
n=         29, data_o_partial     x
n=         29, data_o_partial     x
n=         29, data_o_partial     x
n=         29, data_o_partial     x
n=         29, data_o_partial     x
n=         29, data_o_partial     x
n=         29, data_o_partial     x
n=         29, data_o_partial     x
n=         29, data_o_partial     x
n=         29, data_o_partial     x
n=         29, data_o_partial     x
n=         29, data_o_partial     x
-----
k=         32
n=         30, data_o_partial     x
n=         30, data_o_partial     x
n=         30, data_o_partial     x
n=         30, data_o_partial     x
n=         30, data_o_partial     x
n=         30, data_o_partial     x
n=         30, data_o_partial     x
n=         30, data_o_partial     x
n=         30, data_o_partial     x
n=         30, data_o_partial     x
n=         30, data_o_partial     x
n=         30, data_o_partial     x
n=         30, data_o_partial     x
n=         30, data_o_partial     x
n=         30, data_o_partial     x
n=         30, data_o_partial     x
n=         30, data_o_partial     x
n=         30, data_o_partial     x
n=         30, data_o_partial     x
n=         30, data_o_partial     x
n=         30, data_o_partial     x
n=         30, data_o_partial     x
n=         30, data_o_partial     x
n=         30, data_o_partial     x
n=         30, data_o_partial     x
n=         30, data_o_partial     x
n=         30, data_o_partial     x
n=         30, data_o_partial     x
n=         30, data_o_partial     x
n=         30, data_o_partial     x
n=         30, data_o_partial     x
n=         30, data_o_partial     x
n=         30, data_o_partial     x
n=         30, data_o_partial     x
n=         30, data_o_partial     x
n=         30, data_o_partial     x
n=         30, data_o_partial     x
n=         30, data_o_partial     x
n=         30, data_o_partial     x
n=         30, data_o_partial     x
n=         30, data_o_partial     x
n=         30, data_o_partial     x
n=         30, data_o_partial     x
n=         30, data_o_partial     x
n=         30, data_o_partial     x
n=         30, data_o_partial     x
n=         30, data_o_partial     x
n=         30, data_o_partial     x
n=         30, data_o_partial     x
n=         30, data_o_partial     x
n=         30, data_o_partial     x
n=         30, data_o_partial     x
n=         30, data_o_partial     x
n=         30, data_o_partial     x
n=         30, data_o_partial     x
n=         30, data_o_partial     x
n=         30, data_o_partial     x
n=         30, data_o_partial     x
n=         30, data_o_partial     x
n=         30, data_o_partial     x
n=         30, data_o_partial     x
n=         30, data_o_partial     x
n=         30, data_o_partial     x
n=         30, data_o_partial     x
-----
k=         33
n=         31, data_o_partial     x
n=         31, data_o_partial     x
n=         31, data_o_partial     x
n=         31, data_o_partial     x
n=         31, data_o_partial     x
n=         31, data_o_partial     x
n=         31, data_o_partial     x
n=         31, data_o_partial     x
n=         31, data_o_partial     x
n=         31, data_o_partial     x
n=         31, data_o_partial     x
n=         31, data_o_partial     x
n=         31, data_o_partial     x
n=         31, data_o_partial     x
n=         31, data_o_partial     x
n=         31, data_o_partial     x
n=         31, data_o_partial     x
n=         31, data_o_partial     x
n=         31, data_o_partial     x
n=         31, data_o_partial     x
n=         31, data_o_partial     x
n=         31, data_o_partial     x
n=         31, data_o_partial     x
n=         31, data_o_partial     x
n=         31, data_o_partial     x
n=         31, data_o_partial     x
n=         31, data_o_partial     x
n=         31, data_o_partial     x
n=         31, data_o_partial     x
n=         31, data_o_partial     x
n=         31, data_o_partial     x
n=         31, data_o_partial     x
n=         31, data_o_partial     x
n=         31, data_o_partial     x
n=         31, data_o_partial     x
n=         31, data_o_partial     x
n=         31, data_o_partial     x
n=         31, data_o_partial     x
n=         31, data_o_partial     x
n=         31, data_o_partial     x
n=         31, data_o_partial     x
n=         31, data_o_partial     x
n=         31, data_o_partial     x
n=         31, data_o_partial     x
n=         31, data_o_partial     x
n=         31, data_o_partial     x
n=         31, data_o_partial     x
n=         31, data_o_partial     x
n=         31, data_o_partial     x
n=         31, data_o_partial     x
n=         31, data_o_partial     x
n=         31, data_o_partial     x
n=         31, data_o_partial     x
n=         31, data_o_partial     x
n=         31, data_o_partial     x
n=         31, data_o_partial     x
n=         31, data_o_partial     x
n=         31, data_o_partial     x
n=         31, data_o_partial     x
n=         31, data_o_partial     x
n=         31, data_o_partial     x
n=         31, data_o_partial     x
n=         31, data_o_partial     x
n=         31, data_o_partial     x
-----
k=         34
n=         32, data_o_partial     x
n=         32, data_o_partial     x
n=         32, data_o_partial     x
n=         32, data_o_partial     x
n=         32, data_o_partial     x
n=         32, data_o_partial     x
n=         32, data_o_partial     x
n=         32, data_o_partial     x
n=         32, data_o_partial     x
n=         32, data_o_partial     x
n=         32, data_o_partial     x
n=         32, data_o_partial     x
n=         32, data_o_partial     x
n=         32, data_o_partial     x
n=         32, data_o_partial     x
n=         32, data_o_partial     x
n=         32, data_o_partial     x
n=         32, data_o_partial     x
n=         32, data_o_partial     x
n=         32, data_o_partial     x
n=         32, data_o_partial     x
n=         32, data_o_partial     x
n=         32, data_o_partial     x
n=         32, data_o_partial     x
n=         32, data_o_partial     x
n=         32, data_o_partial     x
n=         32, data_o_partial     x
n=         32, data_o_partial     x
n=         32, data_o_partial     x
n=         32, data_o_partial     x
n=         32, data_o_partial     x
n=         32, data_o_partial     x
n=         32, data_o_partial     x
n=         32, data_o_partial     x
n=         32, data_o_partial     x
n=         32, data_o_partial     x
n=         32, data_o_partial     x
n=         32, data_o_partial     x
n=         32, data_o_partial     x
n=         32, data_o_partial     x
n=         32, data_o_partial     x
n=         32, data_o_partial     x
n=         32, data_o_partial     x
n=         32, data_o_partial     x
n=         32, data_o_partial     x
n=         32, data_o_partial     x
n=         32, data_o_partial     x
n=         32, data_o_partial     x
n=         32, data_o_partial     x
n=         32, data_o_partial     x
n=         32, data_o_partial     x
n=         32, data_o_partial     x
n=         32, data_o_partial     x
n=         32, data_o_partial     x
n=         32, data_o_partial     x
n=         32, data_o_partial     x
n=         32, data_o_partial     x
n=         32, data_o_partial     x
n=         32, data_o_partial     x
n=         32, data_o_partial     x
n=         32, data_o_partial     x
n=         32, data_o_partial     x
n=         32, data_o_partial     x
n=         32, data_o_partial     x
-----
k=         35
n=         33, data_o_partial     x
n=         33, data_o_partial     x
n=         33, data_o_partial     x
n=         33, data_o_partial     x
n=         33, data_o_partial     x
n=         33, data_o_partial     x
n=         33, data_o_partial     x
n=         33, data_o_partial     x
n=         33, data_o_partial     x
n=         33, data_o_partial     x
n=         33, data_o_partial     x
n=         33, data_o_partial     x
n=         33, data_o_partial     x
n=         33, data_o_partial     x
n=         33, data_o_partial     x
n=         33, data_o_partial     x
n=         33, data_o_partial     x
n=         33, data_o_partial     x
n=         33, data_o_partial     x
n=         33, data_o_partial     x
n=         33, data_o_partial     x
n=         33, data_o_partial     x
n=         33, data_o_partial     x
n=         33, data_o_partial     x
n=         33, data_o_partial     x
n=         33, data_o_partial     x
n=         33, data_o_partial     x
n=         33, data_o_partial     x
n=         33, data_o_partial     x
n=         33, data_o_partial     x
n=         33, data_o_partial     x
n=         33, data_o_partial     x
n=         33, data_o_partial     x
n=         33, data_o_partial     x
n=         33, data_o_partial     x
n=         33, data_o_partial     x
n=         33, data_o_partial     x
n=         33, data_o_partial     x
n=         33, data_o_partial     x
n=         33, data_o_partial     x
n=         33, data_o_partial     x
n=         33, data_o_partial     x
n=         33, data_o_partial     x
n=         33, data_o_partial     x
n=         33, data_o_partial     x
n=         33, data_o_partial     x
n=         33, data_o_partial     x
n=         33, data_o_partial     x
n=         33, data_o_partial     x
n=         33, data_o_partial     x
n=         33, data_o_partial     x
n=         33, data_o_partial     x
n=         33, data_o_partial     x
n=         33, data_o_partial     x
n=         33, data_o_partial     x
n=         33, data_o_partial     x
n=         33, data_o_partial     x
n=         33, data_o_partial     x
n=         33, data_o_partial     x
n=         33, data_o_partial     x
n=         33, data_o_partial     x
n=         33, data_o_partial     x
n=         33, data_o_partial     x
n=         33, data_o_partial     x
-----
k=         36
n=         34, data_o_partial     x
n=         34, data_o_partial     x
n=         34, data_o_partial     x
n=         34, data_o_partial     x
n=         34, data_o_partial     x
n=         34, data_o_partial     x
n=         34, data_o_partial     x
n=         34, data_o_partial     x
n=         34, data_o_partial     x
n=         34, data_o_partial     x
n=         34, data_o_partial     x
n=         34, data_o_partial     x
n=         34, data_o_partial     x
n=         34, data_o_partial     x
n=         34, data_o_partial     x
n=         34, data_o_partial     x
n=         34, data_o_partial     x
n=         34, data_o_partial     x
n=         34, data_o_partial     x
n=         34, data_o_partial     x
n=         34, data_o_partial     x
n=         34, data_o_partial     x
n=         34, data_o_partial     x
n=         34, data_o_partial     x
n=         34, data_o_partial     x
n=         34, data_o_partial     x
n=         34, data_o_partial     x
n=         34, data_o_partial     x
n=         34, data_o_partial     x
n=         34, data_o_partial     x
n=         34, data_o_partial     x
n=         34, data_o_partial     x
n=         34, data_o_partial     x
n=         34, data_o_partial     x
n=         34, data_o_partial     x
n=         34, data_o_partial     x
n=         34, data_o_partial     x
n=         34, data_o_partial     x
n=         34, data_o_partial     x
n=         34, data_o_partial     x
n=         34, data_o_partial     x
n=         34, data_o_partial     x
n=         34, data_o_partial     x
n=         34, data_o_partial     x
n=         34, data_o_partial     x
n=         34, data_o_partial     x
n=         34, data_o_partial     x
n=         34, data_o_partial     x
n=         34, data_o_partial     x
n=         34, data_o_partial     x
n=         34, data_o_partial     x
n=         34, data_o_partial     x
n=         34, data_o_partial     x
n=         34, data_o_partial     x
n=         34, data_o_partial     x
n=         34, data_o_partial     x
n=         34, data_o_partial     x
n=         34, data_o_partial     x
n=         34, data_o_partial     x
n=         34, data_o_partial     x
n=         34, data_o_partial     x
n=         34, data_o_partial     x
n=         34, data_o_partial     x
n=         34, data_o_partial     x
-----
k=         37
n=         35, data_o_partial     x
n=         35, data_o_partial     x
n=         35, data_o_partial     x
n=         35, data_o_partial     x
n=         35, data_o_partial     x
n=         35, data_o_partial     x
n=         35, data_o_partial     x
n=         35, data_o_partial     x
n=         35, data_o_partial     x
n=         35, data_o_partial     x
n=         35, data_o_partial     x
n=         35, data_o_partial     x
n=         35, data_o_partial     x
n=         35, data_o_partial     x
n=         35, data_o_partial     x
n=         35, data_o_partial     x
n=         35, data_o_partial     x
n=         35, data_o_partial     x
n=         35, data_o_partial     x
n=         35, data_o_partial     x
n=         35, data_o_partial     x
n=         35, data_o_partial     x
n=         35, data_o_partial     x
n=         35, data_o_partial     x
n=         35, data_o_partial     x
n=         35, data_o_partial     x
n=         35, data_o_partial     x
n=         35, data_o_partial     x
n=         35, data_o_partial     x
n=         35, data_o_partial     x
n=         35, data_o_partial     x
n=         35, data_o_partial     x
n=         35, data_o_partial     x
n=         35, data_o_partial     x
n=         35, data_o_partial     x
n=         35, data_o_partial     x
n=         35, data_o_partial     x
n=         35, data_o_partial     x
n=         35, data_o_partial     x
n=         35, data_o_partial     x
n=         35, data_o_partial     x
n=         35, data_o_partial     x
n=         35, data_o_partial     x
n=         35, data_o_partial     x
n=         35, data_o_partial     x
n=         35, data_o_partial     x
n=         35, data_o_partial     x
n=         35, data_o_partial     x
n=         35, data_o_partial     x
n=         35, data_o_partial     x
n=         35, data_o_partial     x
n=         35, data_o_partial     x
n=         35, data_o_partial     x
n=         35, data_o_partial     x
n=         35, data_o_partial     x
n=         35, data_o_partial     x
n=         35, data_o_partial     x
n=         35, data_o_partial     x
n=         35, data_o_partial     x
n=         35, data_o_partial     x
n=         35, data_o_partial     x
n=         35, data_o_partial     x
n=         35, data_o_partial     x
n=         35, data_o_partial     x
-----
k=         38
n=         36, data_o_partial     x
n=         36, data_o_partial     x
n=         36, data_o_partial     x
n=         36, data_o_partial     x
n=         36, data_o_partial     x
n=         36, data_o_partial     x
n=         36, data_o_partial     x
n=         36, data_o_partial     x
n=         36, data_o_partial     x
n=         36, data_o_partial     x
n=         36, data_o_partial     x
n=         36, data_o_partial     x
n=         36, data_o_partial     x
n=         36, data_o_partial     x
n=         36, data_o_partial     x
n=         36, data_o_partial     x
n=         36, data_o_partial     x
n=         36, data_o_partial     x
n=         36, data_o_partial     x
n=         36, data_o_partial     x
n=         36, data_o_partial     x
n=         36, data_o_partial     x
n=         36, data_o_partial     x
n=         36, data_o_partial     x
n=         36, data_o_partial     x
n=         36, data_o_partial     x
n=         36, data_o_partial     x
n=         36, data_o_partial     x
n=         36, data_o_partial     x
n=         36, data_o_partial     x
n=         36, data_o_partial     x
n=         36, data_o_partial     x
n=         36, data_o_partial     x
n=         36, data_o_partial     x
n=         36, data_o_partial     x
n=         36, data_o_partial     x
n=         36, data_o_partial     x
n=         36, data_o_partial     x
n=         36, data_o_partial     x
n=         36, data_o_partial     x
n=         36, data_o_partial     x
n=         36, data_o_partial     x
n=         36, data_o_partial     x
n=         36, data_o_partial     x
n=         36, data_o_partial     x
n=         36, data_o_partial     x
n=         36, data_o_partial     x
n=         36, data_o_partial     x
n=         36, data_o_partial     x
n=         36, data_o_partial     x
n=         36, data_o_partial     x
n=         36, data_o_partial     x
n=         36, data_o_partial     x
n=         36, data_o_partial     x
n=         36, data_o_partial     x
n=         36, data_o_partial     x
n=         36, data_o_partial     x
n=         36, data_o_partial     x
n=         36, data_o_partial     x
n=         36, data_o_partial     x
n=         36, data_o_partial     x
n=         36, data_o_partial     x
n=         36, data_o_partial     x
n=         36, data_o_partial     x
-----
k=         39
n=         37, data_o_partial     x
n=         37, data_o_partial     x
n=         37, data_o_partial     x
n=         37, data_o_partial     x
n=         37, data_o_partial     x
n=         37, data_o_partial     x
n=         37, data_o_partial     x
n=         37, data_o_partial     x
n=         37, data_o_partial     x
n=         37, data_o_partial     x
n=         37, data_o_partial     x
n=         37, data_o_partial     x
n=         37, data_o_partial     x
n=         37, data_o_partial     x
n=         37, data_o_partial     x
n=         37, data_o_partial     x
n=         37, data_o_partial     x
n=         37, data_o_partial     x
n=         37, data_o_partial     x
n=         37, data_o_partial     x
n=         37, data_o_partial     x
n=         37, data_o_partial     x
n=         37, data_o_partial     x
n=         37, data_o_partial     x
n=         37, data_o_partial     x
n=         37, data_o_partial     x
n=         37, data_o_partial     x
n=         37, data_o_partial     x
n=         37, data_o_partial     x
n=         37, data_o_partial     x
n=         37, data_o_partial     x
n=         37, data_o_partial     x
n=         37, data_o_partial     x
n=         37, data_o_partial     x
n=         37, data_o_partial     x
n=         37, data_o_partial     x
n=         37, data_o_partial     x
n=         37, data_o_partial     x
n=         37, data_o_partial     x
n=         37, data_o_partial     x
n=         37, data_o_partial     x
n=         37, data_o_partial     x
n=         37, data_o_partial     x
n=         37, data_o_partial     x
n=         37, data_o_partial     x
n=         37, data_o_partial     x
n=         37, data_o_partial     x
n=         37, data_o_partial     x
n=         37, data_o_partial     x
n=         37, data_o_partial     x
n=         37, data_o_partial     x
n=         37, data_o_partial     x
n=         37, data_o_partial     x
n=         37, data_o_partial     x
n=         37, data_o_partial     x
n=         37, data_o_partial     x
n=         37, data_o_partial     x
n=         37, data_o_partial     x
n=         37, data_o_partial     x
n=         37, data_o_partial     x
n=         37, data_o_partial     x
n=         37, data_o_partial     x
n=         37, data_o_partial     x
n=         37, data_o_partial     x
-----
k=         40
n=         38, data_o_partial     x
n=         38, data_o_partial     x
n=         38, data_o_partial     x
n=         38, data_o_partial     x
n=         38, data_o_partial     x
n=         38, data_o_partial     x
n=         38, data_o_partial     x
n=         38, data_o_partial     x
n=         38, data_o_partial     x
n=         38, data_o_partial     x
n=         38, data_o_partial     x
n=         38, data_o_partial     x
n=         38, data_o_partial     x
n=         38, data_o_partial     x
n=         38, data_o_partial     x
n=         38, data_o_partial     x
n=         38, data_o_partial     x
n=         38, data_o_partial     x
n=         38, data_o_partial     x
n=         38, data_o_partial     x
n=         38, data_o_partial     x
n=         38, data_o_partial     x
n=         38, data_o_partial     x
n=         38, data_o_partial     x
n=         38, data_o_partial     x
n=         38, data_o_partial     x
n=         38, data_o_partial     x
n=         38, data_o_partial     x
n=         38, data_o_partial     x
n=         38, data_o_partial     x
n=         38, data_o_partial     x
n=         38, data_o_partial     x
n=         38, data_o_partial     x
n=         38, data_o_partial     x
n=         38, data_o_partial     x
n=         38, data_o_partial     x
n=         38, data_o_partial     x
n=         38, data_o_partial     x
n=         38, data_o_partial     x
n=         38, data_o_partial     x
n=         38, data_o_partial     x
n=         38, data_o_partial     x
n=         38, data_o_partial     x
n=         38, data_o_partial     x
n=         38, data_o_partial     x
n=         38, data_o_partial     x
n=         38, data_o_partial     x
n=         38, data_o_partial     x
n=         38, data_o_partial     x
n=         38, data_o_partial     x
n=         38, data_o_partial     x
n=         38, data_o_partial     x
n=         38, data_o_partial     x
n=         38, data_o_partial     x
n=         38, data_o_partial     x
n=         38, data_o_partial     x
n=         38, data_o_partial     x
n=         38, data_o_partial     x
n=         38, data_o_partial     x
n=         38, data_o_partial     x
n=         38, data_o_partial     x
n=         38, data_o_partial     x
n=         38, data_o_partial     x
n=         38, data_o_partial     x
-----
k=         41
n=         39, data_o_partial     x
n=         39, data_o_partial     x
n=         39, data_o_partial     x
n=         39, data_o_partial     x
n=         39, data_o_partial     x
n=         39, data_o_partial     x
n=         39, data_o_partial     x
n=         39, data_o_partial     x
n=         39, data_o_partial     x
n=         39, data_o_partial     x
n=         39, data_o_partial     x
n=         39, data_o_partial     x
n=         39, data_o_partial     x
n=         39, data_o_partial     x
n=         39, data_o_partial     x
n=         39, data_o_partial     x
n=         39, data_o_partial     x
n=         39, data_o_partial     x
n=         39, data_o_partial     x
n=         39, data_o_partial     x
n=         39, data_o_partial     x
n=         39, data_o_partial     x
n=         39, data_o_partial     x
n=         39, data_o_partial     x
n=         39, data_o_partial     x
n=         39, data_o_partial     x
n=         39, data_o_partial     x
n=         39, data_o_partial     x
n=         39, data_o_partial     x
n=         39, data_o_partial     x
n=         39, data_o_partial     x
n=         39, data_o_partial     x
n=         39, data_o_partial     x
n=         39, data_o_partial     x
n=         39, data_o_partial     x
n=         39, data_o_partial     x
n=         39, data_o_partial     x
n=         39, data_o_partial     x
n=         39, data_o_partial     x
n=         39, data_o_partial     x
n=         39, data_o_partial     x
n=         39, data_o_partial     x
n=         39, data_o_partial     x
n=         39, data_o_partial     x
n=         39, data_o_partial     x
n=         39, data_o_partial     x
n=         39, data_o_partial     x
n=         39, data_o_partial     x
n=         39, data_o_partial     x
n=         39, data_o_partial     x
n=         39, data_o_partial     x
n=         39, data_o_partial     x
n=         39, data_o_partial     x
n=         39, data_o_partial     x
n=         39, data_o_partial     x
n=         39, data_o_partial     x
n=         39, data_o_partial     x
n=         39, data_o_partial     x
n=         39, data_o_partial     x
n=         39, data_o_partial     x
n=         39, data_o_partial     x
n=         39, data_o_partial     x
n=         39, data_o_partial     x
n=         39, data_o_partial     x
-----
k=         42
n=         40, data_o_partial     x
n=         40, data_o_partial     x
n=         40, data_o_partial     x
n=         40, data_o_partial     x
n=         40, data_o_partial     x
n=         40, data_o_partial     x
n=         40, data_o_partial     x
n=         40, data_o_partial     x
n=         40, data_o_partial     x
n=         40, data_o_partial     x
n=         40, data_o_partial     x
n=         40, data_o_partial     x
n=         40, data_o_partial     x
n=         40, data_o_partial     x
n=         40, data_o_partial     x
n=         40, data_o_partial     x
n=         40, data_o_partial     x
n=         40, data_o_partial     x
n=         40, data_o_partial     x
n=         40, data_o_partial     x
n=         40, data_o_partial     x
n=         40, data_o_partial     x
n=         40, data_o_partial     x
n=         40, data_o_partial     x
n=         40, data_o_partial     x
n=         40, data_o_partial     x
n=         40, data_o_partial     x
n=         40, data_o_partial     x
n=         40, data_o_partial     x
n=         40, data_o_partial     x
n=         40, data_o_partial     x
n=         40, data_o_partial     x
n=         40, data_o_partial     x
n=         40, data_o_partial     x
n=         40, data_o_partial     x
n=         40, data_o_partial     x
n=         40, data_o_partial     x
n=         40, data_o_partial     x
n=         40, data_o_partial     x
n=         40, data_o_partial     x
n=         40, data_o_partial     x
n=         40, data_o_partial     x
n=         40, data_o_partial     x
n=         40, data_o_partial     x
n=         40, data_o_partial     x
n=         40, data_o_partial     x
n=         40, data_o_partial     x
n=         40, data_o_partial     x
n=         40, data_o_partial     x
n=         40, data_o_partial     x
n=         40, data_o_partial     x
n=         40, data_o_partial     x
n=         40, data_o_partial     x
n=         40, data_o_partial     x
n=         40, data_o_partial     x
n=         40, data_o_partial     x
n=         40, data_o_partial     x
n=         40, data_o_partial     x
n=         40, data_o_partial     x
n=         40, data_o_partial     x
n=         40, data_o_partial     x
n=         40, data_o_partial     x
n=         40, data_o_partial     x
n=         40, data_o_partial     x
-----
k=         43
n=         41, data_o_partial     x
n=         41, data_o_partial     x
n=         41, data_o_partial     x
n=         41, data_o_partial     x
n=         41, data_o_partial     x
n=         41, data_o_partial     x
n=         41, data_o_partial     x
n=         41, data_o_partial     x
n=         41, data_o_partial     x
n=         41, data_o_partial     x
n=         41, data_o_partial     x
n=         41, data_o_partial     x
n=         41, data_o_partial     x
n=         41, data_o_partial     x
n=         41, data_o_partial     x
n=         41, data_o_partial     x
n=         41, data_o_partial     x
n=         41, data_o_partial     x
n=         41, data_o_partial     x
n=         41, data_o_partial     x
n=         41, data_o_partial     x
n=         41, data_o_partial     x
n=         41, data_o_partial     x
n=         41, data_o_partial     x
n=         41, data_o_partial     x
n=         41, data_o_partial     x
n=         41, data_o_partial     x
n=         41, data_o_partial     x
n=         41, data_o_partial     x
n=         41, data_o_partial     x
n=         41, data_o_partial     x
n=         41, data_o_partial     x
n=         41, data_o_partial     x
n=         41, data_o_partial     x
n=         41, data_o_partial     x
n=         41, data_o_partial     x
n=         41, data_o_partial     x
n=         41, data_o_partial     x
n=         41, data_o_partial     x
n=         41, data_o_partial     x
n=         41, data_o_partial     x
n=         41, data_o_partial     x
n=         41, data_o_partial     x
n=         41, data_o_partial     x
n=         41, data_o_partial     x
n=         41, data_o_partial     x
n=         41, data_o_partial     x
n=         41, data_o_partial     x
n=         41, data_o_partial     x
n=         41, data_o_partial     x
n=         41, data_o_partial     x
n=         41, data_o_partial     x
n=         41, data_o_partial     x
n=         41, data_o_partial     x
n=         41, data_o_partial     x
n=         41, data_o_partial     x
n=         41, data_o_partial     x
n=         41, data_o_partial     x
n=         41, data_o_partial     x
n=         41, data_o_partial     x
n=         41, data_o_partial     x
n=         41, data_o_partial     x
n=         41, data_o_partial     x
n=         41, data_o_partial     x
-----
k=         44
n=         42, data_o_partial     x
n=         42, data_o_partial     x
n=         42, data_o_partial     x
n=         42, data_o_partial     x
n=         42, data_o_partial     x
n=         42, data_o_partial     x
n=         42, data_o_partial     x
n=         42, data_o_partial     x
n=         42, data_o_partial     x
n=         42, data_o_partial     x
n=         42, data_o_partial     x
n=         42, data_o_partial     x
n=         42, data_o_partial     x
n=         42, data_o_partial     x
n=         42, data_o_partial     x
n=         42, data_o_partial     x
n=         42, data_o_partial     x
n=         42, data_o_partial     x
n=         42, data_o_partial     x
n=         42, data_o_partial     x
n=         42, data_o_partial     x
