
*** Running vivado
    with args -log input_counter.vds -m64 -product Vivado -mode batch -messageDb vivado.pb -notrace -source input_counter.tcl


****** Vivado v2022.2 (64-bit)
  **** SW Build 3671981 on Fri Oct 14 04:59:54 MDT 2022
  **** IP Build 3669848 on Fri Oct 14 08:30:02 MDT 2022
    ** Copyright 1986-2022 Xilinx, Inc. All Rights Reserved.

source input_counter.tcl -notrace
create_project: Time (s): cpu = 00:00:05 ; elapsed = 00:00:05 . Memory (MB): peak = 1684.039 ; gain = 85.992 ; free physical = 454559 ; free virtual = 1000031
Command: read_checkpoint -auto_incremental -incremental /home/kawada/input_counter/input_counter.srcs/utils_1/imports/synth_1/input_counter.dcp
INFO: [Vivado 12-5825] Read reference checkpoint from /home/kawada/input_counter/input_counter.srcs/utils_1/imports/synth_1/input_counter.dcp for incremental synthesis
INFO: [Vivado 12-7989] Please ensure there are no constraint changes
Command: synth_design -top input_counter -part xc7vx485tffg1157-1
Starting synth_design
Attempting to get a license for feature 'Synthesis' and/or device 'xc7vx485t'
INFO: [Common 17-349] Got license for feature 'Synthesis' and/or device 'xc7vx485t'
INFO: [Common 17-1540] The version limit for your license is '2022.11' and has expired for new software. A version limit expiration means that, although you may be able to continue to use the current version of tools or IP with this license, you will not be eligible for new releases.
INFO: [Designutils 20-5440] No compile time benefit to using incremental synthesis; A full resynthesis will be run
INFO: [Designutils 20-4379] Flow is switching to default flow due to incremental criteria not met. If you would like to alter this behaviour and have the flow terminate instead, please set the following parameter config_implementation {autoIncr.Synth.RejectBehavior Terminate}
INFO: [Synth 8-7079] Multithreading enabled for synth_design using a maximum of 4 processes.
INFO: [Synth 8-7078] Launching helper process for spawning children vivado processes
INFO: [Synth 8-7075] Helper process launched with PID 2885641
INFO: [Synth 8-11241] undeclared symbol 'REGCCE', assumed default net type 'wire' [/HLS/Xilinx/Vivado/2022.2/data/verilog/src/unimacro/BRAM_SINGLE_MACRO.v:2170]
---------------------------------------------------------------------------------
Starting Synthesize : Time (s): cpu = 00:00:04 ; elapsed = 00:00:04 . Memory (MB): peak = 2091.500 ; gain = 374.707 ; free physical = 454076 ; free virtual = 999547
Synthesis current peak Physical Memory [PSS] (MB): peak = 1434.388; parent = 1262.090; children = 172.298
Synthesis current peak Virtual Memory [VSS] (MB): peak = 3082.359; parent = 2091.504; children = 990.855
---------------------------------------------------------------------------------
INFO: [Synth 8-6157] synthesizing module 'input_counter' [/home/kawada/input_counter/input_counter.srcs/sources_1/imports/input_counter/input_conter.v:2]
INFO: [Synth 8-6155] done synthesizing module 'input_counter' (0#1) [/home/kawada/input_counter/input_counter.srcs/sources_1/imports/input_counter/input_conter.v:2]
---------------------------------------------------------------------------------
Finished Synthesize : Time (s): cpu = 00:00:05 ; elapsed = 00:00:06 . Memory (MB): peak = 2156.469 ; gain = 439.676 ; free physical = 454167 ; free virtual = 999639
Synthesis current peak Physical Memory [PSS] (MB): peak = 1434.388; parent = 1262.090; children = 172.298
Synthesis current peak Virtual Memory [VSS] (MB): peak = 3147.328; parent = 2156.473; children = 990.855
---------------------------------------------------------------------------------
---------------------------------------------------------------------------------
Finished Constraint Validation : Time (s): cpu = 00:00:06 ; elapsed = 00:00:06 . Memory (MB): peak = 2174.281 ; gain = 457.488 ; free physical = 454160 ; free virtual = 999632
Synthesis current peak Physical Memory [PSS] (MB): peak = 1434.388; parent = 1262.090; children = 172.298
Synthesis current peak Virtual Memory [VSS] (MB): peak = 3165.141; parent = 2174.285; children = 990.855
---------------------------------------------------------------------------------
---------------------------------------------------------------------------------
Start Loading Part and Timing Information
---------------------------------------------------------------------------------
Loading part: xc7vx485tffg1157-1
---------------------------------------------------------------------------------
INFO: [Device 21-403] Loading part xc7vx485tffg1157-1
Finished Loading Part and Timing Information : Time (s): cpu = 00:00:06 ; elapsed = 00:00:06 . Memory (MB): peak = 2176.285 ; gain = 459.492 ; free physical = 454157 ; free virtual = 999630
Synthesis current peak Physical Memory [PSS] (MB): peak = 1434.388; parent = 1262.090; children = 172.298
Synthesis current peak Virtual Memory [VSS] (MB): peak = 3167.145; parent = 2176.289; children = 990.855
---------------------------------------------------------------------------------
---------------------------------------------------------------------------------
Finished RTL Optimization Phase 2 : Time (s): cpu = 00:00:06 ; elapsed = 00:00:06 . Memory (MB): peak = 2185.191 ; gain = 468.398 ; free physical = 454144 ; free virtual = 999617
Synthesis current peak Physical Memory [PSS] (MB): peak = 1434.388; parent = 1262.090; children = 172.298
Synthesis current peak Virtual Memory [VSS] (MB): peak = 3176.051; parent = 2185.195; children = 990.855
---------------------------------------------------------------------------------
No constraint files found.
---------------------------------------------------------------------------------
Start RTL Component Statistics 
---------------------------------------------------------------------------------
Detailed RTL Component Info : 
+---Adders : 
	   2 Input   14 Bit       Adders := 1     
+---Registers : 
	               14 Bit    Registers := 1     
	                2 Bit    Registers := 1     
+---Muxes : 
	   3 Input   14 Bit        Muxes := 1     
	   3 Input    2 Bit        Muxes := 1     
	   2 Input    1 Bit        Muxes := 1     
---------------------------------------------------------------------------------
Finished RTL Component Statistics 
---------------------------------------------------------------------------------
---------------------------------------------------------------------------------
Start Part Resource Summary
---------------------------------------------------------------------------------
Part Resources:
DSPs: 2800 (col length:140)
BRAMs: 2060 (col length: RAMB18 140 RAMB36 70)
---------------------------------------------------------------------------------
Finished Part Resource Summary
---------------------------------------------------------------------------------
No constraint files found.
---------------------------------------------------------------------------------
Start Cross Boundary and Area Optimization
---------------------------------------------------------------------------------
WARNING: [Synth 8-7080] Parallel synthesis criteria is not met
---------------------------------------------------------------------------------
Finished Cross Boundary and Area Optimization : Time (s): cpu = 00:00:16 ; elapsed = 00:00:17 . Memory (MB): peak = 2454.613 ; gain = 737.820 ; free physical = 453722 ; free virtual = 999197
Synthesis current peak Physical Memory [PSS] (MB): peak = 1797.600; parent = 1625.436; children = 172.298
Synthesis current peak Virtual Memory [VSS] (MB): peak = 3445.473; parent = 2454.617; children = 990.855
---------------------------------------------------------------------------------
No constraint files found.
---------------------------------------------------------------------------------
Start Timing Optimization
---------------------------------------------------------------------------------
---------------------------------------------------------------------------------
Finished Timing Optimization : Time (s): cpu = 00:00:16 ; elapsed = 00:00:17 . Memory (MB): peak = 2454.613 ; gain = 737.820 ; free physical = 453722 ; free virtual = 999198
Synthesis current peak Physical Memory [PSS] (MB): peak = 1800.742; parent = 1628.582; children = 172.298
Synthesis current peak Virtual Memory [VSS] (MB): peak = 3445.473; parent = 2454.617; children = 990.855
---------------------------------------------------------------------------------
---------------------------------------------------------------------------------
Start Technology Mapping
---------------------------------------------------------------------------------
---------------------------------------------------------------------------------
Finished Technology Mapping : Time (s): cpu = 00:00:16 ; elapsed = 00:00:17 . Memory (MB): peak = 2454.613 ; gain = 737.820 ; free physical = 453720 ; free virtual = 999195
Synthesis current peak Physical Memory [PSS] (MB): peak = 1801.336; parent = 1629.176; children = 172.298
Synthesis current peak Virtual Memory [VSS] (MB): peak = 3445.473; parent = 2454.617; children = 990.855
---------------------------------------------------------------------------------
---------------------------------------------------------------------------------
Start IO Insertion
---------------------------------------------------------------------------------
---------------------------------------------------------------------------------
Start Flattening Before IO Insertion
---------------------------------------------------------------------------------
---------------------------------------------------------------------------------
Finished Flattening Before IO Insertion
---------------------------------------------------------------------------------
---------------------------------------------------------------------------------
Start Final Netlist Cleanup
---------------------------------------------------------------------------------
---------------------------------------------------------------------------------
Finished Final Netlist Cleanup
---------------------------------------------------------------------------------
---------------------------------------------------------------------------------
Finished IO Insertion : Time (s): cpu = 00:00:20 ; elapsed = 00:00:21 . Memory (MB): peak = 2454.613 ; gain = 737.820 ; free physical = 453720 ; free virtual = 999196
Synthesis current peak Physical Memory [PSS] (MB): peak = 1801.529; parent = 1629.369; children = 172.298
Synthesis current peak Virtual Memory [VSS] (MB): peak = 3445.473; parent = 2454.617; children = 990.855
---------------------------------------------------------------------------------
---------------------------------------------------------------------------------
Start Renaming Generated Instances
---------------------------------------------------------------------------------
---------------------------------------------------------------------------------
Finished Renaming Generated Instances : Time (s): cpu = 00:00:20 ; elapsed = 00:00:21 . Memory (MB): peak = 2454.613 ; gain = 737.820 ; free physical = 453720 ; free virtual = 999196
Synthesis current peak Physical Memory [PSS] (MB): peak = 1801.592; parent = 1629.432; children = 172.298
Synthesis current peak Virtual Memory [VSS] (MB): peak = 3445.473; parent = 2454.617; children = 990.855
---------------------------------------------------------------------------------
---------------------------------------------------------------------------------
Start Rebuilding User Hierarchy
---------------------------------------------------------------------------------
---------------------------------------------------------------------------------
Finished Rebuilding User Hierarchy : Time (s): cpu = 00:00:20 ; elapsed = 00:00:21 . Memory (MB): peak = 2454.613 ; gain = 737.820 ; free physical = 453721 ; free virtual = 999196
Synthesis current peak Physical Memory [PSS] (MB): peak = 1801.607; parent = 1629.447; children = 172.298
Synthesis current peak Virtual Memory [VSS] (MB): peak = 3445.473; parent = 2454.617; children = 990.855
---------------------------------------------------------------------------------
---------------------------------------------------------------------------------
Start Renaming Generated Ports
---------------------------------------------------------------------------------
---------------------------------------------------------------------------------
Finished Renaming Generated Ports : Time (s): cpu = 00:00:20 ; elapsed = 00:00:21 . Memory (MB): peak = 2454.613 ; gain = 737.820 ; free physical = 453721 ; free virtual = 999196
Synthesis current peak Physical Memory [PSS] (MB): peak = 1801.623; parent = 1629.463; children = 172.298
Synthesis current peak Virtual Memory [VSS] (MB): peak = 3445.473; parent = 2454.617; children = 990.855
---------------------------------------------------------------------------------
---------------------------------------------------------------------------------
Start Handling Custom Attributes
---------------------------------------------------------------------------------
---------------------------------------------------------------------------------
Finished Handling Custom Attributes : Time (s): cpu = 00:00:20 ; elapsed = 00:00:21 . Memory (MB): peak = 2454.613 ; gain = 737.820 ; free physical = 453721 ; free virtual = 999196
Synthesis current peak Physical Memory [PSS] (MB): peak = 1801.639; parent = 1629.479; children = 172.298
Synthesis current peak Virtual Memory [VSS] (MB): peak = 3445.473; parent = 2454.617; children = 990.855
---------------------------------------------------------------------------------
---------------------------------------------------------------------------------
Start Renaming Generated Nets
---------------------------------------------------------------------------------
---------------------------------------------------------------------------------
Finished Renaming Generated Nets : Time (s): cpu = 00:00:20 ; elapsed = 00:00:21 . Memory (MB): peak = 2454.613 ; gain = 737.820 ; free physical = 453721 ; free virtual = 999196
Synthesis current peak Physical Memory [PSS] (MB): peak = 1801.654; parent = 1629.494; children = 172.298
Synthesis current peak Virtual Memory [VSS] (MB): peak = 3445.473; parent = 2454.617; children = 990.855
---------------------------------------------------------------------------------
---------------------------------------------------------------------------------
Start Writing Synthesis Report
---------------------------------------------------------------------------------

Report BlackBoxes: 
+-+--------------+----------+
| |BlackBox name |Instances |
+-+--------------+----------+
+-+--------------+----------+

Report Cell Usage: 
+------+-------+------+
|      |Cell   |Count |
+------+-------+------+
|1     |BUFG   |     1|
|2     |CARRY4 |     8|
|3     |LUT1   |    16|
|4     |LUT2   |     2|
|5     |LUT3   |    14|
|6     |FDCE   |    30|
|7     |IBUF   |    18|
|8     |OBUF   |    30|
+------+-------+------+

Report Instance Areas: 
+------+---------+-------+------+
|      |Instance |Module |Cells |
+------+---------+-------+------+
|1     |top      |       |   119|
+------+---------+-------+------+
---------------------------------------------------------------------------------
Finished Writing Synthesis Report : Time (s): cpu = 00:00:20 ; elapsed = 00:00:21 . Memory (MB): peak = 2454.613 ; gain = 737.820 ; free physical = 453721 ; free virtual = 999196
Synthesis current peak Physical Memory [PSS] (MB): peak = 1801.730; parent = 1629.570; children = 172.298
Synthesis current peak Virtual Memory [VSS] (MB): peak = 3445.473; parent = 2454.617; children = 990.855
---------------------------------------------------------------------------------
Synthesis finished with 0 errors, 0 critical warnings and 1 warnings.
Synthesis Optimization Runtime : Time (s): cpu = 00:00:20 ; elapsed = 00:00:21 . Memory (MB): peak = 2454.613 ; gain = 737.820 ; free physical = 453731 ; free virtual = 999206
Synthesis Optimization Complete : Time (s): cpu = 00:00:20 ; elapsed = 00:00:21 . Memory (MB): peak = 2454.621 ; gain = 737.820 ; free physical = 453731 ; free virtual = 999206
INFO: [Project 1-571] Translating synthesized netlist
Netlist sorting complete. Time (s): cpu = 00:00:00 ; elapsed = 00:00:00 . Memory (MB): peak = 2466.520 ; gain = 0.000 ; free physical = 453828 ; free virtual = 999304
INFO: [Netlist 29-17] Analyzing 8 Unisim elements for replacement
INFO: [Netlist 29-28] Unisim Transformation completed in 0 CPU seconds
INFO: [Project 1-570] Preparing netlist for logic optimization
INFO: [Opt 31-138] Pushed 0 inverter(s) to 0 load pin(s).
Netlist sorting complete. Time (s): cpu = 00:00:00 ; elapsed = 00:00:00.01 . Memory (MB): peak = 2577.105 ; gain = 0.000 ; free physical = 453739 ; free virtual = 999214
INFO: [Project 1-111] Unisim Transformation Summary:
No Unisim elements were transformed.

Synth Design complete, checksum: 3aec235c
INFO: [Common 17-83] Releasing license: Synthesis
20 Infos, 1 Warnings, 0 Critical Warnings and 0 Errors encountered.
synth_design completed successfully
synth_design: Time (s): cpu = 00:00:27 ; elapsed = 00:00:25 . Memory (MB): peak = 2577.105 ; gain = 869.254 ; free physical = 453948 ; free virtual = 999424
INFO: [Common 17-1381] The checkpoint '/home/kawada/input_counter/input_counter.runs/synth_1/input_counter.dcp' has been generated.
INFO: [runtcl-4] Executing : report_utilization -file input_counter_utilization_synth.rpt -pb input_counter_utilization_synth.pb
INFO: [Common 17-206] Exiting Vivado at Sat Jan  6 22:58:30 2024...