Time resolution is 1 ps
in_group_idx=   0, di_en=0, in_num_tmp=  0, in=  -150, out_group_idx=   0, do_en=0, out=         0
in_group_idx=   1, di_en=1, in_num_tmp=  1, in=  -149, out_group_idx=   0, do_en=0, out=         0
in_group_idx=   2, di_en=1, in_num_tmp=  2, in=  -148, out_group_idx=   1, do_en=1, out=     22201
in_group_idx=   3, di_en=1, in_num_tmp=  3, in=  -147, out_group_idx=   2, do_en=1, out=     21904
in_group_idx=   4, di_en=1, in_num_tmp=  4, in=  -146, out_group_idx=   3, do_en=1, out=     21609
in_group_idx=   5, di_en=1, in_num_tmp=  5, in=  -145, out_group_idx=   4, do_en=1, out=     21316
in_group_idx=   6, di_en=1, in_num_tmp=  6, in=  -144, out_group_idx=   5, do_en=1, out=     21025
in_group_idx=   7, di_en=1, in_num_tmp=  7, in=  -143, out_group_idx=   6, do_en=1, out=     20736
in_group_idx=   8, di_en=1, in_num_tmp=  8, in=  -142, out_group_idx=   7, do_en=1, out=     20449
in_group_idx=   9, di_en=1, in_num_tmp=  9, in=  -141, out_group_idx=   8, do_en=1, out=     20164
in_group_idx=  10, di_en=1, in_num_tmp= 10, in=  -140, out_group_idx=   9, do_en=1, out=     19881
in_group_idx=  11, di_en=1, in_num_tmp= 11, in=  -139, out_group_idx=  10, do_en=1, out=     19600
in_group_idx=  12, di_en=1, in_num_tmp= 12, in=  -138, out_group_idx=  11, do_en=1, out=     19321
in_group_idx=  13, di_en=1, in_num_tmp= 13, in=  -137, out_group_idx=  12, do_en=1, out=     19044
in_group_idx=  14, di_en=1, in_num_tmp= 14, in=  -136, out_group_idx=  13, do_en=1, out=     18769
in_group_idx=  15, di_en=1, in_num_tmp= 15, in=  -135, out_group_idx=  14, do_en=1, out=     18496
in_group_idx=  16, di_en=1, in_num_tmp= 16, in=  -134, out_group_idx=  15, do_en=1, out=     18225
in_group_idx=  17, di_en=1, in_num_tmp= 17, in=  -133, out_group_idx=  16, do_en=1, out=     17956
in_group_idx=  18, di_en=1, in_num_tmp= 18, in=  -132, out_group_idx=  17, do_en=1, out=     17689
in_group_idx=  19, di_en=1, in_num_tmp= 19, in=  -131, out_group_idx=  18, do_en=1, out=     17424
in_group_idx=  20, di_en=1, in_num_tmp= 20, in=  -130, out_group_idx=  19, do_en=1, out=     17161
in_group_idx=  21, di_en=1, in_num_tmp= 21, in=  -129, out_group_idx=  20, do_en=1, out=     16900
in_group_idx=  22, di_en=1, in_num_tmp= 22, in=  -128, out_group_idx=  21, do_en=1, out=     16641
in_group_idx=  23, di_en=1, in_num_tmp= 23, in=  -127, out_group_idx=  22, do_en=1, out=     16384
in_group_idx=  24, di_en=1, in_num_tmp= 24, in=  -126, out_group_idx=  23, do_en=1, out=     16129
in_group_idx=  25, di_en=1, in_num_tmp= 25, in=  -125, out_group_idx=  24, do_en=1, out=     15876
in_group_idx=  26, di_en=1, in_num_tmp= 26, in=  -124, out_group_idx=  25, do_en=1, out=     15625
in_group_idx=  27, di_en=1, in_num_tmp= 27, in=  -123, out_group_idx=  26, do_en=1, out=     15376
in_group_idx=  28, di_en=1, in_num_tmp= 28, in=  -122, out_group_idx=  27, do_en=1, out=     15129
in_group_idx=  29, di_en=1, in_num_tmp= 29, in=  -121, out_group_idx=  28, do_en=1, out=     14884
in_group_idx=  30, di_en=1, in_num_tmp= 30, in=  -120, out_group_idx=  29, do_en=1, out=     14641
in_group_idx=  31, di_en=1, in_num_tmp= 31, in=  -119, out_group_idx=  30, do_en=1, out=     14400
in_group_idx=  32, di_en=1, in_num_tmp= 32, in=  -118, out_group_idx=  31, do_en=1, out=     14161
in_group_idx=  33, di_en=1, in_num_tmp= 33, in=  -117, out_group_idx=  32, do_en=1, out=     13924
in_group_idx=  34, di_en=1, in_num_tmp= 34, in=  -116, out_group_idx=  33, do_en=1, out=     13689
in_group_idx=  35, di_en=1, in_num_tmp= 35, in=  -115, out_group_idx=  34, do_en=1, out=     13456
in_group_idx=  36, di_en=1, in_num_tmp= 36, in=  -114, out_group_idx=  35, do_en=1, out=     13225
in_group_idx=  37, di_en=1, in_num_tmp= 37, in=  -113, out_group_idx=  36, do_en=1, out=     12996
in_group_idx=  38, di_en=1, in_num_tmp= 38, in=  -112, out_group_idx=  37, do_en=1, out=     12769
in_group_idx=  39, di_en=1, in_num_tmp= 39, in=  -111, out_group_idx=  38, do_en=1, out=     12544
in_group_idx=  40, di_en=1, in_num_tmp= 40, in=  -110, out_group_idx=  39, do_en=1, out=     12321
in_group_idx=  41, di_en=1, in_num_tmp= 41, in=  -109, out_group_idx=  40, do_en=1, out=     12100
in_group_idx=  42, di_en=1, in_num_tmp= 42, in=  -108, out_group_idx=  41, do_en=1, out=     11881
in_group_idx=  43, di_en=1, in_num_tmp= 43, in=  -107, out_group_idx=  42, do_en=1, out=     11664
in_group_idx=  44, di_en=1, in_num_tmp= 44, in=  -106, out_group_idx=  43, do_en=1, out=     11449
in_group_idx=  45, di_en=1, in_num_tmp= 45, in=  -105, out_group_idx=  44, do_en=1, out=     11236
in_group_idx=  46, di_en=1, in_num_tmp= 46, in=  -104, out_group_idx=  45, do_en=1, out=     11025
in_group_idx=  47, di_en=1, in_num_tmp= 47, in=  -103, out_group_idx=  46, do_en=1, out=     10816
in_group_idx=  48, di_en=1, in_num_tmp= 48, in=  -102, out_group_idx=  47, do_en=1, out=     10609
in_group_idx=  49, di_en=1, in_num_tmp= 49, in=  -101, out_group_idx=  48, do_en=1, out=     10404
in_group_idx=  50, di_en=1, in_num_tmp= 50, in=  -100, out_group_idx=  49, do_en=1, out=     10201
in_group_idx=  51, di_en=1, in_num_tmp= 51, in=   -99, out_group_idx=  50, do_en=1, out=     10000
in_group_idx=  52, di_en=1, in_num_tmp= 52, in=   -98, out_group_idx=  51, do_en=1, out=      9801
in_group_idx=  53, di_en=1, in_num_tmp= 53, in=   -97, out_group_idx=  52, do_en=1, out=      9604
in_group_idx=  54, di_en=1, in_num_tmp= 54, in=   -96, out_group_idx=  53, do_en=1, out=      9409
in_group_idx=  55, di_en=1, in_num_tmp= 55, in=   -95, out_group_idx=  54, do_en=1, out=      9216
in_group_idx=  56, di_en=1, in_num_tmp= 56, in=   -94, out_group_idx=  55, do_en=1, out=      9025
in_group_idx=  57, di_en=1, in_num_tmp= 57, in=   -93, out_group_idx=  56, do_en=1, out=      8836
in_group_idx=  58, di_en=1, in_num_tmp= 58, in=   -92, out_group_idx=  57, do_en=1, out=      8649
in_group_idx=  59, di_en=1, in_num_tmp= 59, in=   -91, out_group_idx=  58, do_en=1, out=      8464
in_group_idx=  60, di_en=1, in_num_tmp= 60, in=   -90, out_group_idx=  59, do_en=1, out=      8281
in_group_idx=  61, di_en=1, in_num_tmp= 61, in=   -89, out_group_idx=  60, do_en=1, out=      8100
in_group_idx=  62, di_en=1, in_num_tmp= 62, in=   -88, out_group_idx=  61, do_en=1, out=      7921
in_group_idx=  63, di_en=1, in_num_tmp= 63, in=   -87, out_group_idx=  62, do_en=1, out=      7744
in_group_idx=  64, di_en=1, in_num_tmp= 64, in=   -86, out_group_idx=  63, do_en=1, out=      7569
in_group_idx=  65, di_en=1, in_num_tmp= 65, in=   -85, out_group_idx=  64, do_en=1, out=      7396
in_group_idx=  66, di_en=1, in_num_tmp= 66, in=   -84, out_group_idx=  65, do_en=1, out=      7225
in_group_idx=  67, di_en=1, in_num_tmp= 67, in=   -83, out_group_idx=  66, do_en=1, out=      7056
in_group_idx=  68, di_en=1, in_num_tmp= 68, in=   -82, out_group_idx=  67, do_en=1, out=      6889
in_group_idx=  69, di_en=1, in_num_tmp= 69, in=   -81, out_group_idx=  68, do_en=1, out=      6724
in_group_idx=  70, di_en=1, in_num_tmp= 70, in=   -80, out_group_idx=  69, do_en=1, out=      6561
in_group_idx=  71, di_en=1, in_num_tmp= 71, in=   -79, out_group_idx=  70, do_en=1, out=      6400
in_group_idx=  72, di_en=1, in_num_tmp= 72, in=   -78, out_group_idx=  71, do_en=1, out=      6241
in_group_idx=  73, di_en=1, in_num_tmp= 73, in=   -77, out_group_idx=  72, do_en=1, out=      6084
in_group_idx=  74, di_en=1, in_num_tmp= 74, in=   -76, out_group_idx=  73, do_en=1, out=      5929
in_group_idx=  75, di_en=1, in_num_tmp= 75, in=   -75, out_group_idx=  74, do_en=1, out=      5776
in_group_idx=  76, di_en=1, in_num_tmp= 76, in=   -74, out_group_idx=  75, do_en=1, out=      5625
in_group_idx=  77, di_en=1, in_num_tmp= 77, in=   -73, out_group_idx=  76, do_en=1, out=      5476
in_group_idx=  78, di_en=1, in_num_tmp= 78, in=   -72, out_group_idx=  77, do_en=1, out=      5329
in_group_idx=  79, di_en=1, in_num_tmp= 79, in=   -71, out_group_idx=  78, do_en=1, out=      5184
in_group_idx=  80, di_en=1, in_num_tmp= 80, in=   -70, out_group_idx=  79, do_en=1, out=      5041
in_group_idx=  81, di_en=1, in_num_tmp= 81, in=   -69, out_group_idx=  80, do_en=1, out=      4900
in_group_idx=  82, di_en=1, in_num_tmp= 82, in=   -68, out_group_idx=  81, do_en=1, out=      4761
in_group_idx=  83, di_en=1, in_num_tmp= 83, in=   -67, out_group_idx=  82, do_en=1, out=      4624
in_group_idx=  84, di_en=1, in_num_tmp= 84, in=   -66, out_group_idx=  83, do_en=1, out=      4489
in_group_idx=  85, di_en=1, in_num_tmp= 85, in=   -65, out_group_idx=  84, do_en=1, out=      4356
in_group_idx=  86, di_en=1, in_num_tmp= 86, in=   -64, out_group_idx=  85, do_en=1, out=      4225
in_group_idx=  87, di_en=1, in_num_tmp= 87, in=   -63, out_group_idx=  86, do_en=1, out=      4096
in_group_idx=  88, di_en=1, in_num_tmp= 88, in=   -62, out_group_idx=  87, do_en=1, out=      3969
in_group_idx=  89, di_en=1, in_num_tmp= 89, in=   -61, out_group_idx=  88, do_en=1, out=      3844
in_group_idx=  90, di_en=1, in_num_tmp= 90, in=   -60, out_group_idx=  89, do_en=1, out=      3721
in_group_idx=  91, di_en=1, in_num_tmp= 91, in=   -59, out_group_idx=  90, do_en=1, out=      3600
in_group_idx=  92, di_en=1, in_num_tmp= 92, in=   -58, out_group_idx=  91, do_en=1, out=      3481
in_group_idx=  93, di_en=1, in_num_tmp= 93, in=   -57, out_group_idx=  92, do_en=1, out=      3364
in_group_idx=  94, di_en=1, in_num_tmp= 94, in=   -56, out_group_idx=  93, do_en=1, out=      3249
in_group_idx=  95, di_en=1, in_num_tmp= 95, in=   -55, out_group_idx=  94, do_en=1, out=      3136
in_group_idx=  96, di_en=1, in_num_tmp= 96, in=   -54, out_group_idx=  95, do_en=1, out=      3025
in_group_idx=  97, di_en=1, in_num_tmp= 97, in=   -53, out_group_idx=  96, do_en=1, out=      2916
in_group_idx=  98, di_en=1, in_num_tmp= 98, in=   -52, out_group_idx=  97, do_en=1, out=      2809
in_group_idx=  99, di_en=1, in_num_tmp= 99, in=   -51, out_group_idx=  98, do_en=1, out=      2704
in_group_idx= 100, di_en=1, in_num_tmp=100, in=   -50, out_group_idx=  99, do_en=1, out=      2601
in_group_idx= 101, di_en=1, in_num_tmp=101, in=   -49, out_group_idx= 100, do_en=1, out=      2500
in_group_idx= 102, di_en=1, in_num_tmp=102, in=   -48, out_group_idx= 101, do_en=1, out=      2401
in_group_idx= 103, di_en=1, in_num_tmp=103, in=   -47, out_group_idx= 102, do_en=1, out=      2304
in_group_idx= 104, di_en=1, in_num_tmp=104, in=   -46, out_group_idx= 103, do_en=1, out=      2209
in_group_idx= 105, di_en=1, in_num_tmp=105, in=   -45, out_group_idx= 104, do_en=1, out=      2116
in_group_idx= 106, di_en=1, in_num_tmp=106, in=   -44, out_group_idx= 105, do_en=1, out=      2025
in_group_idx= 107, di_en=1, in_num_tmp=107, in=   -43, out_group_idx= 106, do_en=1, out=      1936
in_group_idx= 108, di_en=1, in_num_tmp=108, in=   -42, out_group_idx= 107, do_en=1, out=      1849
in_group_idx= 109, di_en=1, in_num_tmp=109, in=   -41, out_group_idx= 108, do_en=1, out=      1764
in_group_idx= 110, di_en=1, in_num_tmp=110, in=   -40, out_group_idx= 109, do_en=1, out=      1681
in_group_idx= 111, di_en=1, in_num_tmp=111, in=   -39, out_group_idx= 110, do_en=1, out=      1600
in_group_idx= 112, di_en=1, in_num_tmp=112, in=   -38, out_group_idx= 111, do_en=1, out=      1521
in_group_idx= 113, di_en=1, in_num_tmp=113, in=   -37, out_group_idx= 112, do_en=1, out=      1444
in_group_idx= 114, di_en=1, in_num_tmp=114, in=   -36, out_group_idx= 113, do_en=1, out=      1369
in_group_idx= 115, di_en=1, in_num_tmp=115, in=   -35, out_group_idx= 114, do_en=1, out=      1296
in_group_idx= 116, di_en=1, in_num_tmp=116, in=   -34, out_group_idx= 115, do_en=1, out=      1225
in_group_idx= 117, di_en=1, in_num_tmp=117, in=   -33, out_group_idx= 116, do_en=1, out=      1156
in_group_idx= 118, di_en=1, in_num_tmp=118, in=   -32, out_group_idx= 117, do_en=1, out=      1089
in_group_idx= 119, di_en=1, in_num_tmp=119, in=   -31, out_group_idx= 118, do_en=1, out=      1024
in_group_idx= 120, di_en=1, in_num_tmp=120, in=   -30, out_group_idx= 119, do_en=1, out=       961
in_group_idx= 121, di_en=1, in_num_tmp=121, in=   -29, out_group_idx= 120, do_en=1, out=       900
in_group_idx= 122, di_en=1, in_num_tmp=122, in=   -28, out_group_idx= 121, do_en=1, out=       841
in_group_idx= 123, di_en=1, in_num_tmp=123, in=   -27, out_group_idx= 122, do_en=1, out=       784
in_group_idx= 124, di_en=1, in_num_tmp=124, in=   -26, out_group_idx= 123, do_en=1, out=       729
in_group_idx= 125, di_en=1, in_num_tmp=125, in=   -25, out_group_idx= 124, do_en=1, out=       676
in_group_idx= 126, di_en=1, in_num_tmp=126, in=   -24, out_group_idx= 125, do_en=1, out=       625
in_group_idx= 127, di_en=1, in_num_tmp=127, in=   -23, out_group_idx= 126, do_en=1, out=       576
in_group_idx= 128, di_en=1, in_num_tmp=128, in=   -22, out_group_idx= 127, do_en=1, out=       529
in_group_idx= 129, di_en=1, in_num_tmp=129, in=   -21, out_group_idx= 128, do_en=1, out=       484
in_group_idx= 130, di_en=1, in_num_tmp=130, in=   -20, out_group_idx= 129, do_en=1, out=       441
in_group_idx= 131, di_en=1, in_num_tmp=131, in=   -19, out_group_idx= 130, do_en=1, out=       400
in_group_idx= 132, di_en=1, in_num_tmp=132, in=   -18, out_group_idx= 131, do_en=1, out=       361
in_group_idx= 133, di_en=1, in_num_tmp=133, in=   -17, out_group_idx= 132, do_en=1, out=       324
in_group_idx= 134, di_en=1, in_num_tmp=134, in=   -16, out_group_idx= 133, do_en=1, out=       289
in_group_idx= 135, di_en=1, in_num_tmp=135, in=   -15, out_group_idx= 134, do_en=1, out=       256
in_group_idx= 136, di_en=1, in_num_tmp=136, in=   -14, out_group_idx= 135, do_en=1, out=       225
in_group_idx= 137, di_en=1, in_num_tmp=137, in=   -13, out_group_idx= 136, do_en=1, out=       196
in_group_idx= 138, di_en=1, in_num_tmp=138, in=   -12, out_group_idx= 137, do_en=1, out=       169
in_group_idx= 139, di_en=1, in_num_tmp=139, in=   -11, out_group_idx= 138, do_en=1, out=       144
in_group_idx= 140, di_en=1, in_num_tmp=140, in=   -10, out_group_idx= 139, do_en=1, out=       121
in_group_idx= 141, di_en=1, in_num_tmp=141, in=    -9, out_group_idx= 140, do_en=1, out=       100
in_group_idx= 142, di_en=1, in_num_tmp=142, in=    -8, out_group_idx= 141, do_en=1, out=        81
in_group_idx= 143, di_en=1, in_num_tmp=143, in=    -7, out_group_idx= 142, do_en=1, out=        64
in_group_idx= 144, di_en=1, in_num_tmp=144, in=    -6, out_group_idx= 143, do_en=1, out=        49
in_group_idx= 145, di_en=1, in_num_tmp=145, in=    -5, out_group_idx= 144, do_en=1, out=        36
in_group_idx= 146, di_en=1, in_num_tmp=146, in=    -4, out_group_idx= 145, do_en=1, out=        25
in_group_idx= 147, di_en=1, in_num_tmp=147, in=    -3, out_group_idx= 146, do_en=1, out=        16
in_group_idx= 148, di_en=1, in_num_tmp=148, in=    -2, out_group_idx= 147, do_en=1, out=         9
in_group_idx= 149, di_en=1, in_num_tmp=149, in=    -1, out_group_idx= 148, do_en=1, out=         4
in_group_idx= 150, di_en=1, in_num_tmp=150, in=     0, out_group_idx= 149, do_en=1, out=         1
in_group_idx= 151, di_en=1, in_num_tmp=151, in=     1, out_group_idx= 150, do_en=1, out=         0
in_group_idx= 152, di_en=1, in_num_tmp=152, in=     2, out_group_idx= 151, do_en=1, out=         1
in_group_idx= 153, di_en=1, in_num_tmp=153, in=     3, out_group_idx= 152, do_en=1, out=         4
in_group_idx= 154, di_en=1, in_num_tmp=154, in=     4, out_group_idx= 153, do_en=1, out=         9
in_group_idx= 155, di_en=1, in_num_tmp=155, in=     5, out_group_idx= 154, do_en=1, out=        16
in_group_idx= 156, di_en=1, in_num_tmp=156, in=     6, out_group_idx= 155, do_en=1, out=        25
in_group_idx= 157, di_en=1, in_num_tmp=157, in=     7, out_group_idx= 156, do_en=1, out=        36
in_group_idx= 158, di_en=1, in_num_tmp=158, in=     8, out_group_idx= 157, do_en=1, out=        49
in_group_idx= 159, di_en=1, in_num_tmp=159, in=     9, out_group_idx= 158, do_en=1, out=        64
in_group_idx= 160, di_en=1, in_num_tmp=160, in=    10, out_group_idx= 159, do_en=1, out=        81
in_group_idx= 161, di_en=1, in_num_tmp=161, in=    11, out_group_idx= 160, do_en=1, out=       100
in_group_idx= 162, di_en=1, in_num_tmp=162, in=    12, out_group_idx= 161, do_en=1, out=       121
in_group_idx= 163, di_en=1, in_num_tmp=163, in=    13, out_group_idx= 162, do_en=1, out=       144
in_group_idx= 164, di_en=1, in_num_tmp=164, in=    14, out_group_idx= 163, do_en=1, out=       169
in_group_idx= 165, di_en=1, in_num_tmp=165, in=    15, out_group_idx= 164, do_en=1, out=       196
in_group_idx= 166, di_en=1, in_num_tmp=166, in=    16, out_group_idx= 165, do_en=1, out=       225
in_group_idx= 167, di_en=1, in_num_tmp=167, in=    17, out_group_idx= 166, do_en=1, out=       256
in_group_idx= 168, di_en=1, in_num_tmp=168, in=    18, out_group_idx= 167, do_en=1, out=       289
in_group_idx= 169, di_en=1, in_num_tmp=169, in=    19, out_group_idx= 168, do_en=1, out=       324
in_group_idx= 170, di_en=1, in_num_tmp=170, in=    20, out_group_idx= 169, do_en=1, out=       361
in_group_idx= 171, di_en=1, in_num_tmp=171, in=    21, out_group_idx= 170, do_en=1, out=       400
in_group_idx= 172, di_en=1, in_num_tmp=172, in=    22, out_group_idx= 171, do_en=1, out=       441
in_group_idx= 173, di_en=1, in_num_tmp=173, in=    23, out_group_idx= 172, do_en=1, out=       484
in_group_idx= 174, di_en=1, in_num_tmp=174, in=    24, out_group_idx= 173, do_en=1, out=       529
in_group_idx= 175, di_en=1, in_num_tmp=175, in=    25, out_group_idx= 174, do_en=1, out=       576
in_group_idx= 176, di_en=1, in_num_tmp=176, in=    26, out_group_idx= 175, do_en=1, out=       625
in_group_idx= 177, di_en=1, in_num_tmp=177, in=    27, out_group_idx= 176, do_en=1, out=       676
in_group_idx= 178, di_en=1, in_num_tmp=178, in=    28, out_group_idx= 177, do_en=1, out=       729
in_group_idx= 179, di_en=1, in_num_tmp=179, in=    29, out_group_idx= 178, do_en=1, out=       784
in_group_idx= 180, di_en=1, in_num_tmp=180, in=    30, out_group_idx= 179, do_en=1, out=       841
in_group_idx= 181, di_en=1, in_num_tmp=181, in=    31, out_group_idx= 180, do_en=1, out=       900
in_group_idx= 182, di_en=1, in_num_tmp=182, in=    32, out_group_idx= 181, do_en=1, out=       961
in_group_idx= 183, di_en=1, in_num_tmp=183, in=    33, out_group_idx= 182, do_en=1, out=      1024
in_group_idx= 184, di_en=1, in_num_tmp=184, in=    34, out_group_idx= 183, do_en=1, out=      1089
in_group_idx= 185, di_en=1, in_num_tmp=185, in=    35, out_group_idx= 184, do_en=1, out=      1156
in_group_idx= 186, di_en=1, in_num_tmp=186, in=    36, out_group_idx= 185, do_en=1, out=      1225
in_group_idx= 187, di_en=1, in_num_tmp=187, in=    37, out_group_idx= 186, do_en=1, out=      1296
in_group_idx= 188, di_en=1, in_num_tmp=188, in=    38, out_group_idx= 187, do_en=1, out=      1369
in_group_idx= 189, di_en=1, in_num_tmp=189, in=    39, out_group_idx= 188, do_en=1, out=      1444
in_group_idx= 190, di_en=1, in_num_tmp=190, in=    40, out_group_idx= 189, do_en=1, out=      1521
in_group_idx= 191, di_en=1, in_num_tmp=191, in=    41, out_group_idx= 190, do_en=1, out=      1600
in_group_idx= 192, di_en=1, in_num_tmp=192, in=    42, out_group_idx= 191, do_en=1, out=      1681
in_group_idx= 193, di_en=1, in_num_tmp=193, in=    43, out_group_idx= 192, do_en=1, out=      1764
in_group_idx= 194, di_en=1, in_num_tmp=194, in=    44, out_group_idx= 193, do_en=1, out=      1849
in_group_idx= 195, di_en=1, in_num_tmp=195, in=    45, out_group_idx= 194, do_en=1, out=      1936
in_group_idx= 196, di_en=1, in_num_tmp=196, in=    46, out_group_idx= 195, do_en=1, out=      2025
in_group_idx= 197, di_en=1, in_num_tmp=197, in=    47, out_group_idx= 196, do_en=1, out=      2116
in_group_idx= 198, di_en=1, in_num_tmp=198, in=    48, out_group_idx= 197, do_en=1, out=      2209
in_group_idx= 199, di_en=1, in_num_tmp=199, in=    49, out_group_idx= 198, do_en=1, out=      2304
in_group_idx= 200, di_en=1, in_num_tmp=200, in=    50, out_group_idx= 199, do_en=1, out=      2401
in_group_idx= 201, di_en=1, in_num_tmp=201, in=    51, out_group_idx= 200, do_en=1, out=      2500
in_group_idx= 202, di_en=1, in_num_tmp=202, in=    52, out_group_idx= 201, do_en=1, out=      2601
in_group_idx= 203, di_en=1, in_num_tmp=203, in=    53, out_group_idx= 202, do_en=1, out=      2704
in_group_idx= 204, di_en=1, in_num_tmp=204, in=    54, out_group_idx= 203, do_en=1, out=      2809
in_group_idx= 205, di_en=1, in_num_tmp=205, in=    55, out_group_idx= 204, do_en=1, out=      2916
in_group_idx= 206, di_en=1, in_num_tmp=206, in=    56, out_group_idx= 205, do_en=1, out=      3025
in_group_idx= 207, di_en=1, in_num_tmp=207, in=    57, out_group_idx= 206, do_en=1, out=      3136
in_group_idx= 208, di_en=1, in_num_tmp=208, in=    58, out_group_idx= 207, do_en=1, out=      3249
in_group_idx= 209, di_en=1, in_num_tmp=209, in=    59, out_group_idx= 208, do_en=1, out=      3364
in_group_idx= 210, di_en=1, in_num_tmp=210, in=    60, out_group_idx= 209, do_en=1, out=      3481
in_group_idx= 211, di_en=1, in_num_tmp=211, in=    61, out_group_idx= 210, do_en=1, out=      3600
in_group_idx= 212, di_en=1, in_num_tmp=212, in=    62, out_group_idx= 211, do_en=1, out=      3721
in_group_idx= 213, di_en=1, in_num_tmp=213, in=    63, out_group_idx= 212, do_en=1, out=      3844
in_group_idx= 214, di_en=1, in_num_tmp=214, in=    64, out_group_idx= 213, do_en=1, out=      3969
in_group_idx= 215, di_en=1, in_num_tmp=215, in=    65, out_group_idx= 214, do_en=1, out=      4096
in_group_idx= 216, di_en=1, in_num_tmp=216, in=    66, out_group_idx= 215, do_en=1, out=      4225
in_group_idx= 217, di_en=1, in_num_tmp=217, in=    67, out_group_idx= 216, do_en=1, out=      4356
in_group_idx= 218, di_en=1, in_num_tmp=218, in=    68, out_group_idx= 217, do_en=1, out=      4489
in_group_idx= 219, di_en=1, in_num_tmp=219, in=    69, out_group_idx= 218, do_en=1, out=      4624
in_group_idx= 220, di_en=1, in_num_tmp=220, in=    70, out_group_idx= 219, do_en=1, out=      4761
in_group_idx= 221, di_en=1, in_num_tmp=221, in=    71, out_group_idx= 220, do_en=1, out=      4900
in_group_idx= 222, di_en=1, in_num_tmp=222, in=    72, out_group_idx= 221, do_en=1, out=      5041
in_group_idx= 223, di_en=1, in_num_tmp=223, in=    73, out_group_idx= 222, do_en=1, out=      5184
in_group_idx= 224, di_en=1, in_num_tmp=224, in=    74, out_group_idx= 223, do_en=1, out=      5329
in_group_idx= 225, di_en=1, in_num_tmp=225, in=    75, out_group_idx= 224, do_en=1, out=      5476
in_group_idx= 226, di_en=1, in_num_tmp=226, in=    76, out_group_idx= 225, do_en=1, out=      5625
in_group_idx= 227, di_en=1, in_num_tmp=227, in=    77, out_group_idx= 226, do_en=1, out=      5776
in_group_idx= 228, di_en=1, in_num_tmp=228, in=    78, out_group_idx= 227, do_en=1, out=      5929
in_group_idx= 229, di_en=1, in_num_tmp=229, in=    79, out_group_idx= 228, do_en=1, out=      6084
in_group_idx= 230, di_en=1, in_num_tmp=230, in=    80, out_group_idx= 229, do_en=1, out=      6241
in_group_idx= 231, di_en=1, in_num_tmp=231, in=    81, out_group_idx= 230, do_en=1, out=      6400
in_group_idx= 232, di_en=1, in_num_tmp=232, in=    82, out_group_idx= 231, do_en=1, out=      6561
in_group_idx= 233, di_en=1, in_num_tmp=233, in=    83, out_group_idx= 232, do_en=1, out=      6724
in_group_idx= 234, di_en=1, in_num_tmp=234, in=    84, out_group_idx= 233, do_en=1, out=      6889
in_group_idx= 235, di_en=1, in_num_tmp=235, in=    85, out_group_idx= 234, do_en=1, out=      7056
in_group_idx= 236, di_en=1, in_num_tmp=236, in=    86, out_group_idx= 235, do_en=1, out=      7225
in_group_idx= 237, di_en=1, in_num_tmp=237, in=    87, out_group_idx= 236, do_en=1, out=      7396
in_group_idx= 238, di_en=1, in_num_tmp=238, in=    88, out_group_idx= 237, do_en=1, out=      7569
in_group_idx= 239, di_en=1, in_num_tmp=239, in=    89, out_group_idx= 238, do_en=1, out=      7744
in_group_idx= 240, di_en=1, in_num_tmp=240, in=    90, out_group_idx= 239, do_en=1, out=      7921
in_group_idx= 241, di_en=1, in_num_tmp=241, in=    91, out_group_idx= 240, do_en=1, out=      8100
in_group_idx= 242, di_en=1, in_num_tmp=242, in=    92, out_group_idx= 241, do_en=1, out=      8281
in_group_idx= 243, di_en=1, in_num_tmp=243, in=    93, out_group_idx= 242, do_en=1, out=      8464
in_group_idx= 244, di_en=1, in_num_tmp=244, in=    94, out_group_idx= 243, do_en=1, out=      8649
in_group_idx= 245, di_en=1, in_num_tmp=245, in=    95, out_group_idx= 244, do_en=1, out=      8836
in_group_idx= 246, di_en=1, in_num_tmp=246, in=    96, out_group_idx= 245, do_en=1, out=      9025
in_group_idx= 247, di_en=1, in_num_tmp=247, in=    97, out_group_idx= 246, do_en=1, out=      9216
in_group_idx= 248, di_en=1, in_num_tmp=248, in=    98, out_group_idx= 247, do_en=1, out=      9409
in_group_idx= 249, di_en=1, in_num_tmp=249, in=    99, out_group_idx= 248, do_en=1, out=      9604
in_group_idx= 250, di_en=1, in_num_tmp=250, in=   100, out_group_idx= 249, do_en=1, out=      9801
in_group_idx= 251, di_en=1, in_num_tmp=251, in=   101, out_group_idx= 250, do_en=1, out=     10000
in_group_idx= 252, di_en=1, in_num_tmp=252, in=   102, out_group_idx= 251, do_en=1, out=     10201
in_group_idx= 253, di_en=1, in_num_tmp=253, in=   103, out_group_idx= 252, do_en=1, out=     10404
in_group_idx= 254, di_en=1, in_num_tmp=254, in=   104, out_group_idx= 253, do_en=1, out=     10609
in_group_idx= 255, di_en=1, in_num_tmp=255, in=   105, out_group_idx= 254, do_en=1, out=     10816
in_group_idx= 256, di_en=1, in_num_tmp=256, in=   106, out_group_idx= 255, do_en=1, out=     11025
in_group_idx= 257, di_en=1, in_num_tmp=257, in=   107, out_group_idx= 256, do_en=1, out=     11236
in_group_idx= 258, di_en=1, in_num_tmp=258, in=   108, out_group_idx= 257, do_en=1, out=     11449
in_group_idx= 259, di_en=1, in_num_tmp=259, in=   109, out_group_idx= 258, do_en=1, out=     11664
in_group_idx= 260, di_en=1, in_num_tmp=260, in=   110, out_group_idx= 259, do_en=1, out=     11881
in_group_idx= 261, di_en=1, in_num_tmp=261, in=   111, out_group_idx= 260, do_en=1, out=     12100
in_group_idx= 262, di_en=1, in_num_tmp=262, in=   112, out_group_idx= 261, do_en=1, out=     12321
in_group_idx= 263, di_en=1, in_num_tmp=263, in=   113, out_group_idx= 262, do_en=1, out=     12544
in_group_idx= 264, di_en=1, in_num_tmp=264, in=   114, out_group_idx= 263, do_en=1, out=     12769
in_group_idx= 265, di_en=1, in_num_tmp=265, in=   115, out_group_idx= 264, do_en=1, out=     12996
in_group_idx= 266, di_en=1, in_num_tmp=266, in=   116, out_group_idx= 265, do_en=1, out=     13225
in_group_idx= 267, di_en=1, in_num_tmp=267, in=   117, out_group_idx= 266, do_en=1, out=     13456
in_group_idx= 268, di_en=1, in_num_tmp=268, in=   118, out_group_idx= 267, do_en=1, out=     13689
in_group_idx= 269, di_en=1, in_num_tmp=269, in=   119, out_group_idx= 268, do_en=1, out=     13924
in_group_idx= 270, di_en=1, in_num_tmp=270, in=   120, out_group_idx= 269, do_en=1, out=     14161
in_group_idx= 271, di_en=1, in_num_tmp=271, in=   121, out_group_idx= 270, do_en=1, out=     14400
in_group_idx= 272, di_en=1, in_num_tmp=272, in=   122, out_group_idx= 271, do_en=1, out=     14641
in_group_idx= 273, di_en=1, in_num_tmp=273, in=   123, out_group_idx= 272, do_en=1, out=     14884
in_group_idx= 274, di_en=1, in_num_tmp=274, in=   124, out_group_idx= 273, do_en=1, out=     15129
in_group_idx= 275, di_en=1, in_num_tmp=275, in=   125, out_group_idx= 274, do_en=1, out=     15376
in_group_idx= 276, di_en=1, in_num_tmp=276, in=   126, out_group_idx= 275, do_en=1, out=     15625
in_group_idx= 277, di_en=1, in_num_tmp=277, in=   127, out_group_idx= 276, do_en=1, out=     15876
in_group_idx= 278, di_en=1, in_num_tmp=278, in=   128, out_group_idx= 277, do_en=1, out=     16129
in_group_idx= 279, di_en=1, in_num_tmp=279, in=   129, out_group_idx= 278, do_en=1, out=     16384
in_group_idx= 280, di_en=1, in_num_tmp=280, in=   130, out_group_idx= 279, do_en=1, out=     16641
in_group_idx= 281, di_en=1, in_num_tmp=281, in=   131, out_group_idx= 280, do_en=1, out=     16900
in_group_idx= 282, di_en=1, in_num_tmp=282, in=   132, out_group_idx= 281, do_en=1, out=     17161
in_group_idx= 283, di_en=1, in_num_tmp=283, in=   133, out_group_idx= 282, do_en=1, out=     17424
in_group_idx= 284, di_en=1, in_num_tmp=284, in=   134, out_group_idx= 283, do_en=1, out=     17689
in_group_idx= 285, di_en=1, in_num_tmp=285, in=   135, out_group_idx= 284, do_en=1, out=     17956
in_group_idx= 286, di_en=1, in_num_tmp=286, in=   136, out_group_idx= 285, do_en=1, out=     18225
in_group_idx= 287, di_en=1, in_num_tmp=287, in=   137, out_group_idx= 286, do_en=1, out=     18496
in_group_idx= 288, di_en=1, in_num_tmp=288, in=   138, out_group_idx= 287, do_en=1, out=     18769
in_group_idx= 289, di_en=1, in_num_tmp=289, in=   139, out_group_idx= 288, do_en=1, out=     19044
in_group_idx= 290, di_en=1, in_num_tmp=290, in=   140, out_group_idx= 289, do_en=1, out=     19321
in_group_idx= 291, di_en=1, in_num_tmp=291, in=   141, out_group_idx= 290, do_en=1, out=     19600
in_group_idx= 292, di_en=1, in_num_tmp=292, in=   142, out_group_idx= 291, do_en=1, out=     19881
in_group_idx= 293, di_en=1, in_num_tmp=293, in=   143, out_group_idx= 292, do_en=1, out=     20164
in_group_idx= 294, di_en=1, in_num_tmp=294, in=   144, out_group_idx= 293, do_en=1, out=     20449
in_group_idx= 295, di_en=1, in_num_tmp=295, in=   145, out_group_idx= 294, do_en=1, out=     20736
in_group_idx= 296, di_en=1, in_num_tmp=296, in=   146, out_group_idx= 295, do_en=1, out=     21025
in_group_idx= 297, di_en=1, in_num_tmp=297, in=   147, out_group_idx= 296, do_en=1, out=     21316
in_group_idx= 298, di_en=1, in_num_tmp=298, in=   148, out_group_idx= 297, do_en=1, out=     21609
in_group_idx= 299, di_en=1, in_num_tmp=299, in=   149, out_group_idx= 298, do_en=1, out=     21904
in_group_idx= 300, di_en=1, in_num_tmp=300, in=   150, out_group_idx= 299, do_en=1, out=     22201
in_group_idx= 301, di_en=1, in_num_tmp=301, in=   151, out_group_idx= 300, do_en=1, out=     22500
in_group_idx= 302, di_en=1, in_num_tmp=302, in=   152, out_group_idx= 301, do_en=1, out=     22801
in_group_idx= 303, di_en=1, in_num_tmp=303, in=   153, out_group_idx= 302, do_en=1, out=     23104
in_group_idx= 304, di_en=1, in_num_tmp=304, in=   154, out_group_idx= 303, do_en=1, out=     23409
in_group_idx= 305, di_en=1, in_num_tmp=305, in=   155, out_group_idx= 304, do_en=1, out=     23716
in_group_idx= 306, di_en=1, in_num_tmp=306, in=   156, out_group_idx= 305, do_en=1, out=     24025
in_group_idx= 307, di_en=1, in_num_tmp=307, in=   157, out_group_idx= 306, do_en=1, out=     24336
in_group_idx= 308, di_en=1, in_num_tmp=308, in=   158, out_group_idx= 307, do_en=1, out=     24649
in_group_idx= 309, di_en=1, in_num_tmp=309, in=   159, out_group_idx= 308, do_en=1, out=     24964
in_group_idx= 310, di_en=1, in_num_tmp=310, in=   160, out_group_idx= 309, do_en=1, out=     25281
in_group_idx= 311, di_en=0, in_num_tmp=311, in=   161, out_group_idx= 310, do_en=1, out=     25600
in_group_idx= 312, di_en=1, in_num_tmp=312, in=   162, out_group_idx= 310, do_en=0, out=     25600
in_group_idx= 313, di_en=1, in_num_tmp=313, in=   163, out_group_idx= 312, do_en=1, out=     26244
in_group_idx= 314, di_en=1, in_num_tmp=314, in=   164, out_group_idx= 313, do_en=1, out=     26569
in_group_idx= 315, di_en=1, in_num_tmp=315, in=   165, out_group_idx= 314, do_en=1, out=     26896
in_group_idx= 316, di_en=1, in_num_tmp=316, in=   166, out_group_idx= 315, do_en=1, out=     27225
in_group_idx= 317, di_en=1, in_num_tmp=317, in=   167, out_group_idx= 316, do_en=1, out=     27556
in_group_idx= 318, di_en=1, in_num_tmp=318, in=   168, out_group_idx= 317, do_en=1, out=     27889
in_group_idx= 319, di_en=1, in_num_tmp=319, in=   169, out_group_idx= 318, do_en=1, out=     28224
in_group_idx= 320, di_en=1, in_num_tmp=320, in=   170, out_group_idx= 319, do_en=1, out=     28561
in_group_idx= 321, di_en=1, in_num_tmp=321, in=   171, out_group_idx= 320, do_en=1, out=     28900
in_group_idx= 322, di_en=1, in_num_tmp=322, in=   172, out_group_idx= 321, do_en=1, out=     29241
in_group_idx= 323, di_en=1, in_num_tmp=323, in=   173, out_group_idx= 322, do_en=1, out=     29584
in_group_idx= 324, di_en=1, in_num_tmp=324, in=   174, out_group_idx= 323, do_en=1, out=     29929
in_group_idx= 325, di_en=1, in_num_tmp=325, in=   175, out_group_idx= 324, do_en=1, out=     30276
in_group_idx= 326, di_en=1, in_num_tmp=326, in=   176, out_group_idx= 325, do_en=1, out=     30625
in_group_idx= 327, di_en=1, in_num_tmp=327, in=   177, out_group_idx= 326, do_en=1, out=     30976
in_group_idx= 328, di_en=1, in_num_tmp=328, in=   178, out_group_idx= 327, do_en=1, out=     31329
in_group_idx= 329, di_en=1, in_num_tmp=329, in=   179, out_group_idx= 328, do_en=1, out=     31684
in_group_idx= 330, di_en=1, in_num_tmp=330, in=   180, out_group_idx= 329, do_en=1, out=     32041
in_group_idx= 331, di_en=1, in_num_tmp=331, in=   181, out_group_idx= 330, do_en=1, out=     32400
in_group_idx= 332, di_en=1, in_num_tmp=332, in=   182, out_group_idx= 331, do_en=1, out=     32761
in_group_idx= 333, di_en=1, in_num_tmp=333, in=   183, out_group_idx= 332, do_en=1, out=     33124
in_group_idx= 334, di_en=1, in_num_tmp=334, in=   184, out_group_idx= 333, do_en=1, out=     33489
in_group_idx= 335, di_en=1, in_num_tmp=335, in=   185, out_group_idx= 334, do_en=1, out=     33856
in_group_idx= 336, di_en=1, in_num_tmp=336, in=   186, out_group_idx= 335, do_en=1, out=     34225
in_group_idx= 337, di_en=1, in_num_tmp=337, in=   187, out_group_idx= 336, do_en=1, out=     34596
in_group_idx= 338, di_en=1, in_num_tmp=338, in=   188, out_group_idx= 337, do_en=1, out=     34969
in_group_idx= 339, di_en=1, in_num_tmp=339, in=   189, out_group_idx= 338, do_en=1, out=     35344
in_group_idx= 340, di_en=1, in_num_tmp=340, in=   190, out_group_idx= 339, do_en=1, out=     35721
in_group_idx= 341, di_en=1, in_num_tmp=341, in=   191, out_group_idx= 340, do_en=1, out=     36100
in_group_idx= 342, di_en=1, in_num_tmp=342, in=   192, out_group_idx= 341, do_en=1, out=     36481
in_group_idx= 343, di_en=1, in_num_tmp=343, in=   193, out_group_idx= 342, do_en=1, out=     36864
in_group_idx= 344, di_en=1, in_num_tmp=344, in=   194, out_group_idx= 343, do_en=1, out=     37249
in_group_idx= 345, di_en=1, in_num_tmp=345, in=   195, out_group_idx= 344, do_en=1, out=     37636
in_group_idx= 346, di_en=1, in_num_tmp=346, in=   196, out_group_idx= 345, do_en=1, out=     38025
in_group_idx= 347, di_en=1, in_num_tmp=347, in=   197, out_group_idx= 346, do_en=1, out=     38416
in_group_idx= 348, di_en=1, in_num_tmp=348, in=   198, out_group_idx= 347, do_en=1, out=     38809
in_group_idx= 349, di_en=1, in_num_tmp=349, in=   199, out_group_idx= 348, do_en=1, out=     39204
in_group_idx= 350, di_en=1, in_num_tmp=350, in=   200, out_group_idx= 349, do_en=1, out=     39601
in_group_idx= 351, di_en=1, in_num_tmp=351, in=   201, out_group_idx= 350, do_en=1, out=     40000
in_group_idx= 352, di_en=1, in_num_tmp=352, in=   202, out_group_idx= 351, do_en=1, out=     40401
in_group_idx= 353, di_en=1, in_num_tmp=353, in=   203, out_group_idx= 352, do_en=1, out=     40804
in_group_idx= 354, di_en=1, in_num_tmp=354, in=   204, out_group_idx= 353, do_en=1, out=     41209
in_group_idx= 355, di_en=1, in_num_tmp=355, in=   205, out_group_idx= 354, do_en=1, out=     41616
in_group_idx= 356, di_en=1, in_num_tmp=356, in=   206, out_group_idx= 355, do_en=1, out=     42025
in_group_idx= 357, di_en=1, in_num_tmp=357, in=   207, out_group_idx= 356, do_en=1, out=     42436
in_group_idx= 358, di_en=1, in_num_tmp=358, in=   208, out_group_idx= 357, do_en=1, out=     42849
in_group_idx= 359, di_en=1, in_num_tmp=359, in=   209, out_group_idx= 358, do_en=1, out=     43264
in_group_idx= 360, di_en=1, in_num_tmp=360, in=   210, out_group_idx= 359, do_en=1, out=     43681
in_group_idx= 361, di_en=1, in_num_tmp=361, in=   211, out_group_idx= 360, do_en=1, out=     44100
in_group_idx= 362, di_en=1, in_num_tmp=362, in=   212, out_group_idx= 361, do_en=1, out=     44521
in_group_idx= 363, di_en=1, in_num_tmp=363, in=   213, out_group_idx= 362, do_en=1, out=     44944
in_group_idx= 364, di_en=1, in_num_tmp=364, in=   214, out_group_idx= 363, do_en=1, out=     45369
in_group_idx= 365, di_en=1, in_num_tmp=365, in=   215, out_group_idx= 364, do_en=1, out=     45796
in_group_idx= 366, di_en=1, in_num_tmp=366, in=   216, out_group_idx= 365, do_en=1, out=     46225
in_group_idx= 367, di_en=1, in_num_tmp=367, in=   217, out_group_idx= 366, do_en=1, out=     46656
in_group_idx= 368, di_en=1, in_num_tmp=368, in=   218, out_group_idx= 367, do_en=1, out=     47089
in_group_idx= 369, di_en=1, in_num_tmp=369, in=   219, out_group_idx= 368, do_en=1, out=     47524
in_group_idx= 370, di_en=1, in_num_tmp=370, in=   220, out_group_idx= 369, do_en=1, out=     47961
in_group_idx= 371, di_en=1, in_num_tmp=371, in=   221, out_group_idx= 370, do_en=1, out=     48400
in_group_idx= 372, di_en=1, in_num_tmp=372, in=   222, out_group_idx= 371, do_en=1, out=     48841
in_group_idx= 373, di_en=1, in_num_tmp=373, in=   223, out_group_idx= 372, do_en=1, out=     49284
in_group_idx= 374, di_en=1, in_num_tmp=374, in=   224, out_group_idx= 373, do_en=1, out=     49729
in_group_idx= 375, di_en=1, in_num_tmp=375, in=   225, out_group_idx= 374, do_en=1, out=     50176
in_group_idx= 376, di_en=1, in_num_tmp=376, in=   226, out_group_idx= 375, do_en=1, out=     50625
in_group_idx= 377, di_en=1, in_num_tmp=377, in=   227, out_group_idx= 376, do_en=1, out=     51076
in_group_idx= 378, di_en=1, in_num_tmp=378, in=   228, out_group_idx= 377, do_en=1, out=     51529
in_group_idx= 379, di_en=1, in_num_tmp=379, in=   229, out_group_idx= 378, do_en=1, out=     51984
in_group_idx= 380, di_en=1, in_num_tmp=380, in=   230, out_group_idx= 379, do_en=1, out=     52441
in_group_idx= 381, di_en=1, in_num_tmp=381, in=   231, out_group_idx= 380, do_en=1, out=     52900
in_group_idx= 382, di_en=1, in_num_tmp=382, in=   232, out_group_idx= 381, do_en=1, out=     53361
in_group_idx= 383, di_en=1, in_num_tmp=383, in=   233, out_group_idx= 382, do_en=1, out=     53824
in_group_idx= 384, di_en=1, in_num_tmp=384, in=   234, out_group_idx= 383, do_en=1, out=     54289
in_group_idx= 385, di_en=1, in_num_tmp=385, in=   235, out_group_idx= 384, do_en=1, out=     54756
in_group_idx= 386, di_en=1, in_num_tmp=386, in=   236, out_group_idx= 385, do_en=1, out=     55225
in_group_idx= 387, di_en=1, in_num_tmp=387, in=   237, out_group_idx= 386, do_en=1, out=     55696
in_group_idx= 388, di_en=1, in_num_tmp=388, in=   238, out_group_idx= 387, do_en=1, out=     56169
in_group_idx= 389, di_en=1, in_num_tmp=389, in=   239, out_group_idx= 388, do_en=1, out=     56644
in_group_idx= 390, di_en=1, in_num_tmp=390, in=   240, out_group_idx= 389, do_en=1, out=     57121
in_group_idx= 391, di_en=1, in_num_tmp=391, in=   241, out_group_idx= 390, do_en=1, out=     57600
in_group_idx= 392, di_en=1, in_num_tmp=392, in=   242, out_group_idx= 391, do_en=1, out=     58081
in_group_idx= 393, di_en=1, in_num_tmp=393, in=   243, out_group_idx= 392, do_en=1, out=     58564
in_group_idx= 394, di_en=1, in_num_tmp=394, in=   244, out_group_idx= 393, do_en=1, out=     59049
in_group_idx= 395, di_en=1, in_num_tmp=395, in=   245, out_group_idx= 394, do_en=1, out=     59536
in_group_idx= 396, di_en=1, in_num_tmp=396, in=   246, out_group_idx= 395, do_en=1, out=     60025
in_group_idx= 397, di_en=1, in_num_tmp=397, in=   247, out_group_idx= 396, do_en=1, out=     60516
in_group_idx= 398, di_en=1, in_num_tmp=398, in=   248, out_group_idx= 397, do_en=1, out=     61009
in_group_idx= 399, di_en=1, in_num_tmp=399, in=   249, out_group_idx= 398, do_en=1, out=     61504
in_group_idx= 400, di_en=1, in_num_tmp=400, in=   250, out_group_idx= 399, do_en=1, out=     62001
in_group_idx= 401, di_en=1, in_num_tmp=401, in=   251, out_group_idx= 400, do_en=1, out=     62500
in_group_idx= 402, di_en=1, in_num_tmp=402, in=   252, out_group_idx= 401, do_en=1, out=     63001
in_group_idx= 403, di_en=1, in_num_tmp=403, in=   253, out_group_idx= 402, do_en=1, out=     63504
in_group_idx= 404, di_en=1, in_num_tmp=404, in=   254, out_group_idx= 403, do_en=1, out=     64009
in_group_idx= 405, di_en=1, in_num_tmp=405, in=   255, out_group_idx= 404, do_en=1, out=     64516
in_group_idx= 406, di_en=1, in_num_tmp=406, in=   256, out_group_idx= 405, do_en=1, out=     65025
in_group_idx= 407, di_en=1, in_num_tmp=407, in=   257, out_group_idx= 406, do_en=1, out=     65536
in_group_idx= 408, di_en=1, in_num_tmp=408, in=   258, out_group_idx= 407, do_en=1, out=     66049
in_group_idx= 409, di_en=1, in_num_tmp=409, in=   259, out_group_idx= 408, do_en=1, out=     66564
in_group_idx= 410, di_en=1, in_num_tmp=410, in=   260, out_group_idx= 409, do_en=1, out=     67081
in_group_idx= 411, di_en=1, in_num_tmp=411, in=   261, out_group_idx= 410, do_en=1, out=     67600
in_group_idx= 412, di_en=1, in_num_tmp=412, in=   262, out_group_idx= 411, do_en=1, out=     68121
in_group_idx= 413, di_en=1, in_num_tmp=413, in=   263, out_group_idx= 412, do_en=1, out=     68644
in_group_idx= 414, di_en=1, in_num_tmp=414, in=   264, out_group_idx= 413, do_en=1, out=     69169
in_group_idx= 415, di_en=1, in_num_tmp=415, in=   265, out_group_idx= 414, do_en=1, out=     69696
in_group_idx= 416, di_en=1, in_num_tmp=416, in=   266, out_group_idx= 415, do_en=1, out=     70225
in_group_idx= 417, di_en=1, in_num_tmp=417, in=   267, out_group_idx= 416, do_en=1, out=     70756
in_group_idx= 418, di_en=1, in_num_tmp=418, in=   268, out_group_idx= 417, do_en=1, out=     71289
in_group_idx= 419, di_en=1, in_num_tmp=419, in=   269, out_group_idx= 418, do_en=1, out=     71824
in_group_idx= 420, di_en=1, in_num_tmp=420, in=   270, out_group_idx= 419, do_en=1, out=     72361
in_group_idx= 421, di_en=1, in_num_tmp=421, in=   271, out_group_idx= 420, do_en=1, out=     72900
in_group_idx= 422, di_en=1, in_num_tmp=422, in=   272, out_group_idx= 421, do_en=1, out=     73441
in_group_idx= 423, di_en=1, in_num_tmp=423, in=   273, out_group_idx= 422, do_en=1, out=     73984
in_group_idx= 424, di_en=1, in_num_tmp=424, in=   274, out_group_idx= 423, do_en=1, out=     74529
in_group_idx= 425, di_en=1, in_num_tmp=425, in=   275, out_group_idx= 424, do_en=1, out=     75076
in_group_idx= 426, di_en=1, in_num_tmp=426, in=   276, out_group_idx= 425, do_en=1, out=     75625
in_group_idx= 427, di_en=1, in_num_tmp=427, in=   277, out_group_idx= 426, do_en=1, out=     76176
in_group_idx= 428, di_en=1, in_num_tmp=428, in=   278, out_group_idx= 427, do_en=1, out=     76729
in_group_idx= 429, di_en=1, in_num_tmp=429, in=   279, out_group_idx= 428, do_en=1, out=     77284
in_group_idx= 430, di_en=1, in_num_tmp=430, in=   280, out_group_idx= 429, do_en=1, out=     77841
in_group_idx= 431, di_en=1, in_num_tmp=431, in=   281, out_group_idx= 430, do_en=1, out=     78400
in_group_idx= 432, di_en=1, in_num_tmp=432, in=   282, out_group_idx= 431, do_en=1, out=     78961
in_group_idx= 433, di_en=1, in_num_tmp=433, in=   283, out_group_idx= 432, do_en=1, out=     79524
in_group_idx= 434, di_en=1, in_num_tmp=434, in=   284, out_group_idx= 433, do_en=1, out=     80089
in_group_idx= 435, di_en=1, in_num_tmp=435, in=   285, out_group_idx= 434, do_en=1, out=     80656
in_group_idx= 436, di_en=1, in_num_tmp=436, in=   286, out_group_idx= 435, do_en=1, out=     81225
in_group_idx= 437, di_en=1, in_num_tmp=437, in=   287, out_group_idx= 436, do_en=1, out=     81796
in_group_idx= 438, di_en=1, in_num_tmp=438, in=   288, out_group_idx= 437, do_en=1, out=     82369
in_group_idx= 439, di_en=1, in_num_tmp=439, in=   289, out_group_idx= 438, do_en=1, out=     82944
in_group_idx= 440, di_en=1, in_num_tmp=440, in=   290, out_group_idx= 439, do_en=1, out=     83521
in_group_idx= 441, di_en=1, in_num_tmp=441, in=   291, out_group_idx= 440, do_en=1, out=     84100
in_group_idx= 442, di_en=1, in_num_tmp=442, in=   292, out_group_idx= 441, do_en=1, out=     84681
in_group_idx= 443, di_en=1, in_num_tmp=443, in=   293, out_group_idx= 442, do_en=1, out=     85264
in_group_idx= 444, di_en=1, in_num_tmp=444, in=   294, out_group_idx= 443, do_en=1, out=     85849
in_group_idx= 445, di_en=1, in_num_tmp=445, in=   295, out_group_idx= 444, do_en=1, out=     86436
in_group_idx= 446, di_en=1, in_num_tmp=446, in=   296, out_group_idx= 445, do_en=1, out=     87025
in_group_idx= 447, di_en=1, in_num_tmp=447, in=   297, out_group_idx= 446, do_en=1, out=     87616
in_group_idx= 448, di_en=1, in_num_tmp=448, in=   298, out_group_idx= 447, do_en=1, out=     88209
in_group_idx= 449, di_en=1, in_num_tmp=449, in=   299, out_group_idx= 448, do_en=1, out=     88804
in_group_idx= 450, di_en=1, in_num_tmp=450, in=   300, out_group_idx= 449, do_en=1, out=     89401
in_group_idx= 451, di_en=1, in_num_tmp=451, in=   301, out_group_idx= 450, do_en=1, out=     90000
in_group_idx= 452, di_en=1, in_num_tmp=452, in=   302, out_group_idx= 451, do_en=1, out=     90601
in_group_idx= 453, di_en=1, in_num_tmp=453, in=   303, out_group_idx= 452, do_en=1, out=     91204
in_group_idx= 454, di_en=1, in_num_tmp=454, in=   304, out_group_idx= 453, do_en=1, out=     91809
in_group_idx= 455, di_en=1, in_num_tmp=455, in=   305, out_group_idx= 454, do_en=1, out=     92416
in_group_idx= 456, di_en=1, in_num_tmp=456, in=   306, out_group_idx= 455, do_en=1, out=     93025
in_group_idx= 457, di_en=1, in_num_tmp=457, in=   307, out_group_idx= 456, do_en=1, out=     93636
in_group_idx= 458, di_en=1, in_num_tmp=458, in=   308, out_group_idx= 457, do_en=1, out=     94249
in_group_idx= 459, di_en=1, in_num_tmp=459, in=   309, out_group_idx= 458, do_en=1, out=     94864
in_group_idx= 460, di_en=1, in_num_tmp=460, in=   310, out_group_idx= 459, do_en=1, out=     95481
in_group_idx= 461, di_en=1, in_num_tmp=461, in=   311, out_group_idx= 460, do_en=1, out=     96100
in_group_idx= 462, di_en=1, in_num_tmp=462, in=   312, out_group_idx= 461, do_en=1, out=     96721
in_group_idx= 463, di_en=1, in_num_tmp=463, in=   313, out_group_idx= 462, do_en=1, out=     97344
in_group_idx= 464, di_en=1, in_num_tmp=464, in=   314, out_group_idx= 463, do_en=1, out=     97969
in_group_idx= 465, di_en=1, in_num_tmp=465, in=   315, out_group_idx= 464, do_en=1, out=     98596
in_group_idx= 466, di_en=1, in_num_tmp=466, in=   316, out_group_idx= 465, do_en=1, out=     99225
in_group_idx= 467, di_en=1, in_num_tmp=467, in=   317, out_group_idx= 466, do_en=1, out=     99856
in_group_idx= 468, di_en=1, in_num_tmp=468, in=   318, out_group_idx= 467, do_en=1, out=    100489
in_group_idx= 469, di_en=1, in_num_tmp=469, in=   319, out_group_idx= 468, do_en=1, out=    101124
in_group_idx= 470, di_en=1, in_num_tmp=470, in=   320, out_group_idx= 469, do_en=1, out=    101761
in_group_idx= 471, di_en=1, in_num_tmp=471, in=   321, out_group_idx= 470, do_en=1, out=    102400
in_group_idx= 472, di_en=1, in_num_tmp=472, in=   322, out_group_idx= 471, do_en=1, out=    103041
in_group_idx= 473, di_en=1, in_num_tmp=473, in=   323, out_group_idx= 472, do_en=1, out=    103684
in_group_idx= 474, di_en=1, in_num_tmp=474, in=   324, out_group_idx= 473, do_en=1, out=    104329
in_group_idx= 475, di_en=1, in_num_tmp=475, in=   325, out_group_idx= 474, do_en=1, out=    104976
in_group_idx= 476, di_en=1, in_num_tmp=476, in=   326, out_group_idx= 475, do_en=1, out=    105625
in_group_idx= 477, di_en=1, in_num_tmp=477, in=   327, out_group_idx= 476, do_en=1, out=    106276
in_group_idx= 478, di_en=1, in_num_tmp=478, in=   328, out_group_idx= 477, do_en=1, out=    106929
in_group_idx= 479, di_en=1, in_num_tmp=479, in=   329, out_group_idx= 478, do_en=1, out=    107584
in_group_idx= 480, di_en=1, in_num_tmp=480, in=   330, out_group_idx= 479, do_en=1, out=    108241
in_group_idx= 481, di_en=1, in_num_tmp=481, in=   331, out_group_idx= 480, do_en=1, out=    108900
in_group_idx= 482, di_en=1, in_num_tmp=482, in=   332, out_group_idx= 481, do_en=1, out=    109561
in_group_idx= 483, di_en=1, in_num_tmp=483, in=   333, out_group_idx= 482, do_en=1, out=    110224
in_group_idx= 484, di_en=1, in_num_tmp=484, in=   334, out_group_idx= 483, do_en=1, out=    110889
in_group_idx= 485, di_en=1, in_num_tmp=485, in=   335, out_group_idx= 484, do_en=1, out=    111556
in_group_idx= 486, di_en=1, in_num_tmp=486, in=   336, out_group_idx= 485, do_en=1, out=    112225
in_group_idx= 487, di_en=1, in_num_tmp=487, in=   337, out_group_idx= 486, do_en=1, out=    112896
in_group_idx= 488, di_en=1, in_num_tmp=488, in=   338, out_group_idx= 487, do_en=1, out=    113569
in_group_idx= 489, di_en=1, in_num_tmp=489, in=   339, out_group_idx= 488, do_en=1, out=    114244
in_group_idx= 490, di_en=1, in_num_tmp=490, in=   340, out_group_idx= 489, do_en=1, out=    114921
in_group_idx= 491, di_en=1, in_num_tmp=491, in=   341, out_group_idx= 490, do_en=1, out=    115600
in_group_idx= 492, di_en=1, in_num_tmp=492, in=   342, out_group_idx= 491, do_en=1, out=    116281
in_group_idx= 493, di_en=1, in_num_tmp=493, in=   343, out_group_idx= 492, do_en=1, out=    116964
in_group_idx= 494, di_en=1, in_num_tmp=494, in=   344, out_group_idx= 493, do_en=1, out=    117649
in_group_idx= 495, di_en=1, in_num_tmp=495, in=   345, out_group_idx= 494, do_en=1, out=    118336
in_group_idx= 496, di_en=1, in_num_tmp=496, in=   346, out_group_idx= 495, do_en=1, out=    119025
in_group_idx= 497, di_en=1, in_num_tmp=497, in=   347, out_group_idx= 496, do_en=1, out=    119716
in_group_idx= 498, di_en=1, in_num_tmp=498, in=   348, out_group_idx= 497, do_en=1, out=    120409
in_group_idx= 499, di_en=1, in_num_tmp=499, in=   349, out_group_idx= 498, do_en=1, out=    121104
in_group_idx= 500, di_en=1, in_num_tmp=500, in=   350, out_group_idx= 499, do_en=1, out=    121801
in_group_idx= 501, di_en=1, in_num_tmp=501, in=   351, out_group_idx= 500, do_en=1, out=    122500
in_group_idx= 502, di_en=1, in_num_tmp=502, in=   352, out_group_idx= 501, do_en=1, out=    123201
in_group_idx= 503, di_en=1, in_num_tmp=503, in=   353, out_group_idx= 502, do_en=1, out=    123904
in_group_idx= 504, di_en=1, in_num_tmp=504, in=   354, out_group_idx= 503, do_en=1, out=    124609
in_group_idx= 505, di_en=1, in_num_tmp=505, in=   355, out_group_idx= 504, do_en=1, out=    125316
in_group_idx= 506, di_en=1, in_num_tmp=506, in=   356, out_group_idx= 505, do_en=1, out=    126025
in_group_idx= 507, di_en=1, in_num_tmp=507, in=   357, out_group_idx= 506, do_en=1, out=    126736
in_group_idx= 508, di_en=1, in_num_tmp=508, in=   358, out_group_idx= 507, do_en=1, out=    127449
in_group_idx= 509, di_en=1, in_num_tmp=509, in=   359, out_group_idx= 508, do_en=1, out=    128164
in_group_idx= 510, di_en=1, in_num_tmp=510, in=   360, out_group_idx= 509, do_en=1, out=    128881
in_group_idx= 511, di_en=1, in_num_tmp=511, in=   361, out_group_idx= 510, do_en=1, out=    129600
in_group_idx=   0, di_en=1, in_num_tmp=  0, in=  -150, out_group_idx= 511, do_en=1, out=    130321
in_group_idx=   1, di_en=1, in_num_tmp=  1, in=  -149, out_group_idx=   0, do_en=1, out=     22500
in_group_idx=   2, di_en=1, in_num_tmp=  2, in=  -148, out_group_idx=   1, do_en=1, out=     22201
in_group_idx=   3, di_en=1, in_num_tmp=  3, in=  -147, out_group_idx=   2, do_en=1, out=     21904
in_group_idx=   4, di_en=1, in_num_tmp=  4, in=  -146, out_group_idx=   3, do_en=1, out=     21609
in_group_idx=   5, di_en=1, in_num_tmp=  5, in=  -145, out_group_idx=   4, do_en=1, out=     21316
in_group_idx=   6, di_en=1, in_num_tmp=  6, in=  -144, out_group_idx=   5, do_en=1, out=     21025
in_group_idx=   7, di_en=1, in_num_tmp=  7, in=  -143, out_group_idx=   6, do_en=1, out=     20736
in_group_idx=   8, di_en=1, in_num_tmp=  8, in=  -142, out_group_idx=   7, do_en=1, out=     20449
in_group_idx=   9, di_en=1, in_num_tmp=  9, in=  -141, out_group_idx=   8, do_en=1, out=     20164
in_group_idx=  10, di_en=1, in_num_tmp= 10, in=  -140, out_group_idx=   9, do_en=1, out=     19881
in_group_idx=  11, di_en=1, in_num_tmp= 11, in=  -139, out_group_idx=  10, do_en=1, out=     19600
in_group_idx=  12, di_en=1, in_num_tmp= 12, in=  -138, out_group_idx=  11, do_en=1, out=     19321
in_group_idx=  13, di_en=1, in_num_tmp= 13, in=  -137, out_group_idx=  12, do_en=1, out=     19044
in_group_idx=  14, di_en=1, in_num_tmp= 14, in=  -136, out_group_idx=  13, do_en=1, out=     18769
in_group_idx=  15, di_en=1, in_num_tmp= 15, in=  -135, out_group_idx=  14, do_en=1, out=     18496
in_group_idx=  16, di_en=1, in_num_tmp= 16, in=  -134, out_group_idx=  15, do_en=1, out=     18225
in_group_idx=  17, di_en=1, in_num_tmp= 17, in=  -133, out_group_idx=  16, do_en=1, out=     17956
in_group_idx=  18, di_en=1, in_num_tmp= 18, in=  -132, out_group_idx=  17, do_en=1, out=     17689
in_group_idx=  19, di_en=1, in_num_tmp= 19, in=  -131, out_group_idx=  18, do_en=1, out=     17424
in_group_idx=  20, di_en=1, in_num_tmp= 20, in=  -130, out_group_idx=  19, do_en=1, out=     17161
in_group_idx=  21, di_en=1, in_num_tmp= 21, in=  -129, out_group_idx=  20, do_en=1, out=     16900
in_group_idx=  22, di_en=1, in_num_tmp= 22, in=  -128, out_group_idx=  21, do_en=1, out=     16641
in_group_idx=  23, di_en=1, in_num_tmp= 23, in=  -127, out_group_idx=  22, do_en=1, out=     16384
in_group_idx=  24, di_en=1, in_num_tmp= 24, in=  -126, out_group_idx=  23, do_en=1, out=     16129
in_group_idx=  25, di_en=1, in_num_tmp= 25, in=  -125, out_group_idx=  24, do_en=1, out=     15876
in_group_idx=  26, di_en=1, in_num_tmp= 26, in=  -124, out_group_idx=  25, do_en=1, out=     15625
in_group_idx=  27, di_en=1, in_num_tmp= 27, in=  -123, out_group_idx=  26, do_en=1, out=     15376
in_group_idx=  28, di_en=1, in_num_tmp= 28, in=  -122, out_group_idx=  27, do_en=1, out=     15129
in_group_idx=  29, di_en=1, in_num_tmp= 29, in=  -121, out_group_idx=  28, do_en=1, out=     14884
in_group_idx=  30, di_en=1, in_num_tmp= 30, in=  -120, out_group_idx=  29, do_en=1, out=     14641
in_group_idx=  31, di_en=1, in_num_tmp= 31, in=  -119, out_group_idx=  30, do_en=1, out=     14400
in_group_idx=  32, di_en=1, in_num_tmp= 32, in=  -118, out_group_idx=  31, do_en=1, out=     14161
in_group_idx=  33, di_en=1, in_num_tmp= 33, in=  -117, out_group_idx=  32, do_en=1, out=     13924
in_group_idx=  34, di_en=1, in_num_tmp= 34, in=  -116, out_group_idx=  33, do_en=1, out=     13689
in_group_idx=  35, di_en=1, in_num_tmp= 35, in=  -115, out_group_idx=  34, do_en=1, out=     13456
in_group_idx=  36, di_en=1, in_num_tmp= 36, in=  -114, out_group_idx=  35, do_en=1, out=     13225
in_group_idx=  37, di_en=1, in_num_tmp= 37, in=  -113, out_group_idx=  36, do_en=1, out=     12996
in_group_idx=  38, di_en=1, in_num_tmp= 38, in=  -112, out_group_idx=  37, do_en=1, out=     12769
in_group_idx=  39, di_en=1, in_num_tmp= 39, in=  -111, out_group_idx=  38, do_en=1, out=     12544
in_group_idx=  40, di_en=1, in_num_tmp= 40, in=  -110, out_group_idx=  39, do_en=1, out=     12321
in_group_idx=  41, di_en=1, in_num_tmp= 41, in=  -109, out_group_idx=  40, do_en=1, out=     12100
in_group_idx=  42, di_en=1, in_num_tmp= 42, in=  -108, out_group_idx=  41, do_en=1, out=     11881
in_group_idx=  43, di_en=1, in_num_tmp= 43, in=  -107, out_group_idx=  42, do_en=1, out=     11664
in_group_idx=  44, di_en=1, in_num_tmp= 44, in=  -106, out_group_idx=  43, do_en=1, out=     11449
in_group_idx=  45, di_en=1, in_num_tmp= 45, in=  -105, out_group_idx=  44, do_en=1, out=     11236
in_group_idx=  46, di_en=1, in_num_tmp= 46, in=  -104, out_group_idx=  45, do_en=1, out=     11025
in_group_idx=  47, di_en=1, in_num_tmp= 47, in=  -103, out_group_idx=  46, do_en=1, out=     10816
in_group_idx=  48, di_en=1, in_num_tmp= 48, in=  -102, out_group_idx=  47, do_en=1, out=     10609
in_group_idx=  49, di_en=1, in_num_tmp= 49, in=  -101, out_group_idx=  48, do_en=1, out=     10404
in_group_idx=  50, di_en=1, in_num_tmp= 50, in=  -100, out_group_idx=  49, do_en=1, out=     10201
in_group_idx=  51, di_en=1, in_num_tmp= 51, in=   -99, out_group_idx=  50, do_en=1, out=     10000
in_group_idx=  52, di_en=1, in_num_tmp= 52, in=   -98, out_group_idx=  51, do_en=1, out=      9801
in_group_idx=  53, di_en=1, in_num_tmp= 53, in=   -97, out_group_idx=  52, do_en=1, out=      9604
in_group_idx=  54, di_en=1, in_num_tmp= 54, in=   -96, out_group_idx=  53, do_en=1, out=      9409
in_group_idx=  55, di_en=1, in_num_tmp= 55, in=   -95, out_group_idx=  54, do_en=1, out=      9216
in_group_idx=  56, di_en=1, in_num_tmp= 56, in=   -94, out_group_idx=  55, do_en=1, out=      9025
in_group_idx=  57, di_en=1, in_num_tmp= 57, in=   -93, out_group_idx=  56, do_en=1, out=      8836
in_group_idx=  58, di_en=1, in_num_tmp= 58, in=   -92, out_group_idx=  57, do_en=1, out=      8649
in_group_idx=  59, di_en=1, in_num_tmp= 59, in=   -91, out_group_idx=  58, do_en=1, out=      8464
in_group_idx=  60, di_en=1, in_num_tmp= 60, in=   -90, out_group_idx=  59, do_en=1, out=      8281
in_group_idx=  61, di_en=1, in_num_tmp= 61, in=   -89, out_group_idx=  60, do_en=1, out=      8100
in_group_idx=  62, di_en=1, in_num_tmp= 62, in=   -88, out_group_idx=  61, do_en=1, out=      7921
in_group_idx=  63, di_en=1, in_num_tmp= 63, in=   -87, out_group_idx=  62, do_en=1, out=      7744
in_group_idx=  64, di_en=1, in_num_tmp= 64, in=   -86, out_group_idx=  63, do_en=1, out=      7569
in_group_idx=  65, di_en=1, in_num_tmp= 65, in=   -85, out_group_idx=  64, do_en=1, out=      7396
in_group_idx=  66, di_en=1, in_num_tmp= 66, in=   -84, out_group_idx=  65, do_en=1, out=      7225
in_group_idx=  67, di_en=1, in_num_tmp= 67, in=   -83, out_group_idx=  66, do_en=1, out=      7056
in_group_idx=  68, di_en=1, in_num_tmp= 68, in=   -82, out_group_idx=  67, do_en=1, out=      6889
in_group_idx=  69, di_en=1, in_num_tmp= 69, in=   -81, out_group_idx=  68, do_en=1, out=      6724
in_group_idx=  70, di_en=1, in_num_tmp= 70, in=   -80, out_group_idx=  69, do_en=1, out=      6561
in_group_idx=  71, di_en=1, in_num_tmp= 71, in=   -79, out_group_idx=  70, do_en=1, out=      6400
in_group_idx=  72, di_en=1, in_num_tmp= 72, in=   -78, out_group_idx=  71, do_en=1, out=      6241
in_group_idx=  73, di_en=1, in_num_tmp= 73, in=   -77, out_group_idx=  72, do_en=1, out=      6084
in_group_idx=  74, di_en=1, in_num_tmp= 74, in=   -76, out_group_idx=  73, do_en=1, out=      5929
in_group_idx=  75, di_en=1, in_num_tmp= 75, in=   -75, out_group_idx=  74, do_en=1, out=      5776
in_group_idx=  76, di_en=1, in_num_tmp= 76, in=   -74, out_group_idx=  75, do_en=1, out=      5625
in_group_idx=  77, di_en=1, in_num_tmp= 77, in=   -73, out_group_idx=  76, do_en=1, out=      5476
in_group_idx=  78, di_en=1, in_num_tmp= 78, in=   -72, out_group_idx=  77, do_en=1, out=      5329
in_group_idx=  79, di_en=1, in_num_tmp= 79, in=   -71, out_group_idx=  78, do_en=1, out=      5184
in_group_idx=  80, di_en=1, in_num_tmp= 80, in=   -70, out_group_idx=  79, do_en=1, out=      5041
in_group_idx=  81, di_en=1, in_num_tmp= 81, in=   -69, out_group_idx=  80, do_en=1, out=      4900
in_group_idx=  82, di_en=1, in_num_tmp= 82, in=   -68, out_group_idx=  81, do_en=1, out=      4761
in_group_idx=  83, di_en=1, in_num_tmp= 83, in=   -67, out_group_idx=  82, do_en=1, out=      4624
in_group_idx=  84, di_en=1, in_num_tmp= 84, in=   -66, out_group_idx=  83, do_en=1, out=      4489
in_group_idx=  85, di_en=1, in_num_tmp= 85, in=   -65, out_group_idx=  84, do_en=1, out=      4356
in_group_idx=  86, di_en=1, in_num_tmp= 86, in=   -64, out_group_idx=  85, do_en=1, out=      4225
in_group_idx=  87, di_en=1, in_num_tmp= 87, in=   -63, out_group_idx=  86, do_en=1, out=      4096
in_group_idx=  88, di_en=1, in_num_tmp= 88, in=   -62, out_group_idx=  87, do_en=1, out=      3969
in_group_idx=  89, di_en=1, in_num_tmp= 89, in=   -61, out_group_idx=  88, do_en=1, out=      3844
in_group_idx=  90, di_en=1, in_num_tmp= 90, in=   -60, out_group_idx=  89, do_en=1, out=      3721
in_group_idx=  91, di_en=1, in_num_tmp= 91, in=   -59, out_group_idx=  90, do_en=1, out=      3600
in_group_idx=  92, di_en=1, in_num_tmp= 92, in=   -58, out_group_idx=  91, do_en=1, out=      3481
in_group_idx=  93, di_en=1, in_num_tmp= 93, in=   -57, out_group_idx=  92, do_en=1, out=      3364
in_group_idx=  94, di_en=1, in_num_tmp= 94, in=   -56, out_group_idx=  93, do_en=1, out=      3249
in_group_idx=  95, di_en=1, in_num_tmp= 95, in=   -55, out_group_idx=  94, do_en=1, out=      3136
in_group_idx=  96, di_en=1, in_num_tmp= 96, in=   -54, out_group_idx=  95, do_en=1, out=      3025
in_group_idx=  97, di_en=1, in_num_tmp= 97, in=   -53, out_group_idx=  96, do_en=1, out=      2916
in_group_idx=  98, di_en=1, in_num_tmp= 98, in=   -52, out_group_idx=  97, do_en=1, out=      2809
$finish called at time : 12210 ns : File "/home/kawada/squared/squared.srcs/sim_1/imports/squared/t_squared.v" Line 112