
*** Running vivado
    with args -log counter.vds -m64 -product Vivado -mode batch -messageDb vivado.pb -notrace -source counter.tcl


****** Vivado v2022.2 (64-bit)
  **** SW Build 3671981 on Fri Oct 14 04:59:54 MDT 2022
  **** IP Build 3669848 on Fri Oct 14 08:30:02 MDT 2022
    ** Copyright 1986-2022 Xilinx, Inc. All Rights Reserved.

source counter.tcl -notrace
create_project: Time (s): cpu = 00:00:05 ; elapsed = 00:00:05 . Memory (MB): peak = 1683.977 ; gain = 85.992 ; free physical = 452355 ; free virtual = 1001470
Command: read_checkpoint -auto_incremental -incremental /home/kawada/count/count.srcs/utils_1/imports/synth_1/counter.dcp
INFO: [Vivado 12-5825] Read reference checkpoint from /home/kawada/count/count.srcs/utils_1/imports/synth_1/counter.dcp for incremental synthesis
INFO: [Vivado 12-7989] Please ensure there are no constraint changes
Command: synth_design -top counter -part xc7vx485tffg1157-1
Starting synth_design
Attempting to get a license for feature 'Synthesis' and/or device 'xc7vx485t'
INFO: [Common 17-349] Got license for feature 'Synthesis' and/or device 'xc7vx485t'
INFO: [Common 17-1540] The version limit for your license is '2022.11' and has expired for new software. A version limit expiration means that, although you may be able to continue to use the current version of tools or IP with this license, you will not be eligible for new releases.
INFO: [Designutils 20-5440] No compile time benefit to using incremental synthesis; A full resynthesis will be run
INFO: [Designutils 20-4379] Flow is switching to default flow due to incremental criteria not met. If you would like to alter this behaviour and have the flow terminate instead, please set the following parameter config_implementation {autoIncr.Synth.RejectBehavior Terminate}
INFO: [Synth 8-7079] Multithreading enabled for synth_design using a maximum of 4 processes.
INFO: [Synth 8-7078] Launching helper process for spawning children vivado processes
INFO: [Synth 8-7075] Helper process launched with PID 3398247
INFO: [Synth 8-11241] undeclared symbol 'REGCCE', assumed default net type 'wire' [/HLS/Xilinx/Vivado/2022.2/data/verilog/src/unimacro/BRAM_SINGLE_MACRO.v:2170]
---------------------------------------------------------------------------------
Starting Synthesize : Time (s): cpu = 00:00:04 ; elapsed = 00:00:04 . Memory (MB): peak = 2091.438 ; gain = 374.707 ; free physical = 451847 ; free virtual = 1000963
Synthesis current peak Physical Memory [PSS] (MB): peak = 1436.525; parent = 1263.663; children = 172.862
Synthesis current peak Virtual Memory [VSS] (MB): peak = 3082.297; parent = 2091.441; children = 990.855
---------------------------------------------------------------------------------
INFO: [Synth 8-6157] synthesizing module 'counter' [/home/kawada/count/count.srcs/sources_1/imports/framing/counter.v:2]
INFO: [Synth 8-6155] done synthesizing module 'counter' (0#1) [/home/kawada/count/count.srcs/sources_1/imports/framing/counter.v:2]
---------------------------------------------------------------------------------
Finished Synthesize : Time (s): cpu = 00:00:05 ; elapsed = 00:00:06 . Memory (MB): peak = 2156.406 ; gain = 439.676 ; free physical = 451936 ; free virtual = 1001052
Synthesis current peak Physical Memory [PSS] (MB): peak = 1436.525; parent = 1263.663; children = 172.862
Synthesis current peak Virtual Memory [VSS] (MB): peak = 3147.266; parent = 2156.410; children = 990.855
---------------------------------------------------------------------------------
---------------------------------------------------------------------------------
Finished Constraint Validation : Time (s): cpu = 00:00:06 ; elapsed = 00:00:06 . Memory (MB): peak = 2174.219 ; gain = 457.488 ; free physical = 451930 ; free virtual = 1001046
Synthesis current peak Physical Memory [PSS] (MB): peak = 1436.525; parent = 1263.663; children = 172.862
Synthesis current peak Virtual Memory [VSS] (MB): peak = 3165.078; parent = 2174.223; children = 990.855
---------------------------------------------------------------------------------
---------------------------------------------------------------------------------
Start Loading Part and Timing Information
---------------------------------------------------------------------------------
Loading part: xc7vx485tffg1157-1
---------------------------------------------------------------------------------
INFO: [Device 21-403] Loading part xc7vx485tffg1157-1
Finished Loading Part and Timing Information : Time (s): cpu = 00:00:06 ; elapsed = 00:00:06 . Memory (MB): peak = 2176.223 ; gain = 459.492 ; free physical = 451930 ; free virtual = 1001047
Synthesis current peak Physical Memory [PSS] (MB): peak = 1436.525; parent = 1263.663; children = 172.862
Synthesis current peak Virtual Memory [VSS] (MB): peak = 3167.082; parent = 2176.227; children = 990.855
---------------------------------------------------------------------------------
---------------------------------------------------------------------------------
Finished RTL Optimization Phase 2 : Time (s): cpu = 00:00:06 ; elapsed = 00:00:06 . Memory (MB): peak = 2185.129 ; gain = 468.398 ; free physical = 451928 ; free virtual = 1001045
Synthesis current peak Physical Memory [PSS] (MB): peak = 1436.525; parent = 1263.663; children = 172.862
Synthesis current peak Virtual Memory [VSS] (MB): peak = 3175.988; parent = 2185.133; children = 990.855
---------------------------------------------------------------------------------
No constraint files found.
---------------------------------------------------------------------------------
Start RTL Component Statistics 
---------------------------------------------------------------------------------
Detailed RTL Component Info : 
+---Adders : 
	   2 Input   14 Bit       Adders := 1     
+---Registers : 
	               14 Bit    Registers := 1     
	                1 Bit    Registers := 1     
---------------------------------------------------------------------------------
Finished RTL Component Statistics 
---------------------------------------------------------------------------------
---------------------------------------------------------------------------------
Start Part Resource Summary
---------------------------------------------------------------------------------
Part Resources:
DSPs: 2800 (col length:140)
BRAMs: 2060 (col length: RAMB18 140 RAMB36 70)
---------------------------------------------------------------------------------
Finished Part Resource Summary
---------------------------------------------------------------------------------
No constraint files found.
---------------------------------------------------------------------------------
Start Cross Boundary and Area Optimization
---------------------------------------------------------------------------------
WARNING: [Synth 8-7080] Parallel synthesis criteria is not met
---------------------------------------------------------------------------------
Finished Cross Boundary and Area Optimization : Time (s): cpu = 00:00:16 ; elapsed = 00:00:17 . Memory (MB): peak = 2441.191 ; gain = 724.461 ; free physical = 451497 ; free virtual = 1000616
Synthesis current peak Physical Memory [PSS] (MB): peak = 1792.117; parent = 1619.450; children = 172.862
Synthesis current peak Virtual Memory [VSS] (MB): peak = 3432.051; parent = 2441.195; children = 990.855
---------------------------------------------------------------------------------
No constraint files found.
---------------------------------------------------------------------------------
Start Timing Optimization
---------------------------------------------------------------------------------
---------------------------------------------------------------------------------
Finished Timing Optimization : Time (s): cpu = 00:00:16 ; elapsed = 00:00:17 . Memory (MB): peak = 2444.160 ; gain = 727.430 ; free physical = 451497 ; free virtual = 1000617
Synthesis current peak Physical Memory [PSS] (MB): peak = 1795.168; parent = 1622.501; children = 172.862
Synthesis current peak Virtual Memory [VSS] (MB): peak = 3435.020; parent = 2444.164; children = 990.855
---------------------------------------------------------------------------------
---------------------------------------------------------------------------------
Start Technology Mapping
---------------------------------------------------------------------------------
---------------------------------------------------------------------------------
Finished Technology Mapping : Time (s): cpu = 00:00:16 ; elapsed = 00:00:17 . Memory (MB): peak = 2444.160 ; gain = 727.430 ; free physical = 451495 ; free virtual = 1000614
Synthesis current peak Physical Memory [PSS] (MB): peak = 1795.721; parent = 1623.054; children = 172.862
Synthesis current peak Virtual Memory [VSS] (MB): peak = 3435.020; parent = 2444.164; children = 990.855
---------------------------------------------------------------------------------
---------------------------------------------------------------------------------
Start IO Insertion
---------------------------------------------------------------------------------
---------------------------------------------------------------------------------
Start Flattening Before IO Insertion
---------------------------------------------------------------------------------
---------------------------------------------------------------------------------
Finished Flattening Before IO Insertion
---------------------------------------------------------------------------------
---------------------------------------------------------------------------------
Start Final Netlist Cleanup
---------------------------------------------------------------------------------
---------------------------------------------------------------------------------
Finished Final Netlist Cleanup
---------------------------------------------------------------------------------
---------------------------------------------------------------------------------
Finished IO Insertion : Time (s): cpu = 00:00:20 ; elapsed = 00:00:21 . Memory (MB): peak = 2447.129 ; gain = 730.398 ; free physical = 451497 ; free virtual = 1000617
Synthesis current peak Physical Memory [PSS] (MB): peak = 1795.928; parent = 1623.261; children = 172.862
Synthesis current peak Virtual Memory [VSS] (MB): peak = 3437.988; parent = 2447.133; children = 990.855
---------------------------------------------------------------------------------
---------------------------------------------------------------------------------
Start Renaming Generated Instances
---------------------------------------------------------------------------------
---------------------------------------------------------------------------------
Finished Renaming Generated Instances : Time (s): cpu = 00:00:20 ; elapsed = 00:00:21 . Memory (MB): peak = 2447.129 ; gain = 730.398 ; free physical = 451497 ; free virtual = 1000617
Synthesis current peak Physical Memory [PSS] (MB): peak = 1795.943; parent = 1623.276; children = 172.862
Synthesis current peak Virtual Memory [VSS] (MB): peak = 3437.988; parent = 2447.133; children = 990.855
---------------------------------------------------------------------------------
---------------------------------------------------------------------------------
Start Rebuilding User Hierarchy
---------------------------------------------------------------------------------
---------------------------------------------------------------------------------
Finished Rebuilding User Hierarchy : Time (s): cpu = 00:00:20 ; elapsed = 00:00:21 . Memory (MB): peak = 2447.129 ; gain = 730.398 ; free physical = 451497 ; free virtual = 1000617
Synthesis current peak Physical Memory [PSS] (MB): peak = 1796.017; parent = 1623.350; children = 172.862
Synthesis current peak Virtual Memory [VSS] (MB): peak = 3437.988; parent = 2447.133; children = 990.855
---------------------------------------------------------------------------------
---------------------------------------------------------------------------------
Start Renaming Generated Ports
---------------------------------------------------------------------------------
---------------------------------------------------------------------------------
Finished Renaming Generated Ports : Time (s): cpu = 00:00:20 ; elapsed = 00:00:21 . Memory (MB): peak = 2447.129 ; gain = 730.398 ; free physical = 451497 ; free virtual = 1000616
Synthesis current peak Physical Memory [PSS] (MB): peak = 1796.079; parent = 1623.412; children = 172.862
Synthesis current peak Virtual Memory [VSS] (MB): peak = 3437.988; parent = 2447.133; children = 990.855
---------------------------------------------------------------------------------
---------------------------------------------------------------------------------
Start Handling Custom Attributes
---------------------------------------------------------------------------------
---------------------------------------------------------------------------------
Finished Handling Custom Attributes : Time (s): cpu = 00:00:20 ; elapsed = 00:00:21 . Memory (MB): peak = 2447.129 ; gain = 730.398 ; free physical = 451498 ; free virtual = 1000617
Synthesis current peak Physical Memory [PSS] (MB): peak = 1796.095; parent = 1623.428; children = 172.862
Synthesis current peak Virtual Memory [VSS] (MB): peak = 3437.988; parent = 2447.133; children = 990.855
---------------------------------------------------------------------------------
---------------------------------------------------------------------------------
Start Renaming Generated Nets
---------------------------------------------------------------------------------
---------------------------------------------------------------------------------
Finished Renaming Generated Nets : Time (s): cpu = 00:00:20 ; elapsed = 00:00:21 . Memory (MB): peak = 2447.129 ; gain = 730.398 ; free physical = 451498 ; free virtual = 1000617
Synthesis current peak Physical Memory [PSS] (MB): peak = 1796.110; parent = 1623.443; children = 172.862
Synthesis current peak Virtual Memory [VSS] (MB): peak = 3437.988; parent = 2447.133; children = 990.855
---------------------------------------------------------------------------------
---------------------------------------------------------------------------------
Start Writing Synthesis Report
---------------------------------------------------------------------------------

Report BlackBoxes: 
+-+--------------+----------+
| |BlackBox name |Instances |
+-+--------------+----------+
+-+--------------+----------+

Report Cell Usage: 
+------+-------+------+
|      |Cell   |Count |
+------+-------+------+
|1     |BUFG   |     1|
|2     |CARRY4 |     8|
|3     |LUT1   |    16|
|4     |FDCE   |    29|
|5     |IBUF   |    17|
|6     |OBUF   |    29|
+------+-------+------+

Report Instance Areas: 
+------+---------+-------+------+
|      |Instance |Module |Cells |
+------+---------+-------+------+
|1     |top      |       |   100|
+------+---------+-------+------+
---------------------------------------------------------------------------------
Finished Writing Synthesis Report : Time (s): cpu = 00:00:20 ; elapsed = 00:00:21 . Memory (MB): peak = 2447.129 ; gain = 730.398 ; free physical = 451498 ; free virtual = 1000617
Synthesis current peak Physical Memory [PSS] (MB): peak = 1796.157; parent = 1623.490; children = 172.862
Synthesis current peak Virtual Memory [VSS] (MB): peak = 3437.988; parent = 2447.133; children = 990.855
---------------------------------------------------------------------------------
Synthesis finished with 0 errors, 0 critical warnings and 1 warnings.
Synthesis Optimization Runtime : Time (s): cpu = 00:00:20 ; elapsed = 00:00:21 . Memory (MB): peak = 2447.129 ; gain = 730.398 ; free physical = 451508 ; free virtual = 1000627
Synthesis Optimization Complete : Time (s): cpu = 00:00:20 ; elapsed = 00:00:21 . Memory (MB): peak = 2447.137 ; gain = 730.398 ; free physical = 451509 ; free virtual = 1000628
INFO: [Project 1-571] Translating synthesized netlist
Netlist sorting complete. Time (s): cpu = 00:00:00 ; elapsed = 00:00:00 . Memory (MB): peak = 2457.035 ; gain = 0.000 ; free physical = 451604 ; free virtual = 1000723
INFO: [Netlist 29-17] Analyzing 8 Unisim elements for replacement
INFO: [Netlist 29-28] Unisim Transformation completed in 0 CPU seconds
INFO: [Project 1-570] Preparing netlist for logic optimization
INFO: [Opt 31-138] Pushed 0 inverter(s) to 0 load pin(s).
Netlist sorting complete. Time (s): cpu = 00:00:00 ; elapsed = 00:00:00.01 . Memory (MB): peak = 2555.598 ; gain = 0.000 ; free physical = 451511 ; free virtual = 1000630
INFO: [Project 1-111] Unisim Transformation Summary:
No Unisim elements were transformed.

Synth Design complete, checksum: 221e36f8
INFO: [Common 17-83] Releasing license: Synthesis
20 Infos, 1 Warnings, 0 Critical Warnings and 0 Errors encountered.
synth_design completed successfully
synth_design: Time (s): cpu = 00:00:27 ; elapsed = 00:00:25 . Memory (MB): peak = 2555.598 ; gain = 847.809 ; free physical = 451711 ; free virtual = 1000830
INFO: [Common 17-1381] The checkpoint '/home/kawada/count/count.runs/synth_1/counter.dcp' has been generated.
INFO: [runtcl-4] Executing : report_utilization -file counter_utilization_synth.rpt -pb counter_utilization_synth.pb
INFO: [Common 17-206] Exiting Vivado at Mon Jan  8 15:41:58 2024...
